[2020/8/24 14:47:01 , Normal] ->  
 [2020/8/24 14:47:05 , Erro] -> 程序运行错误:System.InvalidOperationException: 端口被关闭。
   在 System.IO.Ports.SerialPort.Write(Byte[] buffer, Int32 offset, Int32 count)
   在 SerialControlLib.SerialControl.Send(SerialRequest request)
   在 ControlLib.ControlCom.Send(Commands command, List`1 datas) 位置 F:\ctest\InjectorAutomation\InjectorAutomation\ControlLib\ControlCom.cs:行号 119
   在 ControlLib.ControlCom.ControlSpeed(String sta) 位置 F:\ctest\InjectorAutomation\InjectorAutomation\ControlLib\ControlCom.cs:行号 394
   在 TaskInvokeLib.TaskInvoke.ControlSp(String sta) 位置 F:\ctest\InjectorAutomation\InjectorAutomation\TaskInvokeLib\TaskInvoke.cs:行号 203
   在 InjectorMainWindow.MainWindow.ChangedSv(Object sender, RoutedPropertyChangedEventArgs`1 e) 位置 F:\ctest\InjectorAutomation\InjectorAutomation\InjectorMainWindow\MainWindow.xaml.cs:行号 682
   在 System.Windows.RoutedEventArgs.InvokeHandler(Delegate handler, Object target)
   在 System.Windows.RoutedEventHandlerInfo.InvokeHandler(Object target, RoutedEventArgs routedEventArgs)
   在 System.Windows.EventRoute.InvokeHandlersImpl(Object source, RoutedEventArgs args, Boolean reRaised)
   在 System.Windows.UIElement.RaiseEventImpl(DependencyObject sender, RoutedEventArgs args)
   在 System.Windows.Controls.Slider.OnValueChanged(Double oldValue, Double newValue)
   在 System.Windows.Controls.Primitives.RangeBase.OnValueChanged(DependencyObject d, DependencyPropertyChangedEventArgs e)
   在 System.Windows.DependencyObject.OnPropertyChanged(DependencyPropertyChangedEventArgs e)
   在 System.Windows.FrameworkElement.OnPropertyChanged(DependencyPropertyChangedEventArgs e)
   在 System.Windows.DependencyObject.NotifyPropertyChange(DependencyPropertyChangedEventArgs args)
   在 System.Windows.DependencyObject.UpdateEffectiveValue(EntryIndex entryIndex, DependencyProperty dp, PropertyMetadata metadata, EffectiveValueEntry oldEntry, EffectiveValueEntry& newEntry, Boolean coerceWithDeferredReference, Boolean coerceWithCurrentValue, OperationType operationType)
   在 System.Windows.DependencyObject.SetValueCommon(DependencyProperty dp, Object value, PropertyMetadata metadata, Boolean coerceWithDeferredReference, Boolean coerceWithCurrentValue, OperationType operationType, Boolean isInternal)
   在 System.Windows.DependencyObject.SetCurrentValueInternal(DependencyProperty dp, Object value)
   在 System.Windows.Controls.Slider.MoveToNextTick(Double direction)
   在 System.Windows.Controls.Slider.OnIncreaseLargeCommand(Object sender, ExecutedRoutedEventArgs e)
   在 System.Windows.Input.CommandBinding.OnExecuted(Object sender, ExecutedRoutedEventArgs e)
   在 System.Windows.Input.CommandManager.ExecuteCommandBinding(Object sender, ExecutedRoutedEventArgs e, CommandBinding commandBinding)
   在 System.Windows.Input.CommandManager.FindCommandBinding(Object sender, RoutedEventArgs e, ICommand command, Boolean execute)
   在 System.Windows.Input.CommandManager.OnExecuted(Object sender, ExecutedRoutedEventArgs e)
   在 System.Windows.RoutedEventArgs.InvokeHandler(Delegate handler, Object target)
   在 System.Windows.RoutedEventHandlerInfo.InvokeHandler(Object target, RoutedEventArgs routedEventArgs)
   在 System.Windows.EventRoute.InvokeHandlersImpl(Object source, RoutedEventArgs args, Boolean reRaised)
   在 System.Windows.UIElement.RaiseEventImpl(DependencyObject sender, RoutedEventArgs args)
   在 System.Windows.Input.RoutedCommand.ExecuteImpl(Object parameter, IInputElement target, Boolean userInitiated)
   在 MS.Internal.Commands.CommandHelpers.CriticalExecuteCommandSource(ICommandSource commandSource, Boolean userInitiated)
   在 System.Windows.Controls.Primitives.ButtonBase.OnClick()
   在 System.Windows.Controls.Primitives.ButtonBase.OnMouseLeftButtonDown(MouseButtonEventArgs e)
   在 System.Windows.Controls.Primitives.RepeatButton.OnMouseLeftButtonDown(MouseButtonEventArgs e)
   在 System.Windows.RoutedEventArgs.InvokeHandler(Delegate handler, Object target)
   在 System.Windows.RoutedEventHandlerInfo.InvokeHandler(Object target, RoutedEventArgs routedEventArgs)
   在 System.Windows.EventRoute.InvokeHandlersImpl(Object source, RoutedEventArgs args, Boolean reRaised)
   在 System.Windows.UIElement.ReRaiseEventAs(DependencyObject sender, RoutedEventArgs args, RoutedEvent newEvent)
   在 System.Windows.UIElement.OnMouseDownThunk(Object sender, MouseButtonEventArgs e)
   在 System.Windows.RoutedEventArgs.InvokeHandler(Delegate handler, Object target)
   在 System.Windows.RoutedEventHandlerInfo.InvokeHandler(Object target, RoutedEventArgs routedEventArgs)
   在 System.Windows.EventRoute.InvokeHandlersImpl(Object source, RoutedEventArgs args, Boolean reRaised)
   在 System.Windows.UIElement.RaiseEventImpl(DependencyObject sender, RoutedEventArgs args)
   在 System.Windows.UIElement.RaiseTrustedEvent(RoutedEventArgs args)
   在 System.Windows.Input.InputManager.ProcessStagingArea()
   在 System.Windows.Input.InputManager.ProcessInput(InputEventArgs input)
   在 System.Windows.Input.InputProviderSite.ReportInput(InputReport inputReport)
   在 System.Windows.Interop.HwndMouseInputProvider.ReportInput(IntPtr hwnd, InputMode mode, Int32 timestamp, RawMouseActions actions, Int32 x, Int32 y, Int32 wheel)
   在 System.Windows.Interop.HwndMouseInputProvider.FilterMessage(IntPtr hwnd, WindowMessage msg, IntPtr wParam, IntPtr lParam, Boolean& handled)
   在 System.Windows.Interop.HwndSource.InputFilterMessage(IntPtr hwnd, Int32 msg, IntPtr wParam, IntPtr lParam, Boolean& handled)
   在 MS.Win32.HwndWrapper.WndProc(IntPtr hwnd, Int32 msg, IntPtr wParam, IntPtr lParam, Boolean& handled)
   在 MS.Win32.HwndSubclass.DispatcherCallbackOperation(Object o)
   在 System.Windows.Threading.ExceptionWrapper.InternalRealCall(Delegate callback, Object args, Int32 numArgs)
   在 System.Windows.Threading.ExceptionWrapper.TryCatchWhen(Object source, Delegate callback, Object args, Int32 numArgs, Delegate catchHandler)
   在 System.Windows.Threading.Dispatcher.LegacyInvokeImpl(DispatcherPriority priority, TimeSpan timeout, Delegate method, Object args, Int32 numArgs)
   在 MS.Win32.HwndSubclass.SubclassWndProc(IntPtr hwnd, Int32 msg, IntPtr wParam, IntPtr lParam)
   在 MS.Win32.UnsafeNativeMethods.DispatchMessage(MSG& msg)
   在 System.Windows.Threading.Dispatcher.PushFrameImpl(DispatcherFrame frame)
   在 System.Windows.Window.ShowHelper(Object booleanBox)
   在 System.Windows.Window.ShowDialog()
   在 InjectorMainWindow.MainWindow.ShowWindow() 位置 F:\ctest\InjectorAutomation\InjectorAutomation\InjectorMainWindow\MainWindow.xaml.cs:行号 152
   在 InjectorAutomation.Program.Main(String[] args) 位置 F:\ctest\InjectorAutomation\InjectorAutomation\InjectorAutomation\Program.cs:行号 81 
 [2020/8/24 14:47:07 , Normal] ->  
 [2020/8/24 14:47:11 , Erro] -> 程序运行错误:System.InvalidOperationException: 端口被关闭。
   在 System.IO.Ports.SerialPort.Write(Byte[] buffer, Int32 offset, Int32 count)
   在 SerialControlLib.SerialControl.Send(SerialRequest request)
   在 ControlLib.ControlCom.Send(Commands command, List`1 datas) 位置 F:\ctest\InjectorAutomation\InjectorAutomation\ControlLib\ControlCom.cs:行号 119
   在 ControlLib.ControlCom.ControlSpeed(String sta) 位置 F:\ctest\InjectorAutomation\InjectorAutomation\ControlLib\ControlCom.cs:行号 394
   在 TaskInvokeLib.TaskInvoke.ControlSp(String sta) 位置 F:\ctest\InjectorAutomation\InjectorAutomation\TaskInvokeLib\TaskInvoke.cs:行号 203
   在 InjectorMainWindow.MainWindow.ChangedSv(Object sender, RoutedPropertyChangedEventArgs`1 e) 位置 F:\ctest\InjectorAutomation\InjectorAutomation\InjectorMainWindow\MainWindow.xaml.cs:行号 682
   在 System.Windows.RoutedEventArgs.InvokeHandler(Delegate handler, Object target)
   在 System.Windows.RoutedEventHandlerInfo.InvokeHandler(Object target, RoutedEventArgs routedEventArgs)
   在 System.Windows.EventRoute.InvokeHandlersImpl(Object source, RoutedEventArgs args, Boolean reRaised)
   在 System.Windows.UIElement.RaiseEventImpl(DependencyObject sender, RoutedEventArgs args)
   在 System.Windows.Controls.Slider.OnValueChanged(Double oldValue, Double newValue)
   在 System.Windows.Controls.Primitives.RangeBase.OnValueChanged(DependencyObject d, DependencyPropertyChangedEventArgs e)
   在 System.Windows.DependencyObject.OnPropertyChanged(DependencyPropertyChangedEventArgs e)
   在 System.Windows.FrameworkElement.OnPropertyChanged(DependencyPropertyChangedEventArgs e)
   在 System.Windows.DependencyObject.NotifyPropertyChange(DependencyPropertyChangedEventArgs args)
   在 System.Windows.DependencyObject.UpdateEffectiveValue(EntryIndex entryIndex, DependencyProperty dp, PropertyMetadata metadata, EffectiveValueEntry oldEntry, EffectiveValueEntry& newEntry, Boolean coerceWithDeferredReference, Boolean coerceWithCurrentValue, OperationType operationType)
   在 System.Windows.DependencyObject.SetValueCommon(DependencyProperty dp, Object value, PropertyMetadata metadata, Boolean coerceWithDeferredReference, Boolean coerceWithCurrentValue, OperationType operationType, Boolean isInternal)
   在 System.Windows.DependencyObject.SetCurrentValueInternal(DependencyProperty dp, Object value)
   在 System.Windows.Controls.Slider.MoveToNextTick(Double direction)
   在 System.Windows.Controls.Slider.OnIncreaseLargeCommand(Object sender, ExecutedRoutedEventArgs e)
   在 System.Windows.Input.CommandBinding.OnExecuted(Object sender, ExecutedRoutedEventArgs e)
   在 System.Windows.Input.CommandManager.ExecuteCommandBinding(Object sender, ExecutedRoutedEventArgs e, CommandBinding commandBinding)
   在 System.Windows.Input.CommandManager.FindCommandBinding(Object sender, RoutedEventArgs e, ICommand command, Boolean execute)
   在 System.Windows.Input.CommandManager.OnExecuted(Object sender, ExecutedRoutedEventArgs e)
   在 System.Windows.RoutedEventArgs.InvokeHandler(Delegate handler, Object target)
   在 System.Windows.RoutedEventHandlerInfo.InvokeHandler(Object target, RoutedEventArgs routedEventArgs)
   在 System.Windows.EventRoute.InvokeHandlersImpl(Object source, RoutedEventArgs args, Boolean reRaised)
   在 System.Windows.UIElement.RaiseEventImpl(DependencyObject sender, RoutedEventArgs args)
   在 System.Windows.Input.RoutedCommand.ExecuteImpl(Object parameter, IInputElement target, Boolean userInitiated)
   在 MS.Internal.Commands.CommandHelpers.CriticalExecuteCommandSource(ICommandSource commandSource, Boolean userInitiated)
   在 System.Windows.Controls.Primitives.ButtonBase.OnClick()
   在 System.Windows.Controls.Primitives.ButtonBase.OnMouseLeftButtonDown(MouseButtonEventArgs e)
   在 System.Windows.Controls.Primitives.RepeatButton.OnMouseLeftButtonDown(MouseButtonEventArgs e)
   在 System.Windows.RoutedEventArgs.InvokeHandler(Delegate handler, Object target)
   在 System.Windows.RoutedEventHandlerInfo.InvokeHandler(Object target, RoutedEventArgs routedEventArgs)
   在 System.Windows.EventRoute.InvokeHandlersImpl(Object source, RoutedEventArgs args, Boolean reRaised)
   在 System.Windows.UIElement.ReRaiseEventAs(DependencyObject sender, RoutedEventArgs args, RoutedEvent newEvent)
   在 System.Windows.UIElement.OnMouseDownThunk(Object sender, MouseButtonEventArgs e)
   在 System.Windows.RoutedEventArgs.InvokeHandler(Delegate handler, Object target)
   在 System.Windows.RoutedEventHandlerInfo.InvokeHandler(Object target, RoutedEventArgs routedEventArgs)
   在 System.Windows.EventRoute.InvokeHandlersImpl(Object source, RoutedEventArgs args, Boolean reRaised)
   在 System.Windows.UIElement.RaiseEventImpl(DependencyObject sender, RoutedEventArgs args)
   在 System.Windows.UIElement.RaiseTrustedEvent(RoutedEventArgs args)
   在 System.Windows.Input.InputManager.ProcessStagingArea()
   在 System.Windows.Input.InputManager.ProcessInput(InputEventArgs input)
   在 System.Windows.Input.InputProviderSite.ReportInput(InputReport inputReport)
   在 System.Windows.Interop.HwndMouseInputProvider.ReportInput(IntPtr hwnd, InputMode mode, Int32 timestamp, RawMouseActions actions, Int32 x, Int32 y, Int32 wheel)
   在 System.Windows.Interop.HwndMouseInputProvider.FilterMessage(IntPtr hwnd, WindowMessage msg, IntPtr wParam, IntPtr lParam, Boolean& handled)
   在 System.Windows.Interop.HwndSource.InputFilterMessage(IntPtr hwnd, Int32 msg, IntPtr wParam, IntPtr lParam, Boolean& handled)
   在 MS.Win32.HwndWrapper.WndProc(IntPtr hwnd, Int32 msg, IntPtr wParam, IntPtr lParam, Boolean& handled)
   在 MS.Win32.HwndSubclass.DispatcherCallbackOperation(Object o)
   在 System.Windows.Threading.ExceptionWrapper.InternalRealCall(Delegate callback, Object args, Int32 numArgs)
   在 System.Windows.Threading.ExceptionWrapper.TryCatchWhen(Object source, Delegate callback, Object args, Int32 numArgs, Delegate catchHandler)
   在 System.Windows.Threading.Dispatcher.LegacyInvokeImpl(DispatcherPriority priority, TimeSpan timeout, Delegate method, Object args, Int32 numArgs)
   在 MS.Win32.HwndSubclass.SubclassWndProc(IntPtr hwnd, Int32 msg, IntPtr wParam, IntPtr lParam)
   在 MS.Win32.UnsafeNativeMethods.DispatchMessage(MSG& msg)
   在 System.Windows.Threading.Dispatcher.PushFrameImpl(DispatcherFrame frame)
   在 System.Windows.Window.ShowHelper(Object booleanBox)
   在 System.Windows.Window.ShowDialog()
   在 InjectorMainWindow.MainWindow.ShowWindow() 位置 F:\ctest\InjectorAutomation\InjectorAutomation\InjectorMainWindow\MainWindow.xaml.cs:行号 152
   在 InjectorAutomation.Program.Main(String[] args) 位置 F:\ctest\InjectorAutomation\InjectorAutomation\InjectorAutomation\Program.cs:行号 81 
 [2020/8/24 14:49:19 , Normal] ->  
 [2020/8/24 14:49:22 , Erro] -> 程序运行错误:System.Reflection.TargetInvocationException: 调用的目标发生了异常。 ---> System.InvalidOperationException: 端口被关闭。
   在 System.IO.Ports.SerialPort.Write(Byte[] buffer, Int32 offset, Int32 count)
   在 SerialControlLib.SerialControl.Send(SerialRequest request)
   在 ControlLib.ControlCom.Send(Commands command, List`1 datas) 位置 F:\ctest\InjectorAutomation\InjectorAutomation\ControlLib\ControlCom.cs:行号 119
   在 ControlLib.ControlCom.GetHorizontalB() 位置 F:\ctest\InjectorAutomation\InjectorAutomation\ControlLib\ControlCom.cs:行号 234
   在 TaskInvokeLib.TaskInvoke.MoveHorizontalLeftB(Int32 distance) 位置 F:\ctest\InjectorAutomation\InjectorAutomation\TaskInvokeLib\TaskInvoke.Interface.cs:行号 61
   --- 内部异常堆栈跟踪的结尾 ---
   在 System.RuntimeMethodHandle.InvokeMethod(Object target, Object[] arguments, Signature sig, Boolean constructor)
   在 System.Reflection.RuntimeMethodInfo.UnsafeInvokeInternal(Object obj, Object[] parameters, Object[] arguments)
   在 System.Reflection.RuntimeMethodInfo.Invoke(Object obj, BindingFlags invokeAttr, Binder binder, Object[] parameters, CultureInfo culture)
   在 System.Reflection.MethodBase.Invoke(Object obj, Object[] parameters)
   在 TaskInvokeLib.TaskInvoke.DoInterface(String url, DoTaskParameterItem parameterItem) 位置 F:\ctest\InjectorAutomation\InjectorAutomation\TaskInvokeLib\TaskInvoke.cs:行号 85
   在 InjectorMainWindow.MainWindow.MoveLeftB(Object sender, RoutedEventArgs e) 位置 F:\ctest\InjectorAutomation\InjectorAutomation\InjectorMainWindow\MainWindow.xaml.cs:行号 560
   在 System.Windows.EventRoute.InvokeHandlersImpl(Object source, RoutedEventArgs args, Boolean reRaised)
   在 System.Windows.UIElement.RaiseEventImpl(DependencyObject sender, RoutedEventArgs args)
   在 System.Windows.Controls.Primitives.ButtonBase.OnClick()
   在 System.Windows.Controls.Button.OnClick()
   在 System.Windows.Controls.Primitives.ButtonBase.OnMouseLeftButtonUp(MouseButtonEventArgs e)
   在 System.Windows.RoutedEventArgs.InvokeHandler(Delegate handler, Object target)
   在 System.Windows.RoutedEventHandlerInfo.InvokeHandler(Object target, RoutedEventArgs routedEventArgs)
   在 System.Windows.EventRoute.InvokeHandlersImpl(Object source, RoutedEventArgs args, Boolean reRaised)
   在 System.Windows.UIElement.ReRaiseEventAs(DependencyObject sender, RoutedEventArgs args, RoutedEvent newEvent)
   在 System.Windows.UIElement.OnMouseUpThunk(Object sender, MouseButtonEventArgs e)
   在 System.Windows.RoutedEventArgs.InvokeHandler(Delegate handler, Object target)
   在 System.Windows.RoutedEventHandlerInfo.InvokeHandler(Object target, RoutedEventArgs routedEventArgs)
   在 System.Windows.EventRoute.InvokeHandlersImpl(Object source, RoutedEventArgs args, Boolean reRaised)
   在 System.Windows.UIElement.RaiseEventImpl(DependencyObject sender, RoutedEventArgs args)
   在 System.Windows.UIElement.RaiseTrustedEvent(RoutedEventArgs args)
   在 System.Windows.Input.InputManager.ProcessStagingArea()
   在 System.Windows.Input.InputManager.ProcessInput(InputEventArgs input)
   在 System.Windows.Input.InputProviderSite.ReportInput(InputReport inputReport)
   在 System.Windows.Interop.HwndMouseInputProvider.ReportInput(IntPtr hwnd, InputMode mode, Int32 timestamp, RawMouseActions actions, Int32 x, Int32 y, Int32 wheel)
   在 System.Windows.Interop.HwndMouseInputProvider.FilterMessage(IntPtr hwnd, WindowMessage msg, IntPtr wParam, IntPtr lParam, Boolean& handled)
   在 System.Windows.Interop.HwndSource.InputFilterMessage(IntPtr hwnd, Int32 msg, IntPtr wParam, IntPtr lParam, Boolean& handled)
   在 MS.Win32.HwndWrapper.WndProc(IntPtr hwnd, Int32 msg, IntPtr wParam, IntPtr lParam, Boolean& handled)
   在 MS.Win32.HwndSubclass.DispatcherCallbackOperation(Object o)
   在 System.Windows.Threading.ExceptionWrapper.InternalRealCall(Delegate callback, Object args, Int32 numArgs)
   在 System.Windows.Threading.ExceptionWrapper.TryCatchWhen(Object source, Delegate callback, Object args, Int32 numArgs, Delegate catchHandler)
   在 System.Windows.Threading.Dispatcher.LegacyInvokeImpl(DispatcherPriority priority, TimeSpan timeout, Delegate method, Object args, Int32 numArgs)
   在 MS.Win32.HwndSubclass.SubclassWndProc(IntPtr hwnd, Int32 msg, IntPtr wParam, IntPtr lParam)
   在 MS.Win32.UnsafeNativeMethods.DispatchMessage(MSG& msg)
   在 System.Windows.Threading.Dispatcher.PushFrameImpl(DispatcherFrame frame)
   在 System.Windows.Window.ShowHelper(Object booleanBox)
   在 System.Windows.Window.ShowDialog()
   在 InjectorMainWindow.MainWindow.ShowWindow() 位置 F:\ctest\InjectorAutomation\InjectorAutomation\InjectorMainWindow\MainWindow.xaml.cs:行号 152
   在 InjectorAutomation.Program.Main(String[] args) 位置 F:\ctest\InjectorAutomation\InjectorAutomation\InjectorAutomation\Program.cs:行号 81 
 [2020/8/24 14:49:28 , Normal] ->  
 [2020/8/24 14:49:40 , Erro] -> 程序运行错误:System.Reflection.TargetInvocationException: 调用的目标发生了异常。 ---> System.InvalidOperationException: 端口被关闭。
   在 System.IO.Ports.SerialPort.Write(Byte[] buffer, Int32 offset, Int32 count)
   在 SerialControlLib.SerialControl.Send(SerialRequest request)
   在 ControlLib.ControlCom.Send(Commands command, List`1 datas) 位置 F:\ctest\InjectorAutomation\InjectorAutomation\ControlLib\ControlCom.cs:行号 119
   在 ControlLib.ControlCom.GetElectricClampB() 位置 F:\ctest\InjectorAutomation\InjectorAutomation\ControlLib\ControlCom.cs:行号 264
   在 TaskInvokeLib.TaskInvoke.ExpendB(Int32 distance) 位置 F:\ctest\InjectorAutomation\InjectorAutomation\TaskInvokeLib\TaskInvoke.Interface.cs:行号 123
   --- 内部异常堆栈跟踪的结尾 ---
   在 System.RuntimeMethodHandle.InvokeMethod(Object target, Object[] arguments, Signature sig, Boolean constructor)
   在 System.Reflection.RuntimeMethodInfo.UnsafeInvokeInternal(Object obj, Object[] parameters, Object[] arguments)
   在 System.Reflection.RuntimeMethodInfo.Invoke(Object obj, BindingFlags invokeAttr, Binder binder, Object[] parameters, CultureInfo culture)
   在 System.Reflection.MethodBase.Invoke(Object obj, Object[] parameters)
   在 TaskInvokeLib.TaskInvoke.DoInterface(String url, DoTaskParameterItem parameterItem) 位置 F:\ctest\InjectorAutomation\InjectorAutomation\TaskInvokeLib\TaskInvoke.cs:行号 85
   在 InjectorMainWindow.MainWindow.ExpendB(Object sender, RoutedEventArgs e) 位置 F:\ctest\InjectorAutomation\InjectorAutomation\InjectorMainWindow\MainWindow.xaml.cs:行号 470
   在 System.Windows.EventRoute.InvokeHandlersImpl(Object source, RoutedEventArgs args, Boolean reRaised)
   在 System.Windows.UIElement.RaiseEventImpl(DependencyObject sender, RoutedEventArgs args)
   在 System.Windows.Controls.Primitives.ButtonBase.OnClick()
   在 System.Windows.Controls.Button.OnClick()
   在 System.Windows.Controls.Primitives.ButtonBase.OnMouseLeftButtonUp(MouseButtonEventArgs e)
   在 System.Windows.RoutedEventArgs.InvokeHandler(Delegate handler, Object target)
   在 System.Windows.RoutedEventHandlerInfo.InvokeHandler(Object target, RoutedEventArgs routedEventArgs)
   在 System.Windows.EventRoute.InvokeHandlersImpl(Object source, RoutedEventArgs args, Boolean reRaised)
   在 System.Windows.UIElement.ReRaiseEventAs(DependencyObject sender, RoutedEventArgs args, RoutedEvent newEvent)
   在 System.Windows.UIElement.OnMouseUpThunk(Object sender, MouseButtonEventArgs e)
   在 System.Windows.RoutedEventArgs.InvokeHandler(Delegate handler, Object target)
   在 System.Windows.RoutedEventHandlerInfo.InvokeHandler(Object target, RoutedEventArgs routedEventArgs)
   在 System.Windows.EventRoute.InvokeHandlersImpl(Object source, RoutedEventArgs args, Boolean reRaised)
   在 System.Windows.UIElement.RaiseEventImpl(DependencyObject sender, RoutedEventArgs args)
   在 System.Windows.UIElement.RaiseTrustedEvent(RoutedEventArgs args)
   在 System.Windows.Input.InputManager.ProcessStagingArea()
   在 System.Windows.Input.InputManager.ProcessInput(InputEventArgs input)
   在 System.Windows.Input.InputProviderSite.ReportInput(InputReport inputReport)
   在 System.Windows.Interop.HwndMouseInputProvider.ReportInput(IntPtr hwnd, InputMode mode, Int32 timestamp, RawMouseActions actions, Int32 x, Int32 y, Int32 wheel)
   在 System.Windows.Interop.HwndMouseInputProvider.FilterMessage(IntPtr hwnd, WindowMessage msg, IntPtr wParam, IntPtr lParam, Boolean& handled)
   在 System.Windows.Interop.HwndSource.InputFilterMessage(IntPtr hwnd, Int32 msg, IntPtr wParam, IntPtr lParam, Boolean& handled)
   在 MS.Win32.HwndWrapper.WndProc(IntPtr hwnd, Int32 msg, IntPtr wParam, IntPtr lParam, Boolean& handled)
   在 MS.Win32.HwndSubclass.DispatcherCallbackOperation(Object o)
   在 System.Windows.Threading.ExceptionWrapper.InternalRealCall(Delegate callback, Object args, Int32 numArgs)
   在 System.Windows.Threading.ExceptionWrapper.TryCatchWhen(Object source, Delegate callback, Object args, Int32 numArgs, Delegate catchHandler)
   在 System.Windows.Threading.Dispatcher.LegacyInvokeImpl(DispatcherPriority priority, TimeSpan timeout, Delegate method, Object args, Int32 numArgs)
   在 MS.Win32.HwndSubclass.SubclassWndProc(IntPtr hwnd, Int32 msg, IntPtr wParam, IntPtr lParam)
   在 MS.Win32.UnsafeNativeMethods.DispatchMessage(MSG& msg)
   在 System.Windows.Threading.Dispatcher.PushFrameImpl(DispatcherFrame frame)
   在 System.Windows.Window.ShowHelper(Object booleanBox)
   在 System.Windows.Window.ShowDialog()
   在 InjectorMainWindow.MainWindow.ShowWindow() 位置 F:\ctest\InjectorAutomation\InjectorAutomation\InjectorMainWindow\MainWindow.xaml.cs:行号 152
   在 InjectorAutomation.Program.Main(String[] args) 位置 F:\ctest\InjectorAutomation\InjectorAutomation\InjectorAutomation\Program.cs:行号 81 
 [2020/8/24 14:49:43 , Normal] ->  
 [2020/8/24 14:49:45 , Erro] -> 程序运行错误:System.Reflection.TargetInvocationException: 调用的目标发生了异常。 ---> System.InvalidOperationException: 端口被关闭。
   在 System.IO.Ports.SerialPort.Write(Byte[] buffer, Int32 offset, Int32 count)
   在 SerialControlLib.SerialControl.Send(SerialRequest request)
   在 ControlLib.ControlCom.Send(Commands command, List`1 datas) 位置 F:\ctest\InjectorAutomation\InjectorAutomation\ControlLib\ControlCom.cs:行号 119
   在 ControlLib.ControlCom.GetVertical() 位置 F:\ctest\InjectorAutomation\InjectorAutomation\ControlLib\ControlCom.cs:行号 244
   在 TaskInvokeLib.TaskInvoke.MoveVectrialDown(Int32 distance) 位置 F:\ctest\InjectorAutomation\InjectorAutomation\TaskInvokeLib\TaskInvoke.Interface.cs:行号 91
   --- 内部异常堆栈跟踪的结尾 ---
   在 System.RuntimeMethodHandle.InvokeMethod(Object target, Object[] arguments, Signature sig, Boolean constructor)
   在 System.Reflection.RuntimeMethodInfo.UnsafeInvokeInternal(Object obj, Object[] parameters, Object[] arguments)
   在 System.Reflection.RuntimeMethodInfo.Invoke(Object obj, BindingFlags invokeAttr, Binder binder, Object[] parameters, CultureInfo culture)
   在 System.Reflection.MethodBase.Invoke(Object obj, Object[] parameters)
   在 TaskInvokeLib.TaskInvoke.DoInterface(String url, DoTaskParameterItem parameterItem) 位置 F:\ctest\InjectorAutomation\InjectorAutomation\TaskInvokeLib\TaskInvoke.cs:行号 85
   在 InjectorMainWindow.MainWindow.MoveDown(Object sender, RoutedEventArgs e) 位置 F:\ctest\InjectorAutomation\InjectorAutomation\InjectorMainWindow\MainWindow.xaml.cs:行号 621
   在 System.Windows.EventRoute.InvokeHandlersImpl(Object source, RoutedEventArgs args, Boolean reRaised)
   在 System.Windows.UIElement.RaiseEventImpl(DependencyObject sender, RoutedEventArgs args)
   在 System.Windows.Controls.Primitives.ButtonBase.OnClick()
   在 System.Windows.Controls.Button.OnClick()
   在 System.Windows.Controls.Primitives.ButtonBase.OnMouseLeftButtonUp(MouseButtonEventArgs e)
   在 System.Windows.RoutedEventArgs.InvokeHandler(Delegate handler, Object target)
   在 System.Windows.RoutedEventHandlerInfo.InvokeHandler(Object target, RoutedEventArgs routedEventArgs)
   在 System.Windows.EventRoute.InvokeHandlersImpl(Object source, RoutedEventArgs args, Boolean reRaised)
   在 System.Windows.UIElement.ReRaiseEventAs(DependencyObject sender, RoutedEventArgs args, RoutedEvent newEvent)
   在 System.Windows.UIElement.OnMouseUpThunk(Object sender, MouseButtonEventArgs e)
   在 System.Windows.RoutedEventArgs.InvokeHandler(Delegate handler, Object target)
   在 System.Windows.RoutedEventHandlerInfo.InvokeHandler(Object target, RoutedEventArgs routedEventArgs)
   在 System.Windows.EventRoute.InvokeHandlersImpl(Object source, RoutedEventArgs args, Boolean reRaised)
   在 System.Windows.UIElement.RaiseEventImpl(DependencyObject sender, RoutedEventArgs args)
   在 System.Windows.UIElement.RaiseTrustedEvent(RoutedEventArgs args)
   在 System.Windows.Input.InputManager.ProcessStagingArea()
   在 System.Windows.Input.InputManager.ProcessInput(InputEventArgs input)
   在 System.Windows.Input.InputProviderSite.ReportInput(InputReport inputReport)
   在 System.Windows.Interop.HwndMouseInputProvider.ReportInput(IntPtr hwnd, InputMode mode, Int32 timestamp, RawMouseActions actions, Int32 x, Int32 y, Int32 wheel)
   在 System.Windows.Interop.HwndMouseInputProvider.FilterMessage(IntPtr hwnd, WindowMessage msg, IntPtr wParam, IntPtr lParam, Boolean& handled)
   在 System.Windows.Interop.HwndSource.InputFilterMessage(IntPtr hwnd, Int32 msg, IntPtr wParam, IntPtr lParam, Boolean& handled)
   在 MS.Win32.HwndWrapper.WndProc(IntPtr hwnd, Int32 msg, IntPtr wParam, IntPtr lParam, Boolean& handled)
   在 MS.Win32.HwndSubclass.DispatcherCallbackOperation(Object o)
   在 System.Windows.Threading.ExceptionWrapper.InternalRealCall(Delegate callback, Object args, Int32 numArgs)
   在 System.Windows.Threading.ExceptionWrapper.TryCatchWhen(Object source, Delegate callback, Object args, Int32 numArgs, Delegate catchHandler)
   在 System.Windows.Threading.Dispatcher.LegacyInvokeImpl(DispatcherPriority priority, TimeSpan timeout, Delegate method, Object args, Int32 numArgs)
   在 MS.Win32.HwndSubclass.SubclassWndProc(IntPtr hwnd, Int32 msg, IntPtr wParam, IntPtr lParam)
   在 MS.Win32.UnsafeNativeMethods.DispatchMessage(MSG& msg)
   在 System.Windows.Threading.Dispatcher.PushFrameImpl(DispatcherFrame frame)
   在 System.Windows.Window.ShowHelper(Object booleanBox)
   在 System.Windows.Window.ShowDialog()
   在 InjectorMainWindow.MainWindow.ShowWindow() 位置 F:\ctest\InjectorAutomation\InjectorAutomation\InjectorMainWindow\MainWindow.xaml.cs:行号 152
   在 InjectorAutomation.Program.Main(String[] args) 位置 F:\ctest\InjectorAutomation\InjectorAutomation\InjectorAutomation\Program.cs:行号 81 
 [2020/8/24 14:49:47 , Normal] ->  
 [2020/8/24 14:49:50 , Erro] -> 程序运行错误:System.Reflection.TargetInvocationException: 调用的目标发生了异常。 ---> System.InvalidOperationException: 端口被关闭。
   在 System.IO.Ports.SerialPort.Write(Byte[] buffer, Int32 offset, Int32 count)
   在 SerialControlLib.SerialControl.Send(SerialRequest request)
   在 ControlLib.ControlCom.Send(Commands command, List`1 datas) 位置 F:\ctest\InjectorAutomation\InjectorAutomation\ControlLib\ControlCom.cs:行号 119
   在 ControlLib.ControlCom.GetVertical() 位置 F:\ctest\InjectorAutomation\InjectorAutomation\ControlLib\ControlCom.cs:行号 244
   在 TaskInvokeLib.TaskInvoke.MoveVectrialUp(Int32 distance) 位置 F:\ctest\InjectorAutomation\InjectorAutomation\TaskInvokeLib\TaskInvoke.Interface.cs:行号 76
   --- 内部异常堆栈跟踪的结尾 ---
   在 System.RuntimeMethodHandle.InvokeMethod(Object target, Object[] arguments, Signature sig, Boolean constructor)
   在 System.Reflection.RuntimeMethodInfo.UnsafeInvokeInternal(Object obj, Object[] parameters, Object[] arguments)
   在 System.Reflection.RuntimeMethodInfo.Invoke(Object obj, BindingFlags invokeAttr, Binder binder, Object[] parameters, CultureInfo culture)
   在 System.Reflection.MethodBase.Invoke(Object obj, Object[] parameters)
   在 TaskInvokeLib.TaskInvoke.DoInterface(String url, DoTaskParameterItem parameterItem) 位置 F:\ctest\InjectorAutomation\InjectorAutomation\TaskInvokeLib\TaskInvoke.cs:行号 85
   在 InjectorMainWindow.MainWindow.MoveUp(Object sender, RoutedEventArgs e) 位置 F:\ctest\InjectorAutomation\InjectorAutomation\InjectorMainWindow\MainWindow.xaml.cs:行号 590
   在 System.Windows.EventRoute.InvokeHandlersImpl(Object source, RoutedEventArgs args, Boolean reRaised)
   在 System.Windows.UIElement.RaiseEventImpl(DependencyObject sender, RoutedEventArgs args)
   在 System.Windows.Controls.Primitives.ButtonBase.OnClick()
   在 System.Windows.Controls.Button.OnClick()
   在 System.Windows.Controls.Primitives.ButtonBase.OnMouseLeftButtonUp(MouseButtonEventArgs e)
   在 System.Windows.RoutedEventArgs.InvokeHandler(Delegate handler, Object target)
   在 System.Windows.RoutedEventHandlerInfo.InvokeHandler(Object target, RoutedEventArgs routedEventArgs)
   在 System.Windows.EventRoute.InvokeHandlersImpl(Object source, RoutedEventArgs args, Boolean reRaised)
   在 System.Windows.UIElement.ReRaiseEventAs(DependencyObject sender, RoutedEventArgs args, RoutedEvent newEvent)
   在 System.Windows.UIElement.OnMouseUpThunk(Object sender, MouseButtonEventArgs e)
   在 System.Windows.RoutedEventArgs.InvokeHandler(Delegate handler, Object target)
   在 System.Windows.RoutedEventHandlerInfo.InvokeHandler(Object target, RoutedEventArgs routedEventArgs)
   在 System.Windows.EventRoute.InvokeHandlersImpl(Object source, RoutedEventArgs args, Boolean reRaised)
   在 System.Windows.UIElement.RaiseEventImpl(DependencyObject sender, RoutedEventArgs args)
   在 System.Windows.UIElement.RaiseTrustedEvent(RoutedEventArgs args)
   在 System.Windows.Input.InputManager.ProcessStagingArea()
   在 System.Windows.Input.InputManager.ProcessInput(InputEventArgs input)
   在 System.Windows.Input.InputProviderSite.ReportInput(InputReport inputReport)
   在 System.Windows.Interop.HwndMouseInputProvider.ReportInput(IntPtr hwnd, InputMode mode, Int32 timestamp, RawMouseActions actions, Int32 x, Int32 y, Int32 wheel)
   在 System.Windows.Interop.HwndMouseInputProvider.FilterMessage(IntPtr hwnd, WindowMessage msg, IntPtr wParam, IntPtr lParam, Boolean& handled)
   在 System.Windows.Interop.HwndSource.InputFilterMessage(IntPtr hwnd, Int32 msg, IntPtr wParam, IntPtr lParam, Boolean& handled)
   在 MS.Win32.HwndWrapper.WndProc(IntPtr hwnd, Int32 msg, IntPtr wParam, IntPtr lParam, Boolean& handled)
   在 MS.Win32.HwndSubclass.DispatcherCallbackOperation(Object o)
   在 System.Windows.Threading.ExceptionWrapper.InternalRealCall(Delegate callback, Object args, Int32 numArgs)
   在 System.Windows.Threading.ExceptionWrapper.TryCatchWhen(Object source, Delegate callback, Object args, Int32 numArgs, Delegate catchHandler)
   在 System.Windows.Threading.Dispatcher.LegacyInvokeImpl(DispatcherPriority priority, TimeSpan timeout, Delegate method, Object args, Int32 numArgs)
   在 MS.Win32.HwndSubclass.SubclassWndProc(IntPtr hwnd, Int32 msg, IntPtr wParam, IntPtr lParam)
   在 MS.Win32.UnsafeNativeMethods.DispatchMessage(MSG& msg)
   在 System.Windows.Threading.Dispatcher.PushFrameImpl(DispatcherFrame frame)
   在 System.Windows.Window.ShowHelper(Object booleanBox)
   在 System.Windows.Window.ShowDialog()
   在 InjectorMainWindow.MainWindow.ShowWindow() 位置 F:\ctest\InjectorAutomation\InjectorAutomation\InjectorMainWindow\MainWindow.xaml.cs:行号 152
   在 InjectorAutomation.Program.Main(String[] args) 位置 F:\ctest\InjectorAutomation\InjectorAutomation\InjectorAutomation\Program.cs:行号 81 
 [2020/8/24 14:51:14 , Normal] ->  
 [2020/8/24 14:51:35 , Normal] ->  
 [2020/8/24 15:22:07 , Normal] ->  
 [2020/8/24 16:57:02 , Normal] ->  
 