[2020/8/21 16:43:23 , Normal] -> 添加路由! 
 [2020/8/21 16:43:23 , Normal] -> 服务器启动成功 
 [2020/8/21 16:43:23 , Normal] -> 连接控制成功 
 [2020/8/21 17:54:00 , Normal] -> 添加路由! 
 [2020/8/21 17:54:00 , Normal] -> 服务器启动成功 
 [2020/8/21 17:54:00 , Normal] -> 连接控制成功 
 [2020/8/21 18:03:41 , Normal] -> 添加路由! 
 [2020/8/21 18:03:41 , Normal] -> 服务器启动成功 
 [2020/8/21 18:03:42 , Normal] -> 连接控制成功 
 [2020/8/21 18:03:58 , Normal] -> 接受数据 : EE,30,01,00,1F,FF, 
 [2020/8/21 18:04:06 , Normal] -> 连接设备失败 
 [2020/8/21 18:04:06 , Erro] -> System.IndexOutOfRangeException: 索引超出了数组界限。
   在 ControlLib.ControlCom.ControlSystemLED(String colo) 位置 F:\ctest\InjectorAutomation\InjectorAutomation\ControlLib\ControlCom.cs:行号 309
   在 TaskInvokeLib.TaskInvoke.Link(String ip, Int32 port) 位置 F:\ctest\InjectorAutomation\InjectorAutomation\TaskInvokeLib\TaskInvoke.cs:行号 152 
 [2020/8/21 18:04:42 , Normal] -> 接受数据 : EE,45,03,00,00,00,36,FF, 
 [2020/8/21 18:09:07 , Normal] -> 添加路由! 
 [2020/8/21 18:09:07 , Normal] -> 服务器启动成功 
 [2020/8/21 18:09:08 , Normal] -> 连接控制成功 
 [2020/8/21 18:09:10 , Normal] -> 接受数据 : EE,30,01,00,1F,FF, 
 [2020/8/21 18:09:10 , Normal] -> 连接设备失败 
 [2020/8/21 18:09:10 , Erro] -> System.IndexOutOfRangeException: 索引超出了数组界限。
   在 ControlLib.ControlCom.ControlSystemLED(String colo) 位置 F:\ctest\InjectorAutomation\InjectorAutomation\ControlLib\ControlCom.cs:行号 309
   在 TaskInvokeLib.TaskInvoke.Link(String ip, Int32 port) 位置 F:\ctest\InjectorAutomation\InjectorAutomation\TaskInvokeLib\TaskInvoke.cs:行号 152 
 [2020/8/21 18:09:48 , Normal] -> 接受数据 : EE,05,01,00,F4,FF, 
 [2020/8/21 18:13:42 , Normal] -> 添加路由! 
 [2020/8/21 18:13:42 , Normal] -> 服务器启动成功 
 [2020/8/21 18:13:43 , Normal] -> 连接控制成功 
 [2020/8/21 18:13:45 , Normal] -> 接受数据 : EE,30,01,00,1F,FF, 
 [2020/8/21 18:13:45 , Normal] -> 连接设备失败 
 [2020/8/21 18:13:45 , Erro] -> System.IndexOutOfRangeException: 索引超出了数组界限。
   在 ControlLib.ControlCom.ControlSystemLED(String colo) 位置 F:\ctest\InjectorAutomation\InjectorAutomation\ControlLib\ControlCom.cs:行号 309
   在 TaskInvokeLib.TaskInvoke.Link(String ip, Int32 port) 位置 F:\ctest\InjectorAutomation\InjectorAutomation\TaskInvokeLib\TaskInvoke.cs:行号 152 
 [2020/8/21 18:14:40 , Normal] -> 添加路由! 
 [2020/8/21 18:14:40 , Normal] -> 服务器启动成功 
 [2020/8/21 18:14:40 , Normal] -> 连接控制成功 
 [2020/8/21 18:14:59 , Normal] -> 接受数据 : EE,30,01,00,1F,FF, 
 [2020/8/21 18:15:04 , Normal] -> 连接设备失败 
 [2020/8/21 18:15:04 , Erro] -> System.IndexOutOfRangeException: 索引超出了数组界限。
   在 ControlLib.ControlCom.ControlSystemLED(String colo) 位置 F:\ctest\InjectorAutomation\InjectorAutomation\ControlLib\ControlCom.cs:行号 309
   在 TaskInvokeLib.TaskInvoke.Link(String ip, Int32 port) 位置 F:\ctest\InjectorAutomation\InjectorAutomation\TaskInvokeLib\TaskInvoke.cs:行号 152 
 [2020/8/21 18:16:22 , Normal] -> 接受数据 : EE,05,01,00,F4,FF, 
 [2020/8/21 18:18:11 , Normal] -> 添加路由! 
 [2020/8/21 18:18:11 , Normal] -> 服务器启动成功 
 [2020/8/21 18:18:12 , Normal] -> 连接控制成功 
 [2020/8/21 18:18:16 , Normal] -> 接受数据 : EE,30,01,00,1F,FF, 
 [2020/8/21 18:18:16 , Normal] -> 连接设备失败 
 [2020/8/21 18:18:16 , Erro] -> System.IndexOutOfRangeException: 索引超出了数组界限。
   在 ControlLib.ControlCom.ControlSystemLED(String colo) 位置 F:\ctest\InjectorAutomation\InjectorAutomation\ControlLib\ControlCom.cs:行号 309
   在 TaskInvokeLib.TaskInvoke.Link(String ip, Int32 port) 位置 F:\ctest\InjectorAutomation\InjectorAutomation\TaskInvokeLib\TaskInvoke.cs:行号 152 
 [2020/8/21 18:18:35 , Normal] -> 接受数据 : EE,45,03,00,00,32,68,FF, 
 [2020/8/21 18:23:52 , Normal] -> 添加路由! 
 [2020/8/21 18:23:52 , Normal] -> 服务器启动成功 
 [2020/8/21 18:23:53 , Normal] -> 连接控制成功 
 [2020/8/21 18:23:54 , Normal] -> 接受数据 : EE,30,01,00,1F,FF, 
 [2020/8/21 18:23:54 , Normal] -> 连接设备失败 
 [2020/8/21 18:23:54 , Erro] -> System.IndexOutOfRangeException: 索引超出了数组界限。
   在 ControlLib.ControlCom.ControlSystemLED(String colo) 位置 F:\ctest\InjectorAutomation\InjectorAutomation\ControlLib\ControlCom.cs:行号 309
   在 TaskInvokeLib.TaskInvoke.Link(String ip, Int32 port) 位置 F:\ctest\InjectorAutomation\InjectorAutomation\TaskInvokeLib\TaskInvoke.cs:行号 152 
 [2020/8/21 18:24:21 , Normal] -> 接受数据 : EE,55,01,00,44,FF, 
 [2020/8/21 18:26:37 , Normal] -> 添加路由! 
 [2020/8/21 18:26:37 , Normal] -> 服务器启动成功 
 [2020/8/21 18:26:38 , Normal] -> 连接控制成功 
 [2020/8/21 18:26:40 , Normal] -> 接受数据 : EE,30,01,00,1F,FF, 
 [2020/8/21 18:26:51 , Normal] -> 接受数据 : EE,45,03,00,00,32,68,FF, 
 [2020/8/21 18:26:56 , Normal] -> 接受数据 : EE,05,01,00,F4,FF, 
 [2020/8/21 18:27:33 , Normal] -> 接受数据 : EE,45,03,00,00,32,68,FF, 
 [2020/8/21 18:29:42 , Normal] -> 添加路由! 
 [2020/8/21 18:29:42 , Normal] -> 服务器启动成功 
 [2020/8/21 18:29:42 , Normal] -> 连接控制成功 
 [2020/8/21 18:29:54 , Normal] -> 接受数据 : EE,30,01,00,1F,FF, 
 [2020/8/21 18:30:20 , Normal] -> 接受数据 : EE,45,03,00,00,32,68,FF, 
 [2020/8/21 18:31:41 , Normal] -> 添加路由! 
 [2020/8/21 18:31:41 , Normal] -> 服务器启动成功 
 [2020/8/21 18:31:41 , Normal] -> 连接控制成功 
 [2020/8/21 18:31:43 , Normal] -> 接受数据 : EE,30,01,00,1F,FF, 
 [2020/8/21 18:31:54 , Normal] -> 接受数据 : EE,45,03,00,00,32,68,FF, 
 [2020/8/21 18:32:25 , Normal] -> 接受数据 : EE,05,01,00,F4,FF, 
 [2020/8/21 18:32:53 , Normal] -> 接受数据 : EE,45,03,00,00,64,9A,FF, 
 [2020/8/21 18:33:11 , Normal] -> 接受数据 : EE,05,01,00,F4,FF, 
 [2020/8/21 18:33:36 , Normal] -> 接受数据 : EE,45,03,00,00,96,CC,FF, 
 [2020/8/21 18:33:41 , Normal] -> 接受数据 : EE,05,01,00,F4,FF, 
 [2020/8/21 18:33:43 , Normal] -> 接受数据 : EE,45,03,00,00,C8,FE,FF, 
 [2020/8/21 18:33:43 , Normal] -> 接受数据 : EE,05,01,00,F4,FF, 
 [2020/8/21 18:33:44 , Normal] -> 接受数据 : EE,45,03,00,00,FA,30,FF, 
 [2020/8/21 18:33:45 , Normal] -> 接受数据 : EE,05,01,00,F4,FF, 
 [2020/8/21 18:33:45 , Normal] -> 接受数据 : EE,45,03,00,01,2C,63,FF, 
 [2020/8/21 18:33:47 , Normal] -> 接受数据 : EE,05,01,00,F4,FF, 
 [2020/8/21 18:33:53 , Normal] -> 接受数据 : EE,45,03,00,00,5E,94,FF, 
 [2020/8/21 18:33:53 , Normal] -> 接受数据 : EE,05,01,00,F4,FF, 
 [2020/8/21 18:33:57 , Normal] -> 接受数据 : EE,45,03,00,00,90,C6,FF, 
 [2020/8/21 18:33:57 , Normal] -> 接受数据 : EE,05,01,00,F4,FF, 
 [2020/8/21 18:33:59 , Normal] -> 接受数据 : EE,45,03,00,00,C2,F8,FF, 
 [2020/8/21 18:33:59 , Normal] -> 接受数据 : EE,05,01,00,F4,FF, 
 [2020/8/21 18:34:02 , Normal] -> 接受数据 : EE,45,03,00,00,F4,2A,FF, 
 [2020/8/21 18:34:02 , Normal] -> 接受数据 : EE,05,01,00,F4,FF, 
 [2020/8/21 18:34:03 , Normal] -> 接受数据 : EE,45,03,00,01,26,5D,FF, 
 [2020/8/21 18:34:05 , Normal] -> 接受数据 : EE,05,01,00,F4,FF, 
 [2020/8/21 18:34:12 , Normal] -> 接受数据 : EE,45,03,00,00,58,8E,FF, 
 [2020/8/21 18:34:12 , Normal] -> 接受数据 : EE,05,01,00,F4,FF, 
 [2020/8/21 18:34:12 , Normal] -> 接受数据 : EE,45,03,00,00,8A,C0,FF, 
 [2020/8/21 18:34:13 , Normal] -> 接受数据 : EE,05,01,00,F4,FF, 
 [2020/8/21 18:34:13 , Normal] -> 接受数据 : EE,45,03,00,00,BC,F2,FF, 
 [2020/8/21 18:34:14 , Normal] -> 接受数据 : EE,05,01,00,F4,FF, 
 [2020/8/21 18:34:14 , Normal] -> 接受数据 : EE,45,03,00,00,EE,24,FF, 
 [2020/8/21 18:34:15 , Normal] -> 接受数据 : EE,05,01,00,F4,FF, 
 [2020/8/21 18:34:16 , Normal] -> 接受数据 : EE,45,03,00,01,20,57,FF, 
 [2020/8/21 18:34:17 , Normal] -> 接受数据 : EE,05,01,00,F4,FF, 
 [2020/8/21 18:39:50 , Normal] -> 添加路由! 
 [2020/8/21 18:39:50 , Normal] -> 服务器启动成功 
 [2020/8/21 18:39:51 , Normal] -> 连接控制成功 
 [2020/8/21 18:39:53 , Normal] -> 接受数据 : EE,30,01,00,1F,FF, 
 [2020/8/21 18:40:00 , Normal] -> 接受数据 : EE,55,01,00,44,FF, 
 [2020/8/21 18:40:04 , Normal] -> 接受数据 : EE,45,03,00,00,52,88,FF, 
 [2020/8/21 18:41:17 , Normal] -> 添加路由! 
 [2020/8/21 18:41:17 , Normal] -> 服务器启动成功 
 [2020/8/21 18:41:17 , Normal] -> 连接控制成功 
 [2020/8/21 18:41:19 , Normal] -> 接受数据 : EE,30,01,00,1F,FF, 
 [2020/8/21 18:42:56 , Normal] -> 接受数据 : EE,55,01,00,44,FF, 
 [2020/8/21 18:43:08 , Normal] -> 接受数据 : EE,45,03,00,00,52,88,FF, 
 [2020/8/21 18:43:37 , Normal] -> 接受数据 : EE,05,01,00,F4,FF, 
 [2020/8/21 18:43:44 , Normal] -> 接受数据 : EE,55,01,00,44,FF, 
 [2020/8/21 18:44:30 , Normal] -> 接受数据 : EE,45,03,00,00,5C,92,FF, 
 [2020/8/21 18:44:44 , Normal] -> 接受数据 : EE,05,01,00,F4,FF, 
 [2020/8/21 18:46:59 , Normal] -> 添加路由! 
 [2020/8/21 18:46:59 , Normal] -> 服务器启动成功 
 [2020/8/21 18:46:59 , Normal] -> 连接控制成功 
 [2020/8/21 18:47:00 , Normal] -> 接受数据 : EE,30,01,00,1F,FF, 
 [2020/8/21 18:47:42 , Normal] -> 接受数据 : EE,55,01,00,44,FF, 
 [2020/8/21 18:48:27 , Normal] -> 接受数据 : EE,55,01,00,44,FF, 
 [2020/8/21 18:48:53 , Normal] -> 接受数据 : EE,55,01,00,44,FF, 
 [2020/8/21 19:00:12 , Normal] -> 添加路由! 
 [2020/8/21 19:00:12 , Normal] -> 服务器启动成功 
 [2020/8/21 19:00:12 , Normal] -> 连接控制成功 
 [2020/8/21 19:00:13 , Normal] -> 接受数据 : EE,30,01,00,1F,FF, 
 [2020/8/21 19:00:21 , Normal] -> 接受数据 : EE,45,03,00,00,00,36,FF, 
 [2020/8/21 19:01:09 , Normal] -> 接受数据 : EE,05,01,00,F4,FF, 
 [2020/8/21 19:01:15 , Normal] -> 接受数据 : EE,45,03,00,00,0A,40,FF, 
 [2020/8/21 19:01:19 , Normal] -> 接受数据 : EE,05,01,00,F4,FF, 
 [2020/8/21 19:01:21 , Normal] -> 接受数据 : EE,45,03,00,00,14,4A,FF, 
 [2020/8/21 19:01:21 , Normal] -> 接受数据 : EE,05,01,00,F4,FF, 
 [2020/8/21 19:01:21 , Normal] -> 接受数据 : EE,45,03,00,00,1E,54,FF, 
 [2020/8/21 19:01:21 , Normal] -> 接受数据 : EE,05,01,00,F4,FF, 
 [2020/8/21 19:01:22 , Normal] -> 接受数据 : EE,45,03,00,00,28,5E,FF, 
 [2020/8/21 19:01:22 , Normal] -> 接受数据 : EE,05,01,00,F4,FF, 
 [2020/8/21 19:01:22 , Normal] -> 接受数据 : EE,45,03,00,00,32,68,FF, 
 [2020/8/21 19:01:22 , Normal] -> 接受数据 : EE,05,01,00,F4,FF, 
 [2020/8/21 19:01:22 , Normal] -> 接受数据 : EE,45,03,00,00,3C,72,FF, 
 [2020/8/21 19:01:22 , Normal] -> 接受数据 : EE,05,01,00,F4,FF, 
 [2020/8/21 19:01:22 , Normal] -> 接受数据 : EE,45,03,00,00,46,7C,FF, 
 [2020/8/21 19:01:22 , Normal] -> 接受数据 : EE,05,01,00,F4,FF, 
 [2020/8/21 19:01:22 , Normal] -> 接受数据 : EE,45,03,00,00,50,86,FF, 
 [2020/8/21 19:01:22 , Normal] -> 接受数据 : EE,05,01,00,F4,FF, 
 [2020/8/21 19:01:23 , Normal] -> 接受数据 : EE,45,03,00,00,5A,90,FF, 
 [2020/8/21 19:01:23 , Normal] -> 接受数据 : EE,05,01,00,F4,FF, 
 [2020/8/21 19:03:23 , Normal] -> 添加路由! 
 [2020/8/21 19:03:23 , Normal] -> 服务器启动成功 
 [2020/8/21 19:03:24 , Normal] -> 连接控制成功 
 [2020/8/21 19:03:25 , Normal] -> 接受数据 : EE,30,01,00,1F,FF, 
 [2020/8/21 19:03:33 , Normal] -> 接受数据 : EE,55,01,00,44,FF, 
 [2020/8/21 19:03:42 , Normal] -> 接受数据 : EE,45,03,00,00,64,9A,FF, 
 [2020/8/21 19:03:42 , Normal] -> 接受数据 : EE,05,01,00,F4,FF, 
 [2020/8/21 19:03:43 , Normal] -> 接受数据 : EE,45,03,00,00,6E,A4,FF, 
 [2020/8/21 19:03:43 , Normal] -> 接受数据 : EE,05,01,00,F4,FF, 
 [2020/8/21 19:03:43 , Normal] -> 接受数据 : EE,45,03,00,00,78,AE,FF, 
 [2020/8/21 19:03:43 , Normal] -> 接受数据 : EE,05,01,00,F4,FF, 
 [2020/8/21 19:03:43 , Normal] -> 接受数据 : EE,45,03,00,00,82,B8,FF, 
 [2020/8/21 19:03:43 , Normal] -> 接受数据 : EE,05,01,00,F4,FF, 
 [2020/8/21 19:03:58 , Normal] -> 接受数据 : EE,55,01,00,44,FF, 
 [2020/8/21 19:04:12 , Normal] -> 接受数据 : EE,55,01,00,44,FF, 
 [2020/8/21 19:04:16 , Normal] -> 接受数据 : EE,45,03,00,00,8C,C2,FF, 
 [2020/8/21 19:04:17 , Normal] -> 接受数据 : EE,05,01,00,F4,FF, 
 [2020/8/21 19:04:17 , Normal] -> 接受数据 : EE,45,03,00,00,96,CC,FF, 
 [2020/8/21 19:04:17 , Normal] -> 接受数据 : EE,05,01,00,F4,FF, 
 [2020/8/21 19:04:17 , Normal] -> 接受数据 : EE,45,03,00,00,A0,D6,FF, 
 [2020/8/21 19:04:17 , Normal] -> 接受数据 : EE,05,01,00,F4,FF, 
 [2020/8/21 19:04:18 , Normal] -> 接受数据 : EE,45,03,00,00,AA,E0,FF, 
 [2020/8/21 19:04:18 , Normal] -> 接受数据 : EE,05,01,00,F4,FF, 
 [2020/8/21 19:04:18 , Normal] -> 接受数据 : EE,45,03,00,00,B4,EA,FF, 
 [2020/8/21 19:04:18 , Normal] -> 接受数据 : EE,05,01,00,F4,FF, 
 [2020/8/21 19:04:18 , Normal] -> 接受数据 : EE,45,03,00,00,BE,F4,FF, 
 [2020/8/21 19:04:18 , Normal] -> 接受数据 : EE,05,01,00,F4,FF, 
 [2020/8/21 19:07:07 , Normal] -> 添加路由! 
 [2020/8/21 19:07:07 , Normal] -> 服务器启动成功 
 [2020/8/21 19:07:07 , Normal] -> 连接控制成功 
 [2020/8/21 19:07:09 , Normal] -> 接受数据 : EE,30,01,00,1F,FF, 
 [2020/8/21 19:07:19 , Normal] -> 接受数据 : EE,55,01,00,44,FF, 
 [2020/8/21 19:07:21 , Normal] -> 接受数据 : EE,45,03,00,00,C8,FE,FF, 
 [2020/8/21 19:07:31 , Normal] -> 接受数据 : EE,05,01,00,F4,FF, 
 [2020/8/21 19:07:47 , Normal] -> 接受数据 : EE,45,03,00,00,FA,30,FF, 
 [2020/8/21 19:08:39 , Normal] -> 接受数据 : EE,05,01,00,F4,FF, 
 [2020/8/21 19:08:49 , Normal] -> 接受数据 : EE,45,03,00,01,2C,63,FF, 
 [2020/8/21 19:15:45 , Normal] -> 添加路由! 
 [2020/8/21 19:15:45 , Normal] -> 服务器启动成功 
 [2020/8/21 19:15:45 , Normal] -> 连接控制成功 
 [2020/8/21 19:15:46 , Normal] -> 接受数据 : EE,30,01,00,1F,FF, 
 [2020/8/21 19:15:55 , Normal] -> 接受数据 : EE,45,03,00,01,2C,63,FF, 
 [2020/8/21 19:16:22 , Normal] -> 接受数据 : EE,05,01,00,F4,FF, 
 [2020/8/21 19:16:26 , Normal] -> 接受数据 : EE,55,01,00,44,FF, 
 [2020/8/21 19:16:35 , Normal] -> 接受数据 : EE,45,03,00,01,5E,95,FF, 
 [2020/8/21 19:22:19 , Normal] -> 添加路由! 
 [2020/8/21 19:22:19 , Normal] -> 服务器启动成功 
 [2020/8/21 19:22:19 , Normal] -> 连接设备失败 
 [2020/8/21 19:22:19 , Erro] -> System.UnauthorizedAccessException: 对端口“COM8”的访问被拒绝。
   在 System.IO.Ports.InternalResources.WinIOError(Int32 errorCode, String str)
   在 System.IO.Ports.SerialStream..ctor(String portName, Int32 baudRate, Parity parity, Int32 dataBits, StopBits stopBits, Int32 readTimeout, Int32 writeTimeout, Handshake handshake, Boolean dtrEnable, Boolean rtsEnable, Boolean discardNull, Byte parityReplace)
   在 System.IO.Ports.SerialPort.Open()
   在 SerialControlLib.SerialControl.Open()
   在 ControlLib.ControlCom.Open() 位置 F:\ctest\InjectorAutomation\InjectorAutomation\ControlLib\ControlCom.cs:行号 89
   在 TaskInvokeLib.TaskInvoke.Link(String ip, Int32 port) 位置 F:\ctest\InjectorAutomation\InjectorAutomation\TaskInvokeLib\TaskInvoke.cs:行号 150 
 [2020/8/21 19:22:56 , Normal] -> 添加路由! 
 [2020/8/21 19:22:56 , Normal] -> 服务器启动成功 
 [2020/8/21 19:22:56 , Normal] -> 连接控制成功 
 [2020/8/21 19:22:57 , Normal] -> 接受数据 : EE,30,01,00,1F,FF, 
 [2020/8/21 19:23:02 , Normal] -> 接受数据 : EE,55,01,00,44,FF, 
 [2020/8/21 19:23:10 , Normal] -> 接受数据 : EE,45,03,00,01,5E,95,FF, 
 [2020/8/21 19:52:43 , Normal] -> 添加路由! 
 [2020/8/21 19:52:43 , Normal] -> 服务器启动成功 
 [2020/8/21 19:52:43 , Normal] -> 连接控制成功 
 [2020/8/21 19:52:44 , Normal] -> 接受数据 : EE,30,01,00,1F,FF, 
 [2020/8/21 19:52:51 , Normal] -> 接受数据 : EE,55,01,00,44,FF, 
 [2020/8/21 19:52:59 , Normal] -> 接受数据 : EE,45,03,00,00,00,36,FF, 
 [2020/8/21 19:53:11 , Normal] -> 接受数据 : EE,05,01,00,F4,FF, 
 [2020/8/21 19:53:25 , Normal] -> 接受数据 : EE,45,03,00,00,32,68,FF, 
 [2020/8/21 19:53:28 , Normal] -> 接受数据 : EE,05,01,00,F4,FF, 
 [2020/8/21 19:53:30 , Normal] -> 接受数据 : EE,45,03,00,00,64,9A,FF, 
 [2020/8/21 19:53:31 , Normal] -> 接受数据 : EE,05,01,00,F4,FF, 
 [2020/8/21 19:53:37 , Normal] -> 接受数据 : EE,45,03,00,00,96,CC,FF, 
 [2020/8/21 19:53:37 , Normal] -> 接受数据 : EE,05,01,00,F4,FF, 
 [2020/8/21 19:59:23 , Normal] -> 添加路由! 
 [2020/8/21 19:59:23 , Normal] -> 服务器启动成功 
 [2020/8/21 19:59:23 , Normal] -> 连接控制成功 
 [2020/8/21 19:59:23 , Normal] -> 接受数据 : EE,30,01,00,1F,FF, 
 [2020/8/21 19:59:27 , Normal] -> 接受数据 : EE,45,03,00,00,C8,FE,FF, 
 [2020/8/21 19:59:27 , Normal] -> 接受数据 : EE,05,01,00,F4,FF, 
 [2020/8/21 19:59:28 , Normal] -> 接受数据 : EE,45,03,00,00,FA,30,FF, 
 [2020/8/21 19:59:29 , Normal] -> 接受数据 : EE,05,01,00,F4,FF, 
 [2020/8/21 19:59:47 , Normal] -> 接受数据 : EE,45,03,00,01,2C,63,FF, 
 [2020/8/21 19:59:53 , Normal] -> 接受数据 : EE,05,01,00,F4,FF, 
 [2020/8/21 19:59:59 , Normal] -> 接受数据 : EE,45,03,00,01,5E,95,FF, 
 [2020/8/21 20:00:02 , Normal] -> 接受数据 : EE,05,01,00,F4,FF, 
 [2020/8/21 20:00:05 , Normal] -> 接受数据 : EE,45,03,00,01,90,C7,FF, 
 [2020/8/21 20:00:09 , Normal] -> 接受数据 : EE,05,01,00,F4,FF, 
 [2020/8/21 20:00:11 , Normal] -> 接受数据 : EE,45,03,00,01,C2,F9,FF, 
 [2020/8/21 20:00:14 , Normal] -> 接受数据 : EE,05,01,00,F4,FF, 
 [2020/8/21 20:00:17 , Normal] -> 接受数据 : EE,45,03,00,01,F4,2B,FF, 
 [2020/8/21 20:00:19 , Normal] -> 接受数据 : EE,05,01,00,F4,FF, 
 [2020/8/21 20:00:21 , Normal] -> 接受数据 : EE,45,03,00,02,26,5E,FF, 
 [2020/8/21 20:00:24 , Normal] -> 接受数据 : EE,05,01,00,F4,FF, 
 [2020/8/21 20:00:26 , Normal] -> 接受数据 : EE,45,03,00,02,58,90,FF, 
 [2020/8/21 20:00:29 , Normal] -> 接受数据 : EE,05,01,00,F4,FF, 
 [2020/8/21 20:00:31 , Normal] -> 接受数据 : EE,45,03,00,02,8A,C2,FF, 
 [2020/8/21 20:00:33 , Normal] -> 接受数据 : EE,05,01,00,F4,FF, 
 [2020/8/21 20:00:34 , Normal] -> 接受数据 : EE,45,03,00,02,BC,F4,FF, 
 [2020/8/21 20:00:38 , Normal] -> 接受数据 : EE,05,01,00,F4,FF, 
 [2020/8/21 20:00:39 , Normal] -> 接受数据 : EE,45,03,00,02,EE,26,FF, 
 [2020/8/21 20:00:44 , Normal] -> 接受数据 : EE,05,01,00,F4,FF, 
 [2020/8/21 20:00:47 , Normal] -> 接受数据 : EE,45,03,00,03,20,59,FF, 
 [2020/8/21 20:00:50 , Normal] -> 接受数据 : EE,05,01,00,F4,FF, 
 [2020/8/21 20:00:56 , Normal] -> 接受数据 : EE,45,03,00,03,52,8B,FF, 
 [2020/8/21 20:00:57 , Normal] -> 接受数据 : EE,05,01,00,F4,FF, 
 [2020/8/21 20:00:57 , Normal] -> 接受数据 : EE,45,03,00,03,84,BD,FF, 
 [2020/8/21 20:00:58 , Normal] -> 接受数据 : EE,05,01,00,F4,FF, 
 [2020/8/21 20:00:58 , Normal] -> 接受数据 : EE,45,03,00,03,B6,EF,FF, 
 [2020/8/21 20:00:59 , Normal] -> 接受数据 : EE,05,01,00,F4,FF, 
 [2020/8/21 20:01:00 , Normal] -> 接受数据 : EE,45,03,00,03,E8,21,FF, 
 [2020/8/21 20:01:00 , Normal] -> 接受数据 : EE,05,01,00,F4,FF, 
 [2020/8/21 20:01:01 , Normal] -> 接受数据 : EE,45,03,00,04,1A,54,FF, 
 [2020/8/21 20:01:01 , Normal] -> 接受数据 : EE,05,01,00,F4,FF, 
 [2020/8/21 20:01:02 , Normal] -> 接受数据 : EE,45,03,00,04,4C,86,FF, 
 [2020/8/21 20:01:02 , Normal] -> 接受数据 : EE,05,01,00,F4,FF, 
 [2020/8/21 20:01:07 , Normal] -> 接受数据 : EE,45,03,00,04,7E,B8,FF, 
 [2020/8/21 20:01:10 , Normal] -> 接受数据 : EE,05,01,00,F4,FF, 
 [2020/8/21 20:01:12 , Normal] -> 接受数据 : EE,45,03,00,04,B0,EA,FF, 
 [2020/8/21 20:01:14 , Normal] -> 接受数据 : EE,05,01,00,F4,FF, 
 [2020/8/21 20:01:16 , Normal] -> 接受数据 : EE,45,03,00,04,E2,1C,FF, 
 [2020/8/21 20:01:19 , Normal] -> 接受数据 : EE,05,01,00,F4,FF, 
 [2020/8/21 20:01:21 , Normal] -> 接受数据 : EE,45,03,00,05,14,4F,FF, 
 [2020/8/21 20:01:23 , Normal] -> 接受数据 : EE,05,01,00,F4,FF, 
 [2020/8/21 20:01:24 , Normal] -> 接受数据 : EE,45,03,00,05,46,81,FF, 
 [2020/8/21 20:01:27 , Normal] -> 接受数据 : EE,05,01,00,F4,FF, 
 [2020/8/21 20:01:34 , Normal] -> 接受数据 : EE,45,03,00,05,78,B3,FF, 
 [2020/8/21 20:01:39 , Normal] -> 接受数据 : EE,05,01,00,F4,FF, 
 [2020/8/21 20:02:00 , Normal] -> 接受数据 : EE,55,01,00,44,FF, 
 [2020/8/21 20:02:41 , Normal] -> 添加路由! 
 [2020/8/21 20:02:41 , Normal] -> 服务器启动成功 
 [2020/8/21 20:02:41 , Normal] -> 连接控制成功 
 [2020/8/21 20:02:42 , Normal] -> 接受数据 : EE,30,01,00,1F,FF, 
 [2020/8/21 20:03:03 , Normal] -> 接受数据 : EE,55,01,00,44,FF, 
 [2020/8/21 20:03:25 , Normal] -> 接受数据 : EE,55,01,00,44,FF, 
 [2020/8/21 20:05:30 , Normal] -> 添加路由! 
 [2020/8/21 20:05:30 , Normal] -> 服务器启动成功 
 [2020/8/21 20:05:30 , Normal] -> 连接控制成功 
 [2020/8/21 20:05:31 , Normal] -> 接受数据 : EE,30,01,00,1F,FF, 
 [2020/8/21 20:08:02 , Normal] -> 添加路由! 
 [2020/8/21 20:08:02 , Normal] -> 服务器启动成功 
 [2020/8/21 20:08:02 , Normal] -> 连接控制成功 
 [2020/8/21 20:08:03 , Normal] -> 接受数据 : EE,30,01,00,1F,FF, 
 [2020/8/21 20:08:05 , Normal] -> 接受数据 : EE,45,03,00,00,00,36,FF, 
 [2020/8/21 20:08:05 , Normal] -> 接受数据 : EE,05,01,00,F4,FF, 
 [2020/8/21 20:08:05 , Normal] -> 接受数据 : EE,45,03,00,00,32,68,FF, 
 [2020/8/21 20:08:06 , Normal] -> 接受数据 : EE,05,01,00,F4,FF, 
 [2020/8/21 20:08:07 , Normal] -> 接受数据 : EE,45,03,00,00,64,9A,FF, 
 [2020/8/21 20:08:07 , Normal] -> 接受数据 : EE,05,01,00,F4,FF, 
 [2020/8/21 20:08:08 , Normal] -> 接受数据 : EE,45,03,00,00,96,CC,FF, 
 [2020/8/21 20:08:08 , Normal] -> 接受数据 : EE,05,01,00,F4,FF, 
 [2020/8/21 20:08:09 , Normal] -> 接受数据 : EE,45,03,00,00,C8,FE,FF, 
 [2020/8/21 20:08:09 , Normal] -> 接受数据 : EE,05,01,00,F4,FF, 
 [2020/8/21 20:08:10 , Normal] -> 接受数据 : EE,45,03,00,00,FA,30,FF, 
 [2020/8/21 20:08:10 , Normal] -> 接受数据 : EE,05,01,00,F4,FF, 
 [2020/8/21 20:08:11 , Normal] -> 接受数据 : EE,45,03,00,01,2C,63,FF, 
 [2020/8/21 20:08:12 , Normal] -> 接受数据 : EE,05,01,00,F4,FF, 
 [2020/8/21 20:08:12 , Normal] -> 接受数据 : EE,45,03,00,01,5E,95,FF, 
 [2020/8/21 20:08:13 , Normal] -> 接受数据 : EE,05,01,00,F4,FF, 
 [2020/8/21 20:08:13 , Normal] -> 接受数据 : EE,45,03,00,01,90,C7,FF, 
 [2020/8/21 20:08:14 , Normal] -> 接受数据 : EE,05,01,00,F4,FF, 
 [2020/8/21 20:08:14 , Normal] -> 接受数据 : EE,45,03,00,01,C2,F9,FF, 
 [2020/8/21 20:08:15 , Normal] -> 接受数据 : EE,05,01,00,F4,FF, 
 [2020/8/21 20:08:15 , Normal] -> 接受数据 : EE,45,03,00,01,F4,2B,FF, 
 [2020/8/21 20:08:16 , Normal] -> 接受数据 : EE,05,01,00,F4,FF, 
 [2020/8/21 20:08:16 , Normal] -> 接受数据 : EE,45,03,00,02,26,5E,FF, 
 [2020/8/21 20:08:16 , Normal] -> 接受数据 : EE,05,01,00,F4,FF, 
 [2020/8/21 20:08:17 , Normal] -> 接受数据 : EE,45,03,00,02,58,90,FF, 
 [2020/8/21 20:08:18 , Normal] -> 接受数据 : EE,05,01,00,F4,FF, 
 [2020/8/21 20:08:18 , Normal] -> 接受数据 : EE,45,03,00,02,8A,C2,FF, 
 [2020/8/21 20:08:19 , Normal] -> 接受数据 : EE,05,01,00,F4,FF, 
 [2020/8/21 20:08:23 , Normal] -> 接受数据 : EE,45,03,00,02,BC,F4,FF, 
 [2020/8/21 20:08:24 , Normal] -> 接受数据 : EE,05,01,00,F4,FF, 
 [2020/8/21 20:08:24 , Normal] -> 接受数据 : EE,45,03,00,02,EE,26,FF, 
 [2020/8/21 20:08:25 , Normal] -> 接受数据 : EE,05,01,00,F4,FF, 
 [2020/8/21 20:08:25 , Normal] -> 接受数据 : EE,45,03,00,03,20,59,FF, 
 [2020/8/21 20:08:26 , Normal] -> 接受数据 : EE,05,01,00,F4,FF, 
 [2020/8/21 20:08:26 , Normal] -> 接受数据 : EE,45,03,00,03,52,8B,FF, 
 [2020/8/21 20:08:27 , Normal] -> 接受数据 : EE,05,01,00,F4,FF, 
 [2020/8/21 20:08:27 , Normal] -> 接受数据 : EE,45,03,00,03,84,BD,FF, 
 [2020/8/21 20:08:28 , Normal] -> 接受数据 : EE,05,01,00,F4,FF, 
 [2020/8/21 20:08:29 , Normal] -> 接受数据 : EE,45,03,00,03,B6,EF,FF, 
 [2020/8/21 20:08:29 , Normal] -> 接受数据 : EE,05,01,00,F4,FF, 
 [2020/8/21 20:08:34 , Normal] -> 接受数据 : EE,45,03,00,03,E8,21,FF, 
 [2020/8/21 20:08:35 , Normal] -> 接受数据 : EE,05,01,00,F4,FF, 
 [2020/8/21 20:08:35 , Normal] -> 接受数据 : EE,45,03,00,04,1A,54,FF, 
 [2020/8/21 20:08:36 , Normal] -> 接受数据 : EE,05,01,00,F4,FF, 
 [2020/8/21 20:08:36 , Normal] -> 接受数据 : EE,45,03,00,04,4C,86,FF, 
 [2020/8/21 20:08:37 , Normal] -> 接受数据 : EE,05,01,00,F4,FF, 
 [2020/8/21 20:08:37 , Normal] -> 接受数据 : EE,45,03,00,04,7E,B8,FF, 
 [2020/8/21 20:08:38 , Normal] -> 接受数据 : EE,05,01,00,F4,FF, 
 [2020/8/21 20:08:38 , Normal] -> 接受数据 : EE,45,03,00,04,B0,EA,FF, 
 [2020/8/21 20:08:39 , Normal] -> 接受数据 : EE,05,01,00,F4,FF, 
 [2020/8/21 20:08:40 , Normal] -> 接受数据 : EE,45,03,00,04,E2,1C,FF, 
 [2020/8/21 20:08:41 , Normal] -> 接受数据 : EE,05,01,00,F4,FF, 
 [2020/8/21 20:08:48 , Normal] -> 接受数据 : EE,45,03,00,05,14,4F,FF, 
 [2020/8/21 20:08:53 , Normal] -> 接受数据 : EE,05,01,00,F4,FF, 
 [2020/8/21 20:08:54 , Normal] -> 接受数据 : EE,45,03,00,05,46,81,FF, 
 [2020/8/21 20:09:33 , Normal] -> 添加路由! 
 [2020/8/21 20:09:34 , Normal] -> 服务器启动成功 
 [2020/8/21 20:09:34 , Normal] -> 连接控制成功 
 [2020/8/21 20:09:35 , Normal] -> 接受数据 : EE,30,01,00,1F,FF, 
 [2020/8/21 20:09:40 , Normal] -> 接受数据 : EE,45,03,00,05,46,81,FF, 
 [2020/8/21 20:09:44 , Normal] -> 接受数据 : EE,05,01,00,F4,FF, 
 [2020/8/21 20:11:45 , Normal] -> 添加路由! 
 [2020/8/21 20:11:45 , Normal] -> 服务器启动成功 
 [2020/8/21 20:11:45 , Normal] -> 连接控制成功 
 [2020/8/21 20:11:46 , Normal] -> 接受数据 : EE,30,01,00,1F,FF, 
 [2020/8/21 20:11:50 , Normal] -> 接受数据 : EE,45,03,00,00,00,36,FF, 
 [2020/8/21 20:11:54 , Normal] -> 接受数据 : EE,05,01,00,F4,FF, 
 [2020/8/21 20:11:55 , Normal] -> 接受数据 : EE,45,03,00,00,32,68,FF, 
 [2020/8/21 20:11:56 , Normal] -> 接受数据 : EE,05,01,00,F4,FF, 
 [2020/8/21 20:11:56 , Normal] -> 接受数据 : EE,45,03,00,00,64,9A,FF, 
 [2020/8/21 20:11:57 , Normal] -> 接受数据 : EE,05,01,00,F4,FF, 
 [2020/8/21 20:11:57 , Normal] -> 接受数据 : EE,45,03,00,00,96,CC,FF, 
 [2020/8/21 20:11:58 , Normal] -> 接受数据 : EE,05,01,00,F4,FF, 
 [2020/8/21 20:11:58 , Normal] -> 接受数据 : EE,45,03,00,00,C8,FE,FF, 
 [2020/8/21 20:11:58 , Normal] -> 接受数据 : EE,05,01,00,F4,FF, 
 [2020/8/21 20:11:59 , Normal] -> 接受数据 : EE,45,03,00,00,FA,30,FF, 
 [2020/8/21 20:11:59 , Normal] -> 接受数据 : EE,05,01,00,F4,FF, 
 [2020/8/21 20:11:59 , Normal] -> 接受数据 : EE,45,03,00,01,2C,63,FF, 
 [2020/8/21 20:12:00 , Normal] -> 接受数据 : EE,05,01,00,F4,FF, 
 [2020/8/21 20:12:01 , Normal] -> 接受数据 : EE,45,03,00,01,5E,95,FF, 
 [2020/8/21 20:12:01 , Normal] -> 接受数据 : EE,05,01,00,F4,FF, 
 [2020/8/21 20:12:02 , Normal] -> 接受数据 : EE,45,03,00,01,90,C7,FF, 
 [2020/8/21 20:12:02 , Normal] -> 接受数据 : EE,05,01,00,F4,FF, 
 [2020/8/21 20:12:03 , Normal] -> 接受数据 : EE,45,03,00,01,C2,F9,FF, 
 [2020/8/21 20:12:03 , Normal] -> 接受数据 : EE,05,01,00,F4,FF, 
 [2020/8/21 20:12:04 , Normal] -> 接受数据 : EE,45,03,00,01,F4,2B,FF, 
 [2020/8/21 20:12:04 , Normal] -> 接受数据 : EE,05,01,00,F4,FF, 
 [2020/8/21 20:12:05 , Normal] -> 接受数据 : EE,45,03,00,02,26,5E,FF, 
 [2020/8/21 20:12:05 , Normal] -> 接受数据 : EE,05,01,00,F4,FF, 
 [2020/8/21 20:12:06 , Normal] -> 接受数据 : EE,45,03,00,02,58,90,FF, 
 [2020/8/21 20:12:06 , Normal] -> 接受数据 : EE,05,01,00,F4,FF, 
 [2020/8/21 20:12:07 , Normal] -> 接受数据 : EE,45,03,00,02,8A,C2,FF, 
 [2020/8/21 20:12:07 , Normal] -> 接受数据 : EE,05,01,00,F4,FF, 
 [2020/8/21 20:12:08 , Normal] -> 接受数据 : EE,45,03,00,02,BC,F4,FF, 
 [2020/8/21 20:12:08 , Normal] -> 接受数据 : EE,05,01,00,F4,FF, 
 [2020/8/21 20:12:09 , Normal] -> 接受数据 : EE,45,03,00,02,EE,26,FF, 
 [2020/8/21 20:12:09 , Normal] -> 接受数据 : EE,05,01,00,F4,FF, 
 [2020/8/21 20:12:10 , Normal] -> 接受数据 : EE,45,03,00,03,20,59,FF, 
 [2020/8/21 20:12:10 , Normal] -> 接受数据 : EE,05,01,00,F4,FF, 
 [2020/8/21 20:12:11 , Normal] -> 接受数据 : EE,45,03,00,03,52,8B,FF, 
 [2020/8/21 20:12:11 , Normal] -> 接受数据 : EE,05,01,00,F4,FF, 
 [2020/8/21 20:12:12 , Normal] -> 接受数据 : EE,45,03,00,03,84,BD,FF, 
 [2020/8/21 20:12:12 , Normal] -> 接受数据 : EE,05,01,00,F4,FF, 
 [2020/8/21 20:12:12 , Normal] -> 接受数据 : EE,45,03,00,03,B6,EF,FF, 
 [2020/8/21 20:12:13 , Normal] -> 接受数据 : EE,05,01,00,F4,FF, 
 [2020/8/21 20:12:13 , Normal] -> 接受数据 : EE,45,03,00,03,E8,21,FF, 
 [2020/8/21 20:12:14 , Normal] -> 接受数据 : EE,05,01,00,F4,FF, 
 [2020/8/21 20:12:14 , Normal] -> 接受数据 : EE,45,03,00,04,1A,54,FF, 
 [2020/8/21 20:12:15 , Normal] -> 接受数据 : EE,05,01,00,F4,FF, 
 [2020/8/21 20:12:15 , Normal] -> 接受数据 : EE,45,03,00,04,4C,86,FF, 
 [2020/8/21 20:12:16 , Normal] -> 接受数据 : EE,05,01,00,F4,FF, 
 [2020/8/21 20:12:16 , Normal] -> 接受数据 : EE,45,03,00,04,7E,B8,FF, 
 [2020/8/21 20:12:17 , Normal] -> 接受数据 : EE,05,01,00,F4,FF, 
 [2020/8/21 20:12:17 , Normal] -> 接受数据 : EE,45,03,00,04,B0,EA,FF, 
 [2020/8/21 20:12:18 , Normal] -> 接受数据 : EE,05,01,00,F4,FF, 
 [2020/8/21 20:12:18 , Normal] -> 接受数据 : EE,45,03,00,04,E2,1C,FF, 
 [2020/8/21 20:12:19 , Normal] -> 接受数据 : EE,05,01,00,F4,FF, 
 [2020/8/21 20:12:26 , Normal] -> 接受数据 : EE,45,03,00,05,14,4F,FF, 
 [2020/8/21 20:12:29 , Normal] -> 接受数据 : EE,05,01,00,F4,FF, 
 [2020/8/21 20:12:31 , Normal] -> 接受数据 : EE,45,03,00,05,46,81,FF, 
 [2020/8/21 20:12:53 , Normal] -> 接受数据 : EE,05,01,00,F4,FF, 
 [2020/8/21 20:13:13 , Normal] -> 接受数据 : EE,55,01,00,44,FF, 
 [2020/8/21 20:23:26 , Normal] -> 添加路由! 
 [2020/8/21 20:23:26 , Normal] -> 服务器启动成功 
 [2020/8/21 20:23:26 , Normal] -> 连接控制成功 
 [2020/8/21 20:23:27 , Normal] -> 接受数据 : EE,30,01,00,1F,FF, 
 [2020/8/21 20:23:29 , Normal] -> 接受数据 : EE,45,03,00,00,00,36,FF, 
 [2020/8/21 20:23:56 , Normal] -> 接受数据 : EE,05,01,00,F4,FF, 
 [2020/8/21 20:23:58 , Normal] -> 接受数据 : EE,45,03,00,00,0A,40,FF, 
 [2020/8/21 20:23:58 , Normal] -> 接受数据 : EE,05,01,00,F4,FF, 
 [2020/8/21 20:23:59 , Normal] -> 接受数据 : EE,45,03,00,00,14,4A,FF, 
 [2020/8/21 20:23:59 , Normal] -> 接受数据 : EE,05,01,00,F4,FF, 
 [2020/8/21 20:23:59 , Normal] -> 接受数据 : EE,45,03,00,00,1E,54,FF, 
 [2020/8/21 20:23:59 , Normal] -> 接受数据 : EE,05,01,00,F4,FF, 
 [2020/8/21 20:23:59 , Normal] -> 接受数据 : EE,45,03,00,00,28,5E,FF, 
 [2020/8/21 20:23:59 , Normal] -> 接受数据 : EE,05,01,00,F4,FF, 
 [2020/8/21 20:23:59 , Normal] -> 接受数据 : EE,45,03,00,00,32,68,FF, 
 [2020/8/21 20:23:59 , Normal] -> 接受数据 : EE,05,01,00,F4,FF, 
 [2020/8/21 20:23:59 , Normal] -> 接受数据 : EE,45,03,00,00,3C,72,FF, 
 [2020/8/21 20:24:00 , Normal] -> 接受数据 : EE,05,01,00,F4,FF, 
 [2020/8/21 20:24:00 , Normal] -> 接受数据 : EE,45,03,00,00,46,7C,FF, 
 [2020/8/21 20:24:00 , Normal] -> 接受数据 : EE,05,01,00,F4,FF, 
 [2020/8/21 20:24:01 , Normal] -> 接受数据 : EE,45,03,00,00,50,86,FF, 
 [2020/8/21 20:24:01 , Normal] -> 接受数据 : EE,05,01,00,F4,FF, 
 [2020/8/21 20:24:01 , Normal] -> 接受数据 : EE,45,03,00,00,5A,90,FF, 
 [2020/8/21 20:24:01 , Normal] -> 接受数据 : EE,05,01,00,F4,FF, 
 [2020/8/21 20:24:02 , Normal] -> 接受数据 : EE,45,03,00,00,64,9A,FF, 
 [2020/8/21 20:24:02 , Normal] -> 接受数据 : EE,05,01,00,F4,FF, 
 [2020/8/21 20:24:02 , Normal] -> 接受数据 : EE,45,03,00,00,6E,A4,FF, 
 [2020/8/21 20:24:02 , Normal] -> 接受数据 : EE,05,01,00,F4,FF, 
 [2020/8/21 20:24:02 , Normal] -> 接受数据 : EE,45,03,00,00,78,AE,FF, 
 [2020/8/21 20:24:03 , Normal] -> 接受数据 : EE,05,01,00,F4,FF, 
 [2020/8/21 20:24:03 , Normal] -> 接受数据 : EE,45,03,00,00,82,B8,FF, 
 [2020/8/21 20:24:03 , Normal] -> 接受数据 : EE,05,01,00,F4,FF, 
 [2020/8/21 20:24:03 , Normal] -> 接受数据 : EE,45,03,00,00,8C,C2,FF, 
 [2020/8/21 20:24:03 , Normal] -> 接受数据 : EE,05,01,00,F4,FF, 
 [2020/8/21 20:24:03 , Normal] -> 接受数据 : EE,45,03,00,00,96,CC,FF, 
 [2020/8/21 20:24:04 , Normal] -> 接受数据 : EE,05,01,00,F4,FF, 
 [2020/8/21 20:24:04 , Normal] -> 接受数据 : EE,45,03,00,00,A0,D6,FF, 
 [2020/8/21 20:24:04 , Normal] -> 接受数据 : EE,05,01,00,F4,FF, 
 [2020/8/21 20:24:04 , Normal] -> 接受数据 : EE,45,03,00,00,AA,E0,FF, 
 [2020/8/21 20:24:04 , Normal] -> 接受数据 : EE,05,01,00,F4,FF, 
 [2020/8/21 20:24:04 , Normal] -> 接受数据 : EE,45,03,00,00,B4,EA,FF, 
 [2020/8/21 20:24:05 , Normal] -> 接受数据 : EE,05,01,00,F4,FF, 
 [2020/8/21 20:24:05 , Normal] -> 接受数据 : EE,45,03,00,00,BE,F4,FF, 
 [2020/8/21 20:24:05 , Normal] -> 接受数据 : EE,05,01,00,F4,FF, 
 [2020/8/21 20:24:05 , Normal] -> 接受数据 : EE,45,03,00,00,C8,FE,FF, 
 [2020/8/21 20:24:05 , Normal] -> 接受数据 : EE,05,01,00,F4,FF, 
 [2020/8/21 20:24:05 , Normal] -> 接受数据 : EE,45,03,00,00,D2,08,FF, 
 [2020/8/21 20:24:06 , Normal] -> 接受数据 : EE,05,01,00,F4,FF, 
 [2020/8/21 20:24:06 , Normal] -> 接受数据 : EE,45,03,00,00,DC,12,FF, 
 [2020/8/21 20:24:06 , Normal] -> 接受数据 : EE,05,01,00,F4,FF, 
 [2020/8/21 20:24:06 , Normal] -> 接受数据 : EE,45,03,00,00,E6,1C,FF, 
 [2020/8/21 20:24:06 , Normal] -> 接受数据 : EE,05,01,00,F4,FF, 
 [2020/8/21 20:24:07 , Normal] -> 接受数据 : EE,45,03,00,00,F0,26,FF, 
 [2020/8/21 20:24:07 , Normal] -> 接受数据 : EE,05,01,00,F4,FF, 
 [2020/8/21 20:24:07 , Normal] -> 接受数据 : EE,45,03,00,00,FA,30,FF, 
 [2020/8/21 20:24:07 , Normal] -> 接受数据 : EE,05,01,00,F4,FF, 
 [2020/8/21 20:24:07 , Normal] -> 接受数据 : EE,45,03,00,01,04,3B,FF, 
 [2020/8/21 20:24:08 , Normal] -> 接受数据 : EE,05,01,00,F4,FF, 
 [2020/8/21 20:24:08 , Normal] -> 接受数据 : EE,45,03,00,01,0E,45,FF, 
 [2020/8/21 20:24:08 , Normal] -> 接受数据 : EE,05,01,00,F4,FF, 
 [2020/8/21 20:24:08 , Normal] -> 接受数据 : EE,45,03,00,01,18,4F,FF, 
 [2020/8/21 20:24:08 , Normal] -> 接受数据 : EE,05,01,00,F4,FF, 
 [2020/8/21 20:24:08 , Normal] -> 接受数据 : EE,45,03,00,01,22,59,FF, 
 [2020/8/21 20:24:08 , Normal] -> 接受数据 : EE,05,01,00,F4,FF, 
 [2020/8/21 20:24:09 , Normal] -> 接受数据 : EE,45,03,00,01,2C,63,FF, 
 [2020/8/21 20:24:09 , Normal] -> 接受数据 : EE,05,01,00,F4,FF, 
 [2020/8/21 20:24:09 , Normal] -> 接受数据 : EE,45,03,00,01,36,6D,FF, 
 [2020/8/21 20:24:09 , Normal] -> 接受数据 : EE,05,01,00,F4,FF, 
 [2020/8/21 20:24:09 , Normal] -> 接受数据 : EE,45,03,00,01,40,77,FF, 
 [2020/8/21 20:24:09 , Normal] -> 接受数据 : EE,05,01,00,F4,FF, 
 [2020/8/21 20:24:10 , Normal] -> 接受数据 : EE,45,03,00,01,4A,81,FF, 
 [2020/8/21 20:24:10 , Normal] -> 接受数据 : EE,05,01,00,F4,FF, 
 [2020/8/21 20:24:10 , Normal] -> 接受数据 : EE,45,03,00,01,54,8B,FF, 
 [2020/8/21 20:24:10 , Normal] -> 接受数据 : EE,05,01,00,F4,FF, 
 [2020/8/21 20:24:10 , Normal] -> 接受数据 : EE,45,03,00,01,5E,95,FF, 
 [2020/8/21 20:24:11 , Normal] -> 接受数据 : EE,05,01,00,F4,FF, 
 [2020/8/21 20:24:11 , Normal] -> 接受数据 : EE,45,03,00,01,68,9F,FF, 
 [2020/8/21 20:24:11 , Normal] -> 接受数据 : EE,05,01,00,F4,FF, 
 [2020/8/21 20:24:11 , Normal] -> 接受数据 : EE,45,03,00,01,72,A9,FF, 
 [2020/8/21 20:24:11 , Normal] -> 接受数据 : EE,05,01,00,F4,FF, 
 [2020/8/21 20:24:13 , Normal] -> 接受数据 : EE,45,03,00,01,7C,B3,FF, 
 [2020/8/21 20:24:13 , Normal] -> 接受数据 : EE,05,01,00,F4,FF, 
 [2020/8/21 20:24:13 , Normal] -> 接受数据 : EE,45,03,00,01,AE,E5,FF, 
 [2020/8/21 20:24:14 , Normal] -> 接受数据 : EE,05,01,00,F4,FF, 
 [2020/8/21 20:24:14 , Normal] -> 接受数据 : EE,45,03,00,01,E0,17,FF, 
 [2020/8/21 20:24:15 , Normal] -> 接受数据 : EE,05,01,00,F4,FF, 
 [2020/8/21 20:24:16 , Normal] -> 接受数据 : EE,45,03,00,02,12,4A,FF, 
 [2020/8/21 20:24:16 , Normal] -> 接受数据 : EE,05,01,00,F4,FF, 
 [2020/8/21 20:24:17 , Normal] -> 接受数据 : EE,45,03,00,02,44,7C,FF, 
 [2020/8/21 20:24:18 , Normal] -> 接受数据 : EE,05,01,00,F4,FF, 
 [2020/8/21 20:24:18 , Normal] -> 接受数据 : EE,45,03,00,02,76,AE,FF, 
 [2020/8/21 20:24:19 , Normal] -> 接受数据 : EE,05,01,00,F4,FF, 
 [2020/8/21 20:24:19 , Normal] -> 接受数据 : EE,45,03,00,02,A8,E0,FF, 
 [2020/8/21 20:24:20 , Normal] -> 接受数据 : EE,05,01,00,F4,FF, 
 [2020/8/21 20:24:20 , Normal] -> 接受数据 : EE,45,03,00,02,DA,12,FF, 
 [2020/8/21 20:24:21 , Normal] -> 接受数据 : EE,05,01,00,F4,FF, 
 [2020/8/21 20:24:21 , Normal] -> 接受数据 : EE,45,03,00,03,0C,45,FF, 
 [2020/8/21 20:24:22 , Normal] -> 接受数据 : EE,05,01,00,F4,FF, 
 [2020/8/21 20:24:23 , Normal] -> 接受数据 : EE,45,03,00,03,3E,77,FF, 
 [2020/8/21 20:24:23 , Normal] -> 接受数据 : EE,05,01,00,F4,FF, 
 [2020/8/21 20:24:24 , Normal] -> 接受数据 : EE,45,03,00,03,70,A9,FF, 
 [2020/8/21 20:24:24 , Normal] -> 接受数据 : EE,05,01,00,F4,FF, 
 [2020/8/21 20:24:25 , Normal] -> 接受数据 : EE,45,03,00,03,A2,DB,FF, 
 [2020/8/21 20:24:25 , Normal] -> 接受数据 : EE,05,01,00,F4,FF, 
 [2020/8/21 20:24:26 , Normal] -> 接受数据 : EE,45,03,00,03,D4,0D,FF, 
 [2020/8/21 20:24:26 , Normal] -> 接受数据 : EE,05,01,00,F4,FF, 
 [2020/8/21 20:24:27 , Normal] -> 接受数据 : EE,45,03,00,04,06,40,FF, 
 [2020/8/21 20:24:27 , Normal] -> 接受数据 : EE,05,01,00,F4,FF, 
 [2020/8/21 20:24:28 , Normal] -> 接受数据 : EE,45,03,00,04,38,72,FF, 
 [2020/8/21 20:24:28 , Normal] -> 接受数据 : EE,05,01,00,F4,FF, 
 [2020/8/21 20:24:29 , Normal] -> 接受数据 : EE,45,03,00,04,6A,A4,FF, 
 [2020/8/21 20:24:29 , Normal] -> 接受数据 : EE,05,01,00,F4,FF, 
 [2020/8/21 20:24:30 , Normal] -> 接受数据 : EE,45,03,00,04,9C,D6,FF, 
 [2020/8/21 20:24:30 , Normal] -> 接受数据 : EE,05,01,00,F4,FF, 
 [2020/8/21 20:24:31 , Normal] -> 接受数据 : EE,45,03,00,04,CE,08,FF, 
 [2020/8/21 20:24:31 , Normal] -> 接受数据 : EE,05,01,00,F4,FF, 
 [2020/8/21 20:24:31 , Normal] -> 接受数据 : EE,45,03,00,05,00,3B,FF, 
 [2020/8/21 20:24:32 , Normal] -> 接受数据 : EE,05,01,00,F4,FF, 
 [2020/8/21 20:24:32 , Normal] -> 接受数据 : EE,45,03,00,05,32,6D,FF, 
 [2020/8/21 20:24:33 , Normal] -> 接受数据 : EE,05,01,00,F4,FF, 
 [2020/8/21 20:24:56 , Normal] -> 接受数据 : EE,55,01,00,44,FF, 
 [2020/8/21 20:28:37 , Normal] -> 添加路由! 
 [2020/8/21 20:28:37 , Normal] -> 服务器启动成功 
 [2020/8/21 20:28:37 , Normal] -> 连接控制成功 
 [2020/8/21 20:28:37 , Normal] -> 接受数据 : EE,30,01,00,1F,FF, 
 [2020/8/21 20:30:29 , Normal] -> 添加路由! 
 [2020/8/21 20:30:29 , Normal] -> 服务器启动成功 
 [2020/8/21 20:30:29 , Normal] -> 连接控制成功 
 [2020/8/21 20:30:30 , Normal] -> 接受数据 : EE,30,01,00,1F,FF, 
 [2020/8/21 20:30:40 , Normal] -> 接受数据 : EE,41,03,00,00,00,32,FF, 
 [2020/8/21 20:31:58 , Normal] -> 添加路由! 
 [2020/8/21 20:31:58 , Normal] -> 服务器启动成功 
 [2020/8/21 20:31:59 , Normal] -> 连接控制成功 
 [2020/8/21 20:32:00 , Normal] -> 接受数据 : EE,30,01,00,1F,FF, 
 [2020/8/21 20:32:04 , Normal] -> 接受数据 : EE,41,03,00,00,00,32,FF, 
 [2020/8/21 20:37:16 , Normal] -> 添加路由! 
 [2020/8/21 20:37:16 , Normal] -> 服务器启动成功 
 [2020/8/21 20:37:16 , Normal] -> 连接控制成功 
 [2020/8/21 20:37:20 , Normal] -> 接受数据 : EE,30,01,00,1F,FF, 
 [2020/8/21 20:37:29 , Normal] -> 接受数据 : EE,41,03,00,00,00,32,FF, 
 [2020/8/21 20:37:43 , Normal] -> 接受数据 : EE,01,01,00,F0,FF, 
 [2020/8/21 20:37:50 , Normal] -> 接受数据 : EE,41,03,00,00,0A,3C,FF, 
 [2020/8/21 20:37:53 , Normal] -> 接受数据 : EE,01,01,00,F0,FF, 
 [2020/8/21 20:37:55 , Normal] -> 接受数据 : EE,41,03,00,00,14,46,FF, 
 [2020/8/21 20:37:55 , Normal] -> 接受数据 : EE,01,01,00,F0,FF, 
 [2020/8/21 20:37:56 , Normal] -> 接受数据 : EE,41,03,00,00,1E,50,FF, 
 [2020/8/21 20:37:56 , Normal] -> 接受数据 : EE,01,01,00,F0,FF, 
 [2020/8/21 20:37:56 , Normal] -> 接受数据 : EE,41,03,00,00,28,5A,FF, 
 [2020/8/21 20:37:56 , Normal] -> 接受数据 : EE,01,01,00,F0,FF, 
 [2020/8/21 20:37:57 , Normal] -> 接受数据 : EE,41,03,00,00,32,64,FF, 
 [2020/8/21 20:37:57 , Normal] -> 接受数据 : EE,01,01,00,F0,FF, 
 [2020/8/21 20:37:57 , Normal] -> 接受数据 : EE,41,03,00,00,3C,6E,FF, 
 [2020/8/21 20:37:57 , Normal] -> 接受数据 : EE,01,01,00,F0,FF, 
 [2020/8/21 20:37:57 , Normal] -> 接受数据 : EE,41,03,00,00,46,78,FF, 
 [2020/8/21 20:37:57 , Normal] -> 接受数据 : EE,01,01,00,F0,FF, 
 [2020/8/21 20:37:57 , Normal] -> 接受数据 : EE,41,03,00,00,50,82,FF, 
 [2020/8/21 20:37:57 , Normal] -> 接受数据 : EE,01,01,00,F0,FF, 
 [2020/8/21 20:37:57 , Normal] -> 接受数据 : EE,41,03,00,00,5A,8C,FF, 
 [2020/8/21 20:37:57 , Normal] -> 接受数据 : EE,01,01,00,F0,FF, 
 [2020/8/21 20:37:58 , Normal] -> 接受数据 : EE,41,03,00,00,64,96,FF, 
 [2020/8/21 20:37:58 , Normal] -> 接受数据 : EE,01,01,00,F0,FF, 
 [2020/8/21 20:37:58 , Normal] -> 接受数据 : EE,41,03,00,00,6E,A0,FF, 
 [2020/8/21 20:37:58 , Normal] -> 接受数据 : EE,01,01,00,F0,FF, 
 [2020/8/21 20:37:58 , Normal] -> 接受数据 : EE,41,03,00,00,78,AA,FF, 
 [2020/8/21 20:37:58 , Normal] -> 接受数据 : EE,01,01,00,F0,FF, 
 [2020/8/21 20:37:58 , Normal] -> 接受数据 : EE,41,03,00,00,82,B4,FF, 
 [2020/8/21 20:37:58 , Normal] -> 接受数据 : EE,01,01,00,F0,FF, 
 [2020/8/21 20:38:01 , Normal] -> 接受数据 : EE,41,03,00,00,8C,BE,FF, 
 [2020/8/21 20:38:01 , Normal] -> 接受数据 : EE,01,01,00,F0,FF, 
 [2020/8/21 20:38:02 , Normal] -> 接受数据 : EE,41,03,00,00,82,B4,FF, 
 [2020/8/21 20:38:02 , Normal] -> 接受数据 : EE,01,01,00,F0,FF, 
 [2020/8/21 20:38:02 , Normal] -> 接受数据 : EE,41,03,00,00,78,AA,FF, 
 [2020/8/21 20:38:02 , Normal] -> 接受数据 : EE,01,01,00,F0,FF, 
 [2020/8/21 20:38:02 , Normal] -> 接受数据 : EE,41,03,00,00,6E,A0,FF, 
 [2020/8/21 20:38:02 , Normal] -> 接受数据 : EE,01,01,00,F0,FF, 
 [2020/8/21 20:38:02 , Normal] -> 接受数据 : EE,41,03,00,00,64,96,FF, 
 [2020/8/21 20:38:02 , Normal] -> 接受数据 : EE,01,01,00,F0,FF, 
 [2020/8/21 20:38:03 , Normal] -> 接受数据 : EE,41,03,00,00,5A,8C,FF, 
 [2020/8/21 20:38:03 , Normal] -> 接受数据 : EE,01,01,00,F0,FF, 
 [2020/8/21 20:38:03 , Normal] -> 接受数据 : EE,41,03,00,00,50,82,FF, 
 [2020/8/21 20:38:03 , Normal] -> 接受数据 : EE,01,01,00,F0,FF, 
 [2020/8/21 20:38:03 , Normal] -> 接受数据 : EE,41,03,00,00,46,78,FF, 
 [2020/8/21 20:38:03 , Normal] -> 接受数据 : EE,01,01,00,F0,FF, 
 [2020/8/21 20:38:03 , Normal] -> 接受数据 : EE,41,03,00,00,3C,6E,FF, 
 [2020/8/21 20:38:03 , Normal] -> 接受数据 : EE,01,01,00,F0,FF, 
 [2020/8/21 20:38:03 , Normal] -> 接受数据 : EE,41,03,00,00,32,64,FF, 
 [2020/8/21 20:38:04 , Normal] -> 接受数据 : EE,01,01,00,F0,FF, 
 [2020/8/21 20:38:04 , Normal] -> 接受数据 : EE,41,03,00,00,28,5A,FF, 
 [2020/8/21 20:38:04 , Normal] -> 接受数据 : EE,01,01,00,F0,FF, 
 [2020/8/21 20:38:04 , Normal] -> 接受数据 : EE,41,03,00,00,1E,50,FF, 
 [2020/8/21 20:38:04 , Normal] -> 接受数据 : EE,01,01,00,F0,FF, 
 [2020/8/21 20:38:04 , Normal] -> 接受数据 : EE,41,03,00,00,14,46,FF, 
 [2020/8/21 20:38:04 , Normal] -> 接受数据 : EE,01,01,00,F0,FF, 
 [2020/8/21 20:38:05 , Normal] -> 接受数据 : EE,41,03,00,00,0A,3C,FF, 
 [2020/8/21 20:38:05 , Normal] -> 接受数据 : EE,01,01,00,F0,FF, 
 [2020/8/21 20:38:05 , Normal] -> 接受数据 : EE,41,03,00,00,00,32,FF, 
 [2020/8/21 20:44:22 , Normal] -> 添加路由! 
 [2020/8/21 20:44:22 , Normal] -> 服务器启动成功 
 [2020/8/21 20:44:22 , Normal] -> 连接控制成功 
 [2020/8/21 20:44:23 , Normal] -> 接受数据 : EE,30,01,00,1F,FF, 
 [2020/8/21 20:44:54 , Normal] -> 接受数据 : EE,43,03,00,00,00,34,FF, 
 [2020/8/21 20:47:09 , Normal] -> 添加路由! 
 [2020/8/21 20:47:10 , Normal] -> 服务器启动成功 
 [2020/8/21 20:47:10 , Normal] -> 连接控制成功 
 [2020/8/21 20:47:11 , Normal] -> 接受数据 : EE,30,01,00,1F,FF, 
 [2020/8/21 20:47:15 , Normal] -> 接受数据 : EE,43,03,00,00,00,34,FF, 
 [2020/8/21 20:47:29 , Normal] -> 接受数据 : EE,03,01,00,F2,FF, 
 [2020/8/21 20:47:35 , Normal] -> 接受数据 : EE,43,03,00,00,0A,3E,FF, 
 [2020/8/21 20:47:35 , Normal] -> 接受数据 : EE,03,01,00,F2,FF, 
 [2020/8/21 20:47:37 , Normal] -> 接受数据 : EE,43,03,00,00,14,48,FF, 
 [2020/8/21 20:47:37 , Normal] -> 接受数据 : EE,03,01,00,F2,FF, 
 [2020/8/21 20:47:39 , Normal] -> 接受数据 : EE,43,03,00,00,1E,52,FF, 
 [2020/8/21 20:47:39 , Normal] -> 接受数据 : EE,03,01,00,F2,FF, 
 [2020/8/21 20:47:40 , Normal] -> 接受数据 : EE,43,03,00,00,28,5C,FF, 
 [2020/8/21 20:47:40 , Normal] -> 接受数据 : EE,03,01,00,F2,FF, 
 [2020/8/21 20:47:40 , Normal] -> 接受数据 : EE,43,03,00,00,32,66,FF, 
 [2020/8/21 20:47:40 , Normal] -> 接受数据 : EE,03,01,00,F2,FF, 
 [2020/8/21 20:47:40 , Normal] -> 接受数据 : EE,43,03,00,00,3C,70,FF, 
 [2020/8/21 20:47:40 , Normal] -> 接受数据 : EE,03,01,00,F2,FF, 
 [2020/8/21 20:47:41 , Normal] -> 接受数据 : EE,43,03,00,00,46,7A,FF, 
 [2020/8/21 20:47:41 , Normal] -> 接受数据 : EE,03,01,00,F2,FF, 
 [2020/8/21 20:47:41 , Normal] -> 接受数据 : EE,43,03,00,00,50,84,FF, 
 [2020/8/21 20:47:41 , Normal] -> 接受数据 : EE,03,01,00,F2,FF, 
 [2020/8/21 20:47:41 , Normal] -> 接受数据 : EE,43,03,00,00,5A,8E,FF, 
 [2020/8/21 20:47:41 , Normal] -> 接受数据 : EE,03,01,00,F2,FF, 
 [2020/8/21 20:47:41 , Normal] -> 接受数据 : EE,43,03,00,00,64,98,FF, 
 [2020/8/21 20:47:41 , Normal] -> 接受数据 : EE,03,01,00,F2,FF, 
 [2020/8/21 20:47:41 , Normal] -> 接受数据 : EE,43,03,00,00,6E,A2,FF, 
 [2020/8/21 20:47:41 , Normal] -> 接受数据 : EE,03,01,00,F2,FF, 
 [2020/8/21 20:47:41 , Normal] -> 接受数据 : EE,43,03,00,00,78,AC,FF, 
 [2020/8/21 20:47:42 , Normal] -> 接受数据 : EE,03,01,00,F2,FF, 
 [2020/8/21 20:47:49 , Normal] -> 接受数据 : EE,43,03,00,00,82,B6,FF, 
 [2020/8/21 20:47:52 , Normal] -> 接受数据 : EE,03,01,00,F2,FF, 
 [2020/8/21 20:47:55 , Normal] -> 接受数据 : EE,43,03,00,00,78,AC,FF, 
 [2020/8/21 20:47:55 , Normal] -> 接受数据 : EE,03,01,00,F2,FF, 
 [2020/8/21 20:47:55 , Normal] -> 接受数据 : EE,43,03,00,00,6E,A2,FF, 
 [2020/8/21 20:47:55 , Normal] -> 接受数据 : EE,03,01,00,F2,FF, 
 [2020/8/21 20:47:55 , Normal] -> 接受数据 : EE,43,03,00,00,64,98,FF, 
 [2020/8/21 20:47:55 , Normal] -> 接受数据 : EE,03,01,00,F2,FF, 
 [2020/8/21 20:47:55 , Normal] -> 接受数据 : EE,43,03,00,00,5A,8E,FF, 
 [2020/8/21 20:47:56 , Normal] -> 接受数据 : EE,03,01,00,F2,FF, 
 [2020/8/21 20:47:57 , Normal] -> 接受数据 : EE,43,03,00,00,50,84,FF, 
 [2020/8/21 20:47:57 , Normal] -> 接受数据 : EE,03,01,00,F2,FF, 
 [2020/8/21 20:47:57 , Normal] -> 接受数据 : EE,43,03,00,00,5A,8E,FF, 
 [2020/8/21 20:47:57 , Normal] -> 接受数据 : EE,03,01,00,F2,FF, 
 [2020/8/21 20:47:57 , Normal] -> 接受数据 : EE,43,03,00,00,64,98,FF, 
 [2020/8/21 20:47:57 , Normal] -> 接受数据 : EE,03,01,00,F2,FF, 
 [2020/8/21 20:47:57 , Normal] -> 接受数据 : EE,43,03,00,00,6E,A2,FF, 
 [2020/8/21 20:47:57 , Normal] -> 接受数据 : EE,03,01,00,F2,FF, 
 [2020/8/21 20:47:58 , Normal] -> 接受数据 : EE,43,03,00,00,78,AC,FF, 
 [2020/8/21 20:47:58 , Normal] -> 接受数据 : EE,03,01,00,F2,FF, 
 [2020/8/21 20:47:58 , Normal] -> 接受数据 : EE,43,03,00,00,6E,A2,FF, 
 [2020/8/21 20:47:59 , Normal] -> 接受数据 : EE,03,01,00,F2,FF, 
 [2020/8/21 20:47:59 , Normal] -> 接受数据 : EE,43,03,00,00,64,98,FF, 
 [2020/8/21 20:47:59 , Normal] -> 接受数据 : EE,03,01,00,F2,FF, 
 [2020/8/21 20:51:01 , Normal] -> 添加路由! 
 [2020/8/21 20:51:01 , Normal] -> 服务器启动成功 
 [2020/8/21 20:51:01 , Normal] -> 连接控制成功 
 [2020/8/21 20:51:02 , Normal] -> 接受数据 : EE,30,01,00,1F,FF, 
 [2020/8/21 20:51:13 , Normal] -> 接受数据 : EE,44,03,00,00,00,35,FF, 
 [2020/8/21 20:51:20 , Normal] -> 接受数据 : EE,04,01,00,F3,FF, 
 [2020/8/21 20:51:24 , Normal] -> 接受数据 : EE,44,03,00,00,0A,3F,FF, 
 [2020/8/21 20:51:24 , Normal] -> 接受数据 : EE,04,01,00,F3,FF, 
 [2020/8/21 20:51:26 , Normal] -> 接受数据 : EE,44,03,00,00,14,49,FF, 
 [2020/8/21 20:51:26 , Normal] -> 接受数据 : EE,04,01,00,F3,FF, 
 [2020/8/21 20:51:27 , Normal] -> 接受数据 : EE,44,03,00,00,1E,53,FF, 
 [2020/8/21 20:51:27 , Normal] -> 接受数据 : EE,04,01,00,F3,FF, 
 [2020/8/21 20:51:27 , Normal] -> 接受数据 : EE,44,03,00,00,28,5D,FF, 
 [2020/8/21 20:51:27 , Normal] -> 接受数据 : EE,04,01,00,F3,FF, 
 [2020/8/21 20:51:28 , Normal] -> 接受数据 : EE,44,03,00,00,32,67,FF, 
 [2020/8/21 20:51:28 , Normal] -> 接受数据 : EE,04,01,00,F3,FF, 
 [2020/8/21 20:51:28 , Normal] -> 接受数据 : EE,44,03,00,00,3C,71,FF, 
 [2020/8/21 20:51:28 , Normal] -> 接受数据 : EE,04,01,00,F3,FF, 
 [2020/8/21 20:51:28 , Normal] -> 接受数据 : EE,44,03,00,00,46,7B,FF, 
 [2020/8/21 20:51:28 , Normal] -> 接受数据 : EE,04,01,00,F3,FF, 
 [2020/8/21 20:51:28 , Normal] -> 接受数据 : EE,44,03,00,00,50,85,FF, 
 [2020/8/21 20:51:28 , Normal] -> 接受数据 : EE,04,01,00,F3,FF, 
 [2020/8/21 20:51:28 , Normal] -> 接受数据 : EE,44,03,00,00,5A,8F,FF, 
 [2020/8/21 20:51:29 , Normal] -> 接受数据 : EE,04,01,00,F3,FF, 
 [2020/8/21 20:51:29 , Normal] -> 接受数据 : EE,44,03,00,00,64,99,FF, 
 [2020/8/21 20:51:29 , Normal] -> 接受数据 : EE,04,01,00,F3,FF, 
 [2020/8/21 20:51:29 , Normal] -> 接受数据 : EE,44,03,00,00,6E,A3,FF, 
 [2020/8/21 20:51:29 , Normal] -> 接受数据 : EE,04,01,00,F3,FF, 
 [2020/8/21 20:51:29 , Normal] -> 接受数据 : EE,44,03,00,00,78,AD,FF, 
 [2020/8/21 20:51:29 , Normal] -> 接受数据 : EE,04,01,00,F3,FF, 
 [2020/8/21 20:51:30 , Normal] -> 接受数据 : EE,44,03,00,00,82,B7,FF, 
 [2020/8/21 20:51:30 , Normal] -> 接受数据 : EE,04,01,00,F3,FF, 
 [2020/8/21 20:51:31 , Normal] -> 接受数据 : EE,44,03,00,00,78,AD,FF, 
 [2020/8/21 20:51:31 , Normal] -> 接受数据 : EE,04,01,00,F3,FF, 
 [2020/8/21 20:51:31 , Normal] -> 接受数据 : EE,44,03,00,00,6E,A3,FF, 
 [2020/8/21 20:51:31 , Normal] -> 接受数据 : EE,04,01,00,F3,FF, 
 [2020/8/21 20:51:31 , Normal] -> 接受数据 : EE,44,03,00,00,64,99,FF, 
 [2020/8/21 20:51:32 , Normal] -> 接受数据 : EE,04,01,00,F3,FF, 
 [2020/8/21 20:51:32 , Normal] -> 接受数据 : EE,44,03,00,00,5A,8F,FF, 
 [2020/8/21 20:51:32 , Normal] -> 接受数据 : EE,04,01,00,F3,FF, 
 [2020/8/21 20:51:33 , Normal] -> 接受数据 : EE,44,03,00,00,50,85,FF, 
 [2020/8/21 20:51:33 , Normal] -> 接受数据 : EE,04,01,00,F3,FF, 
 [2020/8/21 20:51:34 , Normal] -> 接受数据 : EE,44,03,00,00,5A,8F,FF, 
 [2020/8/21 20:51:34 , Normal] -> 接受数据 : EE,04,01,00,F3,FF, 
 [2020/8/21 20:51:34 , Normal] -> 接受数据 : EE,44,03,00,00,64,99,FF, 
 [2020/8/21 20:51:34 , Normal] -> 接受数据 : EE,04,01,00,F3,FF, 
 [2020/8/21 20:51:34 , Normal] -> 接受数据 : EE,44,03,00,00,6E,A3,FF, 
 [2020/8/21 20:51:34 , Normal] -> 接受数据 : EE,04,01,00,F3,FF, 
 [2020/8/21 20:52:47 , Normal] -> 添加路由! 
 [2020/8/21 20:52:47 , Normal] -> 服务器启动成功 
 [2020/8/21 20:52:47 , Normal] -> 连接控制成功 
 [2020/8/21 20:52:48 , Normal] -> 接受数据 : EE,30,01,00,1F,FF, 
 [2020/8/21 20:52:52 , Normal] -> 接受数据 : EE,54,01,00,43,FF, 
 [2020/8/21 20:53:00 , Normal] -> 接受数据 : EE,53,01,00,42,FF, 
 [2020/8/21 20:56:41 , Normal] -> 添加路由! 
 [2020/8/21 20:56:41 , Normal] -> 服务器启动成功 
 [2020/8/21 20:56:41 , Normal] -> 连接控制成功 
 [2020/8/21 20:56:42 , Normal] -> 接受数据 : EE,30,01,00,1F,FF, 
 [2020/8/21 20:56:48 , Normal] -> 接受数据 : EE,45,03,00,00,00,36,FF, 
 [2020/8/21 20:56:48 , Normal] -> 接受数据 : EE,05,01,00,F4,FF, 
 [2020/8/21 20:56:50 , Normal] -> 接受数据 : EE,45,03,00,00,0A,40,FF, 
 [2020/8/21 20:56:50 , Normal] -> 接受数据 : EE,05,01,00,F4,FF, 
 [2020/8/21 20:56:50 , Normal] -> 接受数据 : EE,45,03,00,00,14,4A,FF, 
 [2020/8/21 20:56:50 , Normal] -> 接受数据 : EE,05,01,00,F4,FF, 
 [2020/8/21 20:56:50 , Normal] -> 接受数据 : EE,45,03,00,00,1E,54,FF, 
 [2020/8/21 20:56:51 , Normal] -> 接受数据 : EE,05,01,00,F4,FF, 
 [2020/8/21 20:56:51 , Normal] -> 接受数据 : EE,45,03,00,00,28,5E,FF, 
 [2020/8/21 20:56:51 , Normal] -> 接受数据 : EE,05,01,00,F4,FF, 
 [2020/8/21 20:56:51 , Normal] -> 接受数据 : EE,45,03,00,00,1E,54,FF, 
 [2020/8/21 20:56:51 , Normal] -> 接受数据 : EE,05,01,00,F4,FF, 
 [2020/8/21 20:56:51 , Normal] -> 接受数据 : EE,45,03,00,00,14,4A,FF, 
 [2020/8/21 20:56:52 , Normal] -> 接受数据 : EE,05,01,00,F4,FF, 
 [2020/8/21 20:56:52 , Normal] -> 接受数据 : EE,45,03,00,00,0A,40,FF, 
 [2020/8/21 20:56:52 , Normal] -> 接受数据 : EE,05,01,00,F4,FF, 
 [2020/8/21 20:56:54 , Normal] -> 接受数据 : EE,44,03,00,00,00,35,FF, 
 [2020/8/21 20:56:55 , Normal] -> 接受数据 : EE,04,01,00,F3,FF, 
 [2020/8/21 20:56:55 , Normal] -> 接受数据 : EE,44,03,00,00,0A,3F,FF, 
 [2020/8/21 20:56:55 , Normal] -> 接受数据 : EE,04,01,00,F3,FF, 
 [2020/8/21 20:56:55 , Normal] -> 接受数据 : EE,44,03,00,00,14,49,FF, 
 [2020/8/21 20:56:55 , Normal] -> 接受数据 : EE,04,01,00,F3,FF, 
 [2020/8/21 20:56:55 , Normal] -> 接受数据 : EE,44,03,00,00,1E,53,FF, 
 [2020/8/21 20:56:55 , Normal] -> 接受数据 : EE,04,01,00,F3,FF, 
 [2020/8/21 20:56:55 , Normal] -> 接受数据 : EE,44,03,00,00,28,5D,FF, 
 [2020/8/21 20:56:56 , Normal] -> 接受数据 : EE,04,01,00,F3,FF, 
 [2020/8/21 20:56:56 , Normal] -> 接受数据 : EE,44,03,00,00,32,67,FF, 
 [2020/8/21 20:56:56 , Normal] -> 接受数据 : EE,04,01,00,F3,FF, 
 [2020/8/21 20:56:56 , Normal] -> 接受数据 : EE,44,03,00,00,28,5D,FF, 
 [2020/8/21 20:56:56 , Normal] -> 接受数据 : EE,04,01,00,F3,FF, 
 [2020/8/21 20:56:57 , Normal] -> 接受数据 : EE,44,03,00,00,1E,53,FF, 
 [2020/8/21 20:56:57 , Normal] -> 接受数据 : EE,04,01,00,F3,FF, 
 [2020/8/21 20:56:57 , Normal] -> 接受数据 : EE,44,03,00,00,14,49,FF, 
 [2020/8/21 20:56:57 , Normal] -> 接受数据 : EE,04,01,00,F3,FF, 
 [2020/8/21 20:56:59 , Normal] -> 接受数据 : EE,43,03,00,00,00,34,FF, 
 [2020/8/21 20:57:00 , Normal] -> 接受数据 : EE,03,01,00,F2,FF, 
 [2020/8/21 20:57:00 , Normal] -> 接受数据 : EE,43,03,00,00,0A,3E,FF, 
 [2020/8/21 20:57:00 , Normal] -> 接受数据 : EE,03,01,00,F2,FF, 
 [2020/8/21 20:57:00 , Normal] -> 接受数据 : EE,43,03,00,00,14,48,FF, 
 [2020/8/21 20:57:00 , Normal] -> 接受数据 : EE,03,01,00,F2,FF, 
 [2020/8/21 20:57:00 , Normal] -> 接受数据 : EE,43,03,00,00,1E,52,FF, 
 [2020/8/21 20:57:00 , Normal] -> 接受数据 : EE,03,01,00,F2,FF, 
 [2020/8/21 20:57:01 , Normal] -> 接受数据 : EE,43,03,00,00,28,5C,FF, 
 [2020/8/21 20:57:01 , Normal] -> 接受数据 : EE,03,01,00,F2,FF, 
 [2020/8/21 20:57:02 , Normal] -> 接受数据 : EE,43,03,00,00,1E,52,FF, 
 [2020/8/21 20:57:02 , Normal] -> 接受数据 : EE,03,01,00,F2,FF, 
 [2020/8/21 20:57:05 , Normal] -> 接受数据 : EE,42,03,00,00,00,33,FF, 
 [2020/8/21 20:57:08 , Normal] -> 接受数据 : EE,02,01,00,F1,FF, 
 [2020/8/21 20:57:11 , Normal] -> 接受数据 : EE,42,03,00,00,0A,3D,FF, 
 [2020/8/21 20:57:11 , Normal] -> 接受数据 : EE,02,01,00,F1,FF, 
 [2020/8/21 20:57:11 , Normal] -> 接受数据 : EE,42,03,00,00,14,47,FF, 
 [2020/8/21 20:57:11 , Normal] -> 接受数据 : EE,02,01,00,F1,FF, 
 [2020/8/21 20:57:11 , Normal] -> 接受数据 : EE,42,03,00,00,1E,51,FF, 
 [2020/8/21 20:57:11 , Normal] -> 接受数据 : EE,02,01,00,F1,FF, 
 [2020/8/21 20:57:11 , Normal] -> 接受数据 : EE,42,03,00,00,28,5B,FF, 
 [2020/8/21 20:57:11 , Normal] -> 接受数据 : EE,02,01,00,F1,FF, 
 [2020/8/21 20:57:12 , Normal] -> 接受数据 : EE,42,03,00,00,32,65,FF, 
 [2020/8/21 20:57:12 , Normal] -> 接受数据 : EE,02,01,00,F1,FF, 
 [2020/8/21 20:57:12 , Normal] -> 接受数据 : EE,42,03,00,00,3C,6F,FF, 
 [2020/8/21 20:57:12 , Normal] -> 接受数据 : EE,02,01,00,F1,FF, 
 [2020/8/21 20:57:13 , Normal] -> 接受数据 : EE,42,03,00,00,46,79,FF, 
 [2020/8/21 20:57:13 , Normal] -> 接受数据 : EE,02,01,00,F1,FF, 
 [2020/8/21 20:57:13 , Normal] -> 接受数据 : EE,42,03,00,00,3C,6F,FF, 
 [2020/8/21 20:57:13 , Normal] -> 接受数据 : EE,02,01,00,F1,FF, 
 [2020/8/21 20:57:13 , Normal] -> 接受数据 : EE,42,03,00,00,32,65,FF, 
 [2020/8/21 20:57:13 , Normal] -> 接受数据 : EE,02,01,00,F1,FF, 
 [2020/8/21 20:57:13 , Normal] -> 接受数据 : EE,42,03,00,00,28,5B,FF, 
 [2020/8/21 20:57:14 , Normal] -> 接受数据 : EE,02,01,00,F1,FF, 
 [2020/8/21 20:57:15 , Normal] -> 接受数据 : EE,41,03,00,00,00,32,FF, 
 [2020/8/21 20:57:15 , Normal] -> 接受数据 : EE,01,01,00,F0,FF, 
 [2020/8/21 20:57:15 , Normal] -> 接受数据 : EE,41,03,00,00,0A,3C,FF, 
 [2020/8/21 20:57:15 , Normal] -> 接受数据 : EE,01,01,00,F0,FF, 
 [2020/8/21 20:57:15 , Normal] -> 接受数据 : EE,41,03,00,00,14,46,FF, 
 [2020/8/21 20:57:15 , Normal] -> 接受数据 : EE,01,01,00,F0,FF, 
 [2020/8/21 20:57:15 , Normal] -> 接受数据 : EE,41,03,00,00,1E,50,FF, 
 [2020/8/21 20:57:15 , Normal] -> 接受数据 : EE,01,01,00,F0,FF, 
 [2020/8/21 20:57:16 , Normal] -> 接受数据 : EE,41,03,00,00,28,5A,FF, 
 [2020/8/21 20:57:16 , Normal] -> 接受数据 : EE,01,01,00,F0,FF, 
 [2020/8/21 20:57:16 , Normal] -> 接受数据 : EE,41,03,00,00,32,64,FF, 
 [2020/8/21 20:57:16 , Normal] -> 接受数据 : EE,01,01,00,F0,FF, 
 [2020/8/21 20:57:17 , Normal] -> 接受数据 : EE,41,03,00,00,3C,6E,FF, 
 [2020/8/21 20:57:17 , Normal] -> 接受数据 : EE,01,01,00,F0,FF, 
 [2020/8/21 20:57:17 , Normal] -> 接受数据 : EE,41,03,00,00,32,64,FF, 
 [2020/8/21 20:57:17 , Normal] -> 接受数据 : EE,01,01,00,F0,FF, 
 [2020/8/21 20:57:17 , Normal] -> 接受数据 : EE,41,03,00,00,28,5A,FF, 
 [2020/8/21 20:57:17 , Normal] -> 接受数据 : EE,01,01,00,F0,FF, 
 [2020/8/21 20:57:18 , Normal] -> 接受数据 : EE,41,03,00,00,1E,50,FF, 
 [2020/8/21 20:57:18 , Normal] -> 接受数据 : EE,01,01,00,F0,FF, 
 [2020/8/21 21:01:52 , Normal] -> 添加路由! 
 [2020/8/21 21:01:52 , Normal] -> 服务器启动成功 
 [2020/8/21 21:01:52 , Normal] -> 连接控制成功 
 [2020/8/21 21:01:53 , Normal] -> 接受数据 : EE,30,01,00,1F,FF, 
 [2020/8/21 21:04:10 , Normal] -> 接受数据 : EE,45,03,00,00,00,36,FF, 
 [2020/8/21 21:04:11 , Normal] -> 接受数据 : EE,05,01,00,F4,FF, 
 [2020/8/21 21:04:46 , Normal] -> 接受数据 : EE,45,03,00,00,0A,40,FF, 
 [2020/8/21 21:04:46 , Normal] -> 接受数据 : EE,05,01,00,F4,FF, 
 [2020/8/21 21:05:11 , Normal] -> 接受数据 : EE,45,03,00,00,14,4A,FF, 
 [2020/8/21 21:05:12 , Normal] -> 接受数据 : EE,05,01,00,F4,FF, 
 [2020/8/21 21:10:40 , Normal] -> 接受数据 : EE,45,03,00,00,1E,54,FF, 
 [2020/8/21 21:10:41 , Normal] -> 接受数据 : EE,05,01,00,F4,FF, 
 [2020/8/21 21:10:43 , Normal] -> 接受数据 : EE,45,03,00,00,28,5E,FF, 
 [2020/8/21 21:10:43 , Normal] -> 接受数据 : EE,05,01,00,F4,FF, 
 [2020/8/21 21:10:44 , Normal] -> 接受数据 : EE,45,03,00,00,32,68,FF, 
 [2020/8/21 21:10:45 , Normal] -> 接受数据 : EE,05,01,00,F4,FF, 
 [2020/8/21 21:10:51 , Normal] -> 接受数据 : EE,45,03,00,00,3C,72,FF, 
 [2020/8/21 21:10:51 , Normal] -> 接受数据 : EE,05,01,00,F4,FF, 
 [2020/8/21 21:10:54 , Normal] -> 接受数据 : EE,45,03,00,00,46,7C,FF, 
 [2020/8/21 21:10:54 , Normal] -> 接受数据 : EE,05,01,00,F4,FF, 
 