[2020/8/22 10:18:45 , Normal] -> 添加路由! 
 [2020/8/22 10:18:45 , Normal] -> 服务器启动成功 
 [2020/8/22 10:18:46 , Normal] -> 连接控制成功 
 [2020/8/22 10:18:49 , Normal] -> 接受数据 : EE,30,01,00,1F,FF, 
 [2020/8/22 10:18:53 , Normal] -> 接受数据 : EE,45,03,00,00,50,86,FF, 
 [2020/8/22 10:18:53 , Normal] -> 接受数据 : EE,05,01,00,F4,FF, 
 [2020/8/22 10:18:57 , Normal] -> 接受数据 : EE,45,03,00,00,5A,90,FF, 
 [2020/8/22 10:19:09 , Normal] -> 接受数据 : EE,45,03,00,00,5A,90,FF, 
 [2020/8/22 10:19:10 , Normal] -> 接受数据 : EE,05,01,00,F4,FF, 
 [2020/8/22 10:19:10 , Normal] -> 接受数据 : EE,45,03,00,00,64,9A,FF, 
 [2020/8/22 10:19:10 , Normal] -> 接受数据 : EE,45,03,00,00,64,9A,FF, 
 [2020/8/22 10:19:10 , Normal] -> 接受数据 : EE,05,01,00,F4,FF, 
 [2020/8/22 10:19:10 , Normal] -> 接受数据 : EE,45,03,00,00,6E,A4,FF, 
 [2020/8/22 10:19:11 , Normal] -> 接受数据 : EE,45,03,00,00,6E,A4,FF, 
 [2020/8/22 10:19:11 , Normal] -> 接受数据 : EE,05,01,00,F4,FF, 
 [2020/8/22 10:19:11 , Normal] -> 接受数据 : EE,45,03,00,00,78,AE,FF, 
 [2020/8/22 10:19:14 , Normal] -> 接受数据 : EE,45,03,00,00,78,AE,FF, 
 [2020/8/22 10:19:14 , Normal] -> 接受数据 : EE,05,01,00,F4,FF, 
 [2020/8/22 10:19:14 , Normal] -> 接受数据 : EE,45,03,00,00,82,B8,FF, 
 [2020/8/22 10:19:15 , Normal] -> 接受数据 : EE,45,03,00,00,82,B8,FF, 
 [2020/8/22 10:19:15 , Normal] -> 接受数据 : EE,05,01,00,F4,FF, 
 [2020/8/22 10:19:15 , Normal] -> 接受数据 : EE,45,03,00,00,8C,C2,FF, 
 [2020/8/22 10:19:17 , Normal] -> 接受数据 : EE,45,03,00,00,8C,C2,FF, 
 [2020/8/22 10:19:17 , Normal] -> 接受数据 : EE,05,01,00,F4,FF, 
 [2020/8/22 10:19:17 , Normal] -> 接受数据 : EE,45,03,00,00,96,CC,FF, 
 [2020/8/22 10:19:17 , Normal] -> 接受数据 : EE,45,03,00,00,96,CC,FF, 
 [2020/8/22 10:19:18 , Normal] -> 接受数据 : EE,05,01,00,F4,FF, 
 [2020/8/22 10:19:18 , Normal] -> 接受数据 : EE,45,03,00,00,A0,D6,FF, 
 [2020/8/22 10:19:19 , Normal] -> 接受数据 : EE,45,03,00,00,A0,D6,FF, 
 [2020/8/22 10:19:19 , Normal] -> 接受数据 : EE,05,01,00,F4,FF, 
 [2020/8/22 10:19:19 , Normal] -> 接受数据 : EE,45,03,00,00,AA,E0,FF, 
 [2020/8/22 10:24:51 , Normal] -> 添加路由! 
 [2020/8/22 10:24:51 , Normal] -> 服务器启动成功 
 [2020/8/22 10:24:51 , Normal] -> 连接控制成功 
 [2020/8/22 10:24:51 , Normal] -> 接受数据 : EE,30,01,00,1F,FF, 
 [2020/8/22 10:24:56 , Normal] -> 接受数据 : EE,45,03,00,00,AA,E0,FF, 
 [2020/8/22 10:24:56 , Normal] -> 接受数据 : EE,05,01,00,F4,FF, 
 [2020/8/22 10:24:56 , Normal] -> 接受数据 : EE,45,03,00,00,B4,EA,FF, 
 [2020/8/22 10:24:56 , Normal] -> 接受数据 : EE,45,03,00,00,B4,EA,FF, 
 [2020/8/22 10:24:57 , Normal] -> 接受数据 : EE,05,01,00,F4,FF, 
 [2020/8/22 10:24:57 , Normal] -> 接受数据 : EE,45,03,00,00,BE,F4,FF, 
 [2020/8/22 10:24:58 , Normal] -> 接受数据 : EE,45,03,00,00,BE,F4,FF, 
 [2020/8/22 10:24:58 , Normal] -> 接受数据 : EE,05,01,00,F4,FF, 
 [2020/8/22 10:24:58 , Normal] -> 接受数据 : EE,45,03,00,00,B4,EA,FF, 
 [2020/8/22 10:24:58 , Normal] -> 接受数据 : EE,45,03,00,00,B4,EA,FF, 
 [2020/8/22 10:24:58 , Normal] -> 接受数据 : EE,05,01,00,F4,FF, 
 [2020/8/22 10:24:58 , Normal] -> 接受数据 : EE,45,03,00,00,AA,E0,FF, 
 [2020/8/22 10:24:59 , Normal] -> 接受数据 : EE,45,03,00,00,AA,E0,FF, 
 [2020/8/22 10:24:59 , Normal] -> 接受数据 : EE,05,01,00,F4,FF, 
 [2020/8/22 10:24:59 , Normal] -> 接受数据 : EE,45,03,00,00,A0,D6,FF, 
 [2020/8/22 10:25:01 , Normal] -> 接受数据 : EE,44,03,00,00,0A,3F,FF, 
 [2020/8/22 10:25:02 , Normal] -> 接受数据 : EE,04,01,00,F3,FF, 
 [2020/8/22 10:25:02 , Normal] -> 接受数据 : EE,44,03,00,00,14,49,FF, 
 [2020/8/22 10:25:02 , Normal] -> 接受数据 : EE,44,03,00,00,14,49,FF, 
 [2020/8/22 10:25:02 , Normal] -> 接受数据 : EE,04,01,00,F3,FF, 
 [2020/8/22 10:25:02 , Normal] -> 接受数据 : EE,44,03,00,00,1E,53,FF, 
 [2020/8/22 10:25:03 , Normal] -> 接受数据 : EE,44,03,00,00,1E,53,FF, 
 [2020/8/22 10:25:03 , Normal] -> 接受数据 : EE,04,01,00,F3,FF, 
 [2020/8/22 10:25:03 , Normal] -> 接受数据 : EE,44,03,00,00,28,5D,FF, 
 [2020/8/22 10:25:05 , Normal] -> 接受数据 : EE,44,03,00,00,28,5D,FF, 
 [2020/8/22 10:25:05 , Normal] -> 接受数据 : EE,04,01,00,F3,FF, 
 [2020/8/22 10:25:05 , Normal] -> 接受数据 : EE,44,03,00,00,32,67,FF, 
 [2020/8/22 10:25:06 , Normal] -> 接受数据 : EE,44,03,00,00,32,67,FF, 
 [2020/8/22 10:25:06 , Normal] -> 接受数据 : EE,04,01,00,F3,FF, 
 [2020/8/22 10:25:06 , Normal] -> 接受数据 : EE,44,03,00,00,28,5D,FF, 
 [2020/8/22 10:25:06 , Normal] -> 接受数据 : EE,44,03,00,00,28,5D,FF, 
 [2020/8/22 10:25:07 , Normal] -> 接受数据 : EE,04,01,00,F3,FF, 
 [2020/8/22 10:25:07 , Normal] -> 接受数据 : EE,44,03,00,00,1E,53,FF, 
 [2020/8/22 10:25:07 , Normal] -> 接受数据 : EE,44,03,00,00,1E,53,FF, 
 [2020/8/22 10:25:07 , Normal] -> 接受数据 : EE,04,01,00,F3,FF, 
 [2020/8/22 10:25:07 , Normal] -> 接受数据 : EE,44,03,00,00,14,49,FF, 
 [2020/8/22 10:25:09 , Normal] -> 接受数据 : EE,44,03,00,00,14,49,FF, 
 [2020/8/22 10:25:09 , Normal] -> 接受数据 : EE,04,01,00,F3,FF, 
 [2020/8/22 10:25:09 , Normal] -> 接受数据 : EE,44,03,00,00,0A,3F,FF, 
 [2020/8/22 10:25:09 , Normal] -> 接受数据 : EE,44,03,00,00,0A,3F,FF, 
 [2020/8/22 10:25:09 , Normal] -> 接受数据 : EE,04,01,00,F3,FF, 
 [2020/8/22 10:25:09 , Normal] -> 接受数据 : EE,44,03,00,00,00,35,FF, 
 [2020/8/22 10:25:11 , Normal] -> 接受数据 : EE,44,03,00,00,00,35,FF, 
 [2020/8/22 10:25:11 , Normal] -> 接受数据 : EE,04,01,00,F3,FF, 
 [2020/8/22 10:25:11 , Normal] -> 接受数据 : EE,44,03,00,00,0A,3F,FF, 
 [2020/8/22 10:25:11 , Normal] -> 接受数据 : EE,44,03,00,00,0A,3F,FF, 
 [2020/8/22 10:25:11 , Normal] -> 接受数据 : EE,04,01,00,F3,FF, 
 [2020/8/22 10:25:11 , Normal] -> 接受数据 : EE,44,03,00,00,14,49,FF, 
 [2020/8/22 10:25:12 , Normal] -> 接受数据 : EE,44,03,00,00,14,49,FF, 
 [2020/8/22 10:25:12 , Normal] -> 接受数据 : EE,04,01,00,F3,FF, 
 [2020/8/22 10:25:12 , Normal] -> 接受数据 : EE,44,03,00,00,1E,53,FF, 
 [2020/8/22 10:25:12 , Normal] -> 接受数据 : EE,44,03,00,00,1E,53,FF, 
 [2020/8/22 10:25:12 , Normal] -> 接受数据 : EE,04,01,00,F3,FF, 
 [2020/8/22 10:25:12 , Normal] -> 接受数据 : EE,44,03,00,00,28,5D,FF, 
 [2020/8/22 10:25:13 , Normal] -> 接受数据 : EE,44,03,00,00,28,5D,FF, 
 [2020/8/22 10:25:13 , Normal] -> 接受数据 : EE,04,01,00,F3,FF, 
 [2020/8/22 10:25:13 , Normal] -> 接受数据 : EE,44,03,00,00,32,67,FF, 
 [2020/8/22 10:25:17 , Normal] -> 接受数据 : EE,43,03,00,00,14,48,FF, 
 [2020/8/22 10:25:17 , Normal] -> 接受数据 : EE,03,01,00,F2,FF, 
 [2020/8/22 10:25:17 , Normal] -> 接受数据 : EE,43,03,00,00,1E,52,FF, 
 [2020/8/22 10:25:18 , Normal] -> 接受数据 : EE,43,03,00,00,1E,52,FF, 
 [2020/8/22 10:25:18 , Normal] -> 接受数据 : EE,03,01,00,F2,FF, 
 [2020/8/22 10:25:18 , Normal] -> 接受数据 : EE,43,03,00,00,28,5C,FF, 
 [2020/8/22 10:25:18 , Normal] -> 接受数据 : EE,43,03,00,00,28,5C,FF, 
 [2020/8/22 10:25:18 , Normal] -> 接受数据 : EE,03,01,00,F2,FF, 
 [2020/8/22 10:25:18 , Normal] -> 接受数据 : EE,43,03,00,00,32,66,FF, 
 [2020/8/22 10:25:19 , Normal] -> 接受数据 : EE,43,03,00,00,32,66,FF, 
 [2020/8/22 10:25:19 , Normal] -> 接受数据 : EE,03,01,00,F2,FF, 
 [2020/8/22 10:25:19 , Normal] -> 接受数据 : EE,43,03,00,00,3C,70,FF, 
 [2020/8/22 10:25:19 , Normal] -> 接受数据 : EE,43,03,00,00,3C,70,FF, 
 [2020/8/22 10:25:20 , Normal] -> 接受数据 : EE,03,01,00,F2,FF, 
 [2020/8/22 10:25:20 , Normal] -> 接受数据 : EE,43,03,00,00,46,7A,FF, 
 [2020/8/22 10:25:20 , Normal] -> 接受数据 : EE,43,03,00,00,46,7A,FF, 
 [2020/8/22 10:25:20 , Normal] -> 接受数据 : EE,03,01,00,F2,FF, 
 [2020/8/22 10:25:20 , Normal] -> 接受数据 : EE,43,03,00,00,50,84,FF, 
 [2020/8/22 10:25:20 , Normal] -> 接受数据 : EE,43,03,00,00,50,84,FF, 
 [2020/8/22 10:25:20 , Normal] -> 接受数据 : EE,03,01,00,F2,FF, 
 [2020/8/22 10:25:20 , Normal] -> 接受数据 : EE,43,03,00,00,5A,8E,FF, 
 [2020/8/22 10:25:20 , Normal] -> 接受数据 : EE,43,03,00,00,5A,8E,FF, 
 [2020/8/22 10:25:21 , Normal] -> 接受数据 : EE,03,01,00,F2,FF, 
 [2020/8/22 10:25:21 , Normal] -> 接受数据 : EE,43,03,00,00,64,98,FF, 
 [2020/8/22 10:25:21 , Normal] -> 接受数据 : EE,43,03,00,00,64,98,FF, 
 [2020/8/22 10:25:21 , Normal] -> 接受数据 : EE,03,01,00,F2,FF, 
 [2020/8/22 10:25:21 , Normal] -> 接受数据 : EE,43,03,00,00,6E,A2,FF, 
 [2020/8/22 10:25:21 , Normal] -> 接受数据 : EE,43,03,00,00,6E,A2,FF, 
 [2020/8/22 10:25:21 , Normal] -> 接受数据 : EE,03,01,00,F2,FF, 
 [2020/8/22 10:25:21 , Normal] -> 接受数据 : EE,43,03,00,00,78,AC,FF, 
 [2020/8/22 10:25:21 , Normal] -> 接受数据 : EE,43,03,00,00,78,AC,FF, 
 [2020/8/22 10:25:21 , Normal] -> 接受数据 : EE,03,01,00,F2,FF, 
 [2020/8/22 10:25:21 , Normal] -> 接受数据 : EE,43,03,00,00,82,B6,FF, 
 [2020/8/22 10:25:21 , Normal] -> 接受数据 : EE,43,03,00,00,82,B6,FF, 
 [2020/8/22 10:25:21 , Normal] -> 接受数据 : EE,03,01,00,F2,FF, 
 [2020/8/22 10:25:21 , Normal] -> 接受数据 : EE,43,03,00,00,8C,C0,FF, 
 [2020/8/22 10:25:24 , Normal] -> 接受数据 : EE,43,03,00,00,8C,C0,FF, 
 [2020/8/22 10:25:24 , Normal] -> 接受数据 : EE,03,01,00,F2,FF, 
 [2020/8/22 10:25:24 , Normal] -> 接受数据 : EE,43,03,00,00,BE,F2,FF, 
 [2020/8/22 10:25:28 , Normal] -> 接受数据 : EE,43,03,00,00,BE,F2,FF, 
 [2020/8/22 10:25:28 , Normal] -> 接受数据 : EE,03,01,00,F2,FF, 
 [2020/8/22 10:25:28 , Normal] -> 接受数据 : EE,43,03,00,00,F0,24,FF, 
 [2020/8/22 10:25:31 , Normal] -> 接受数据 : EE,43,03,00,00,F0,24,FF, 
 [2020/8/22 10:25:31 , Normal] -> 接受数据 : EE,03,01,00,F2,FF, 
 [2020/8/22 10:25:31 , Normal] -> 接受数据 : EE,43,03,00,00,BE,F2,FF, 
 [2020/8/22 10:25:33 , Normal] -> 接受数据 : EE,43,03,00,00,BE,F2,FF, 
 [2020/8/22 10:25:33 , Normal] -> 接受数据 : EE,03,01,00,F2,FF, 
 [2020/8/22 10:25:33 , Normal] -> 接受数据 : EE,43,03,00,00,8C,C0,FF, 
 [2020/8/22 10:25:35 , Normal] -> 接受数据 : EE,43,03,00,00,8C,C0,FF, 
 [2020/8/22 10:25:36 , Normal] -> 接受数据 : EE,03,01,00,F2,FF, 
 [2020/8/22 10:25:36 , Normal] -> 接受数据 : EE,43,03,00,00,5A,8E,FF, 
 [2020/8/22 10:25:38 , Normal] -> 接受数据 : EE,43,03,00,00,5A,8E,FF, 
 [2020/8/22 10:25:39 , Normal] -> 接受数据 : EE,03,01,00,F2,FF, 
 [2020/8/22 10:25:39 , Normal] -> 接受数据 : EE,43,03,00,00,28,5C,FF, 
 [2020/8/22 10:25:41 , Normal] -> 接受数据 : EE,43,03,00,00,28,5C,FF, 
 [2020/8/22 10:25:42 , Normal] -> 接受数据 : EE,03,01,00,F2,FF, 
 [2020/8/22 10:25:42 , Normal] -> 接受数据 : EE,43,03,00,00,5A,8E,FF, 
 [2020/8/22 10:25:44 , Normal] -> 接受数据 : EE,43,03,00,00,5A,8E,FF, 
 [2020/8/22 10:25:44 , Normal] -> 接受数据 : EE,03,01,00,F2,FF, 
 [2020/8/22 10:25:44 , Normal] -> 接受数据 : EE,43,03,00,00,28,5C,FF, 
 [2020/8/22 10:25:45 , Normal] -> 接受数据 : EE,43,03,00,00,28,5C,FF, 
 [2020/8/22 10:25:46 , Normal] -> 接受数据 : EE,03,01,00,F2,FF, 
 [2020/8/22 10:25:46 , Normal] -> 接受数据 : EE,43,03,00,00,5A,8E,FF, 
 [2020/8/22 10:25:47 , Normal] -> 接受数据 : EE,43,03,00,00,5A,8E,FF, 
 [2020/8/22 10:25:48 , Normal] -> 接受数据 : EE,03,01,00,F2,FF, 
 [2020/8/22 10:25:48 , Normal] -> 接受数据 : EE,43,03,00,00,8C,C0,FF, 
 [2020/8/22 10:25:51 , Normal] -> 接受数据 : EE,43,03,00,00,8C,C0,FF, 
 [2020/8/22 10:25:51 , Normal] -> 接受数据 : EE,03,01,00,F2,FF, 
 [2020/8/22 10:25:51 , Normal] -> 接受数据 : EE,43,03,00,00,BE,F2,FF, 
 [2020/8/22 10:25:57 , Normal] -> 接受数据 : EE,44,03,00,00,32,67,FF, 
 [2020/8/22 10:25:58 , Normal] -> 接受数据 : EE,04,01,00,F3,FF, 
 [2020/8/22 10:25:58 , Normal] -> 接受数据 : EE,44,03,00,00,64,99,FF, 
 [2020/8/22 11:01:02 , Normal] -> 添加路由! 
 [2020/8/22 11:01:02 , Normal] -> 服务器启动成功 
 [2020/8/22 11:01:02 , Normal] -> 连接控制成功 
 [2020/8/22 11:01:02 , Normal] -> 接受数据 : EE,30,01,00,1F,FF, 
 [2020/8/22 11:01:12 , Normal] -> 接受数据 : EE,45,03,00,00,A0,D6,FF, 
 [2020/8/22 11:01:12 , Normal] -> 接受数据 : EE,05,01,00,F4,FF, 
 [2020/8/22 11:01:12 , Normal] -> 接受数据 : EE,45,03,00,00,AA,E0,FF, 
 [2020/8/22 11:01:19 , Normal] -> 接受数据 : EE,55,01,00,44,FF, 
 [2020/8/22 11:01:19 , Normal] -> 接受数据 : EE,45,03,00,00,00,36,FF, 
 [2020/8/22 11:01:21 , Normal] -> 接受数据 : EE,44,03,00,00,64,99,FF, 
 [2020/8/22 11:01:21 , Normal] -> 接受数据 : EE,04,01,00,F3,FF, 
 [2020/8/22 11:01:21 , Normal] -> 接受数据 : EE,44,03,00,00,6E,A3,FF, 
 [2020/8/22 11:01:24 , Normal] -> 接受数据 : EE,54,01,00,43,FF, 
 [2020/8/22 11:01:24 , Normal] -> 接受数据 : EE,45,03,00,00,00,36,FF, 
 [2020/8/22 11:01:35 , Normal] -> 接受数据 : EE,42,03,00,00,1E,51,FF, 
 [2020/8/22 11:01:35 , Normal] -> 接受数据 : EE,02,01,00,F1,FF, 
 [2020/8/22 11:01:37 , Normal] -> 接受数据 : EE,42,03,00,00,28,5B,FF, 
 [2020/8/22 11:01:37 , Normal] -> 接受数据 : EE,02,01,00,F1,FF, 
 [2020/8/22 11:01:38 , Normal] -> 接受数据 : EE,42,03,00,00,32,65,FF, 
 [2020/8/22 11:01:38 , Normal] -> 接受数据 : EE,02,01,00,F1,FF, 
 [2020/8/22 11:01:39 , Normal] -> 接受数据 : EE,42,03,00,00,3C,6F,FF, 
 [2020/8/22 11:01:40 , Normal] -> 接受数据 : EE,02,01,00,F1,FF, 
 [2020/8/22 11:01:44 , Normal] -> 接受数据 : EE,41,03,00,00,14,46,FF, 
 [2020/8/22 11:01:44 , Normal] -> 接受数据 : EE,01,01,00,F0,FF, 
 [2020/8/22 11:01:51 , Normal] -> 接受数据 : EE,41,03,00,00,1E,50,FF, 
 [2020/8/22 11:01:51 , Normal] -> 接受数据 : EE,01,01,00,F0,FF, 
 [2020/8/22 11:01:54 , Normal] -> 接受数据 : EE,41,03,00,00,14,46,FF, 
 [2020/8/22 11:01:54 , Normal] -> 接受数据 : EE,01,01,00,F0,FF, 
 [2020/8/22 11:01:54 , Normal] -> 接受数据 : EE,41,03,00,00,0A,3C,FF, 
 [2020/8/22 11:01:55 , Normal] -> 接受数据 : EE,01,01,00,F0,FF, 
 [2020/8/22 11:01:55 , Normal] -> 接受数据 : EE,41,03,00,00,00,32,FF, 
 [2020/8/22 11:01:55 , Normal] -> 接受数据 : EE,01,01,00,F0,FF, 
 [2020/8/22 11:01:56 , Normal] -> 接受数据 : EE,41,03,00,00,00,32,FF, 
 [2020/8/22 11:01:56 , Normal] -> 接受数据 : EE,01,01,00,F0,FF, 
 [2020/8/22 11:01:56 , Normal] -> 接受数据 : EE,41,03,00,00,00,32,FF, 
 [2020/8/22 11:01:56 , Normal] -> 接受数据 : EE,01,01,00,F0,FF, 
 [2020/8/22 11:01:58 , Normal] -> 接受数据 : EE,54,01,00,43,FF, 
 [2020/8/22 11:01:58 , Normal] -> 接受数据 : EE,45,03,00,00,00,36,FF, 
 [2020/8/22 11:02:02 , Normal] -> 接受数据 : EE,41,03,00,00,00,32,FF, 
 [2020/8/22 11:02:02 , Normal] -> 接受数据 : EE,01,01,00,F0,FF, 
 [2020/8/22 11:02:03 , Normal] -> 接受数据 : EE,41,03,00,00,00,32,FF, 
 [2020/8/22 11:02:03 , Normal] -> 接受数据 : EE,01,01,00,F0,FF, 
 [2020/8/22 11:02:05 , Normal] -> 接受数据 : EE,41,03,00,00,0A,3C,FF, 
 [2020/8/22 11:02:05 , Normal] -> 接受数据 : EE,01,01,00,F0,FF, 
 [2020/8/22 11:02:08 , Normal] -> 接受数据 : EE,43,03,00,00,BE,F2,FF, 
 [2020/8/22 11:02:08 , Normal] -> 接受数据 : EE,03,01,00,F2,FF, 
 [2020/8/22 11:02:08 , Normal] -> 接受数据 : EE,43,03,00,00,C8,FC,FF, 
 [2020/8/22 11:02:09 , Normal] -> 接受数据 : EE,43,03,00,00,C8,FC,FF, 
 [2020/8/22 11:02:09 , Normal] -> 接受数据 : EE,03,01,00,F2,FF, 
 [2020/8/22 11:02:09 , Normal] -> 接受数据 : EE,43,03,00,00,D2,06,FF, 
 [2020/8/22 11:02:09 , Normal] -> 接受数据 : EE,43,03,00,00,D2,06,FF, 
 [2020/8/22 11:02:09 , Normal] -> 接受数据 : EE,03,01,00,F2,FF, 
 [2020/8/22 11:02:09 , Normal] -> 接受数据 : EE,43,03,00,00,DC,10,FF, 
 [2020/8/22 11:02:11 , Normal] -> 接受数据 : EE,41,03,00,00,00,32,FF, 
 [2020/8/22 11:02:11 , Normal] -> 接受数据 : EE,01,01,00,F0,FF, 
 [2020/8/22 11:02:12 , Normal] -> 接受数据 : EE,41,03,00,00,00,32,FF, 
 [2020/8/22 11:02:12 , Normal] -> 接受数据 : EE,01,01,00,F0,FF, 
 [2020/8/22 11:02:13 , Normal] -> 接受数据 : EE,41,03,00,00,00,32,FF, 
 [2020/8/22 11:02:13 , Normal] -> 接受数据 : EE,01,01,00,F0,FF, 
 [2020/8/22 11:02:13 , Normal] -> 接受数据 : EE,41,03,00,00,00,32,FF, 
 [2020/8/22 11:02:13 , Normal] -> 接受数据 : EE,01,01,00,F0,FF, 
 [2020/8/22 11:02:13 , Normal] -> 接受数据 : EE,41,03,00,00,00,32,FF, 
 [2020/8/22 11:02:13 , Normal] -> 接受数据 : EE,01,01,00,F0,FF, 
 [2020/8/22 11:02:14 , Normal] -> 接受数据 : EE,41,03,00,00,00,32,FF, 
 [2020/8/22 11:02:14 , Normal] -> 接受数据 : EE,01,01,00,F0,FF, 
 [2020/8/22 11:09:29 , Normal] -> 添加路由! 
 [2020/8/22 11:09:29 , Normal] -> 服务器启动成功 
 [2020/8/22 11:09:30 , Normal] -> 连接控制成功 
 [2020/8/22 11:09:30 , Normal] -> 接受数据 : EE,30,01,00,1F,FF, 
 [2020/8/22 11:09:35 , Normal] -> 接受数据 : EE,45,03,00,00,00,36,FF, 
 [2020/8/22 11:09:35 , Normal] -> 接受数据 : EE,05,01,00,F4,FF, 
 [2020/8/22 11:09:35 , Normal] -> 接受数据 : EE,45,03,00,00,0A,40,FF, 
 [2020/8/22 11:09:36 , Normal] -> 接受数据 : EE,45,03,00,00,0A,40,FF, 
 [2020/8/22 11:09:36 , Normal] -> 接受数据 : EE,05,01,00,F4,FF, 
 [2020/8/22 11:09:36 , Normal] -> 接受数据 : EE,45,03,00,00,14,4A,FF, 
 [2020/8/22 11:09:36 , Normal] -> 接受数据 : EE,45,03,00,00,14,4A,FF, 
 [2020/8/22 11:09:37 , Normal] -> 接受数据 : EE,05,01,00,F4,FF, 
 [2020/8/22 11:09:37 , Normal] -> 接受数据 : EE,45,03,00,00,1E,54,FF, 
 [2020/8/22 11:09:37 , Normal] -> 接受数据 : EE,45,03,00,00,1E,54,FF, 
 [2020/8/22 11:09:37 , Normal] -> 接受数据 : EE,05,01,00,F4,FF, 
 [2020/8/22 11:09:37 , Normal] -> 接受数据 : EE,45,03,00,00,28,5E,FF, 
 [2020/8/22 11:09:39 , Normal] -> 接受数据 : EE,55,01,00,44,FF, 
 [2020/8/22 11:09:39 , Normal] -> 接受数据 : EE,45,03,00,00,00,36,FF, 
 [2020/8/22 11:09:44 , Normal] -> 接受数据 : EE,42,03,00,00,32,65,FF, 
 [2020/8/22 11:09:44 , Normal] -> 接受数据 : EE,02,01,00,F1,FF, 
 [2020/8/22 11:09:44 , Normal] -> 接受数据 : EE,42,03,00,00,3C,6F,FF, 
 [2020/8/22 11:09:44 , Normal] -> 接受数据 : EE,02,01,00,F1,FF, 
 [2020/8/22 11:09:44 , Normal] -> 接受数据 : EE,42,03,00,00,46,79,FF, 
 [2020/8/22 11:09:44 , Normal] -> 接受数据 : EE,02,01,00,F1,FF, 
 [2020/8/22 11:09:45 , Normal] -> 接受数据 : EE,42,03,00,00,50,83,FF, 
 [2020/8/22 11:09:45 , Normal] -> 接受数据 : EE,02,01,00,F1,FF, 
 [2020/8/22 11:09:45 , Normal] -> 接受数据 : EE,42,03,00,00,5A,8D,FF, 
 [2020/8/22 11:09:45 , Normal] -> 接受数据 : EE,02,01,00,F1,FF, 
 [2020/8/22 11:09:45 , Normal] -> 接受数据 : EE,42,03,00,00,64,97,FF, 
 [2020/8/22 11:09:45 , Normal] -> 接受数据 : EE,02,01,00,F1,FF, 
 [2020/8/22 11:09:49 , Normal] -> 接受数据 : EE,42,03,00,00,6E,A1,FF, 
 [2020/8/22 11:09:49 , Normal] -> 接受数据 : EE,02,01,00,F1,FF, 
 [2020/8/22 11:09:50 , Normal] -> 接受数据 : EE,42,03,00,00,64,97,FF, 
 [2020/8/22 11:09:50 , Normal] -> 接受数据 : EE,02,01,00,F1,FF, 
 [2020/8/22 11:09:54 , Normal] -> 接受数据 : EE,41,03,00,00,00,32,FF, 
 [2020/8/22 11:09:54 , Normal] -> 接受数据 : EE,01,01,00,F0,FF, 
 [2020/8/22 11:10:01 , Normal] -> 接受数据 : EE,41,03,00,00,0A,3C,FF, 
 [2020/8/22 11:10:01 , Normal] -> 接受数据 : EE,01,01,00,F0,FF, 
 [2020/8/22 11:10:04 , Normal] -> 接受数据 : EE,41,03,00,00,14,46,FF, 
 [2020/8/22 11:10:04 , Normal] -> 接受数据 : EE,01,01,00,F0,FF, 
 [2020/8/22 11:10:05 , Normal] -> 接受数据 : EE,41,03,00,00,1E,50,FF, 
 [2020/8/22 11:10:05 , Normal] -> 接受数据 : EE,01,01,00,F0,FF, 
 [2020/8/22 11:10:05 , Normal] -> 接受数据 : EE,41,03,00,00,28,5A,FF, 
 [2020/8/22 11:10:05 , Normal] -> 接受数据 : EE,01,01,00,F0,FF, 
 [2020/8/22 11:10:09 , Normal] -> 接受数据 : EE,43,03,00,00,DC,10,FF, 
 [2020/8/22 11:10:09 , Normal] -> 接受数据 : EE,03,01,00,F2,FF, 
 [2020/8/22 11:10:09 , Normal] -> 接受数据 : EE,43,03,00,00,E6,1A,FF, 
 [2020/8/22 11:10:09 , Normal] -> 接受数据 : EE,43,03,00,00,E6,1A,FF, 
 [2020/8/22 11:10:09 , Normal] -> 接受数据 : EE,03,01,00,F2,FF, 
 [2020/8/22 11:10:09 , Normal] -> 接受数据 : EE,43,03,00,00,F0,24,FF, 
 [2020/8/22 11:10:09 , Normal] -> 接受数据 : EE,43,03,00,00,F0,24,FF, 
 [2020/8/22 11:10:09 , Normal] -> 接受数据 : EE,03,01,00,F2,FF, 
 [2020/8/22 11:10:09 , Normal] -> 接受数据 : EE,43,03,00,00,FA,2E,FF, 
 [2020/8/22 11:10:10 , Normal] -> 接受数据 : EE,43,03,00,00,FA,2E,FF, 
 [2020/8/22 11:10:10 , Normal] -> 接受数据 : EE,03,01,00,F2,FF, 
 [2020/8/22 11:10:10 , Normal] -> 接受数据 : EE,43,03,00,00,F0,24,FF, 
 [2020/8/22 11:10:11 , Normal] -> 接受数据 : EE,43,03,00,00,F0,24,FF, 
 [2020/8/22 11:10:11 , Normal] -> 接受数据 : EE,03,01,00,F2,FF, 
 [2020/8/22 11:10:11 , Normal] -> 接受数据 : EE,43,03,00,00,E6,1A,FF, 
 [2020/8/22 11:10:11 , Normal] -> 接受数据 : EE,43,03,00,00,E6,1A,FF, 
 [2020/8/22 11:10:11 , Normal] -> 接受数据 : EE,03,01,00,F2,FF, 
 [2020/8/22 11:10:11 , Normal] -> 接受数据 : EE,43,03,00,00,DC,10,FF, 
 [2020/8/22 11:10:14 , Normal] -> 接受数据 : EE,53,01,00,42,FF, 
 [2020/8/22 11:10:14 , Normal] -> 接受数据 : EE,43,03,00,00,00,34,FF, 
 [2020/8/22 11:10:17 , Normal] -> 接受数据 : EE,44,03,00,00,00,35,FF, 
 [2020/8/22 11:10:18 , Normal] -> 接受数据 : EE,04,01,00,F3,FF, 
 [2020/8/22 11:10:18 , Normal] -> 接受数据 : EE,44,03,00,00,0A,3F,FF, 
 [2020/8/22 11:10:18 , Normal] -> 接受数据 : EE,44,03,00,00,0A,3F,FF, 
 [2020/8/22 11:10:18 , Normal] -> 接受数据 : EE,04,01,00,F3,FF, 
 [2020/8/22 11:10:18 , Normal] -> 接受数据 : EE,44,03,00,00,14,49,FF, 
 [2020/8/22 11:10:18 , Normal] -> 接受数据 : EE,44,03,00,00,14,49,FF, 
 [2020/8/22 11:10:18 , Normal] -> 接受数据 : EE,04,01,00,F3,FF, 
 [2020/8/22 11:10:18 , Normal] -> 接受数据 : EE,44,03,00,00,1E,53,FF, 
 [2020/8/22 11:10:18 , Normal] -> 接受数据 : EE,44,03,00,00,1E,53,FF, 
 [2020/8/22 11:10:18 , Normal] -> 接受数据 : EE,04,01,00,F3,FF, 
 [2020/8/22 11:10:18 , Normal] -> 接受数据 : EE,44,03,00,00,28,5D,FF, 
 [2020/8/22 11:10:18 , Normal] -> 接受数据 : EE,44,03,00,00,28,5D,FF, 
 [2020/8/22 11:10:19 , Normal] -> 接受数据 : EE,04,01,00,F3,FF, 
 [2020/8/22 11:10:19 , Normal] -> 接受数据 : EE,44,03,00,00,32,67,FF, 
 [2020/8/22 11:10:20 , Normal] -> 接受数据 : EE,44,03,00,00,32,67,FF, 
 [2020/8/22 11:10:20 , Normal] -> 接受数据 : EE,04,01,00,F3,FF, 
 [2020/8/22 11:10:20 , Normal] -> 接受数据 : EE,44,03,00,00,28,5D,FF, 
 [2020/8/22 11:10:22 , Normal] -> 接受数据 : EE,54,01,00,43,FF, 
 [2020/8/22 11:10:22 , Normal] -> 接受数据 : EE,45,03,00,00,00,36,FF, 
 [2020/8/22 11:10:34 , Normal] -> 接受数据 : EE,44,03,00,00,00,35,FF, 
 [2020/8/22 11:10:34 , Normal] -> 接受数据 : EE,04,01,00,F3,FF, 
 [2020/8/22 11:10:34 , Normal] -> 接受数据 : EE,44,03,00,00,0A,3F,FF, 
 [2020/8/22 11:13:57 , Normal] -> 添加路由! 
 [2020/8/22 11:13:57 , Normal] -> 服务器启动成功 
 [2020/8/22 11:13:57 , Normal] -> 连接控制成功 
 [2020/8/22 11:13:57 , Normal] -> 接受数据 : EE,30,01,00,1F,FF, 
 [2020/8/22 11:14:02 , Normal] -> 接受数据 : EE,42,03,00,00,5A,8D,FF, 
 [2020/8/22 11:14:02 , Normal] -> 接受数据 : EE,02,01,00,F1,FF, 
 [2020/8/22 11:14:03 , Normal] -> 接受数据 : EE,42,03,00,00,64,97,FF, 
 [2020/8/22 11:14:03 , Normal] -> 接受数据 : EE,02,01,00,F1,FF, 
 [2020/8/22 11:14:03 , Normal] -> 接受数据 : EE,42,03,00,00,6E,A1,FF, 
 [2020/8/22 11:14:03 , Normal] -> 接受数据 : EE,02,01,00,F1,FF, 
 [2020/8/22 11:14:04 , Normal] -> 接受数据 : EE,41,03,00,00,32,64,FF, 
 [2020/8/22 11:14:04 , Normal] -> 接受数据 : EE,01,01,00,F0,FF, 
 [2020/8/22 11:14:06 , Normal] -> 接受数据 : EE,41,03,00,00,3C,6E,FF, 
 [2020/8/22 11:14:06 , Normal] -> 接受数据 : EE,01,01,00,F0,FF, 
 [2020/8/22 11:14:09 , Normal] -> 接受数据 : EE,41,03,00,00,46,78,FF, 
 [2020/8/22 11:14:09 , Normal] -> 接受数据 : EE,01,01,00,F0,FF, 
 [2020/8/22 11:14:09 , Normal] -> 接受数据 : EE,41,03,00,00,50,82,FF, 
 [2020/8/22 11:14:09 , Normal] -> 接受数据 : EE,01,01,00,F0,FF, 
 [2020/8/22 11:14:11 , Normal] -> 接受数据 : EE,41,03,00,00,5A,8C,FF, 
 [2020/8/22 11:14:11 , Normal] -> 接受数据 : EE,01,01,00,F0,FF, 
 [2020/8/22 11:14:11 , Normal] -> 接受数据 : EE,41,03,00,00,50,82,FF, 
 [2020/8/22 11:14:12 , Normal] -> 接受数据 : EE,01,01,00,F0,FF, 
 [2020/8/22 11:14:12 , Normal] -> 接受数据 : EE,41,03,00,00,46,78,FF, 
 [2020/8/22 11:14:12 , Normal] -> 接受数据 : EE,01,01,00,F0,FF, 
 [2020/8/22 11:28:15 , Normal] -> 添加路由! 
 [2020/8/22 11:28:16 , Normal] -> 服务器启动成功 
 [2020/8/22 11:28:16 , Normal] -> 连接控制成功 
 [2020/8/22 11:28:16 , Normal] -> 接受数据 : EE,30,01,00,1F,FF, 
 [2020/8/22 11:28:22 , Normal] -> 接受数据 : EE,42,03,00,00,78,AB,FF, 
 [2020/8/22 11:28:22 , Normal] -> 接受数据 : EE,02,01,00,F1,FF, 
 [2020/8/22 11:28:22 , Normal] -> 接受数据 : EE,42,03,00,00,82,B5,FF, 
 [2020/8/22 11:28:25 , Normal] -> 接受数据 : EE,51,01,00,40,FF, 
 [2020/8/22 11:28:25 , Normal] -> 接受数据 : EE,42,03,00,00,82,B5,FF, 
 [2020/8/22 11:29:30 , Normal] -> 添加路由! 
 [2020/8/22 11:29:30 , Normal] -> 服务器启动成功 
 [2020/8/22 11:29:31 , Normal] -> 连接控制成功 
 [2020/8/22 11:29:31 , Normal] -> 接受数据 : EE,30,01,00,1F,FF, 
 [2020/8/22 11:29:37 , Normal] -> 接受数据 : EE,42,03,00,00,82,B5,FF, 
 [2020/8/22 11:29:37 , Normal] -> 接受数据 : EE,02,01,00,F1,FF, 
 [2020/8/22 11:29:37 , Normal] -> 接受数据 : EE,42,03,00,00,8C,BF,FF, 
 [2020/8/22 11:29:37 , Normal] -> 接受数据 : EE,42,03,00,00,8C,BF,FF, 
 [2020/8/22 11:29:37 , Normal] -> 接受数据 : EE,02,01,00,F1,FF, 
 [2020/8/22 11:29:37 , Normal] -> 接受数据 : EE,42,03,00,00,96,C9,FF, 
 [2020/8/22 11:29:40 , Normal] -> 接受数据 : EE,42,03,00,00,96,C9,FF, 
 [2020/8/22 11:29:40 , Normal] -> 接受数据 : EE,02,01,00,F1,FF, 
 [2020/8/22 11:29:40 , Normal] -> 接受数据 : EE,42,03,00,00,8C,BF,FF, 
 [2020/8/22 11:29:40 , Normal] -> 接受数据 : EE,42,03,00,00,8C,BF,FF, 
 [2020/8/22 11:29:40 , Normal] -> 接受数据 : EE,02,01,00,F1,FF, 
 [2020/8/22 11:29:40 , Normal] -> 接受数据 : EE,42,03,00,00,82,B5,FF, 
 [2020/8/22 11:29:45 , Normal] -> 接受数据 : EE,52,01,00,41,FF, 
 [2020/8/22 11:29:45 , Normal] -> 接受数据 : EE,42,03,00,00,00,33,FF, 
 [2020/8/22 11:29:49 , Normal] -> 接受数据 : EE,41,03,00,00,00,32,FF, 
 [2020/8/22 11:29:49 , Normal] -> 接受数据 : EE,01,01,00,F0,FF, 
 [2020/8/22 11:29:49 , Normal] -> 接受数据 : EE,41,03,00,00,0A,3C,FF, 
 [2020/8/22 11:29:49 , Normal] -> 接受数据 : EE,41,03,00,00,0A,3C,FF, 
 [2020/8/22 11:29:49 , Normal] -> 接受数据 : EE,01,01,00,F0,FF, 
 [2020/8/22 11:29:49 , Normal] -> 接受数据 : EE,41,03,00,00,14,46,FF, 
 [2020/8/22 11:29:50 , Normal] -> 接受数据 : EE,41,03,00,00,14,46,FF, 
 [2020/8/22 11:29:51 , Normal] -> 接受数据 : EE,01,01,00,F0,FF, 
 [2020/8/22 11:29:51 , Normal] -> 接受数据 : EE,41,03,00,00,1E,50,FF, 
 [2020/8/22 11:29:51 , Normal] -> 接受数据 : EE,41,03,00,00,1E,50,FF, 
 [2020/8/22 11:29:51 , Normal] -> 接受数据 : EE,01,01,00,F0,FF, 
 [2020/8/22 11:29:51 , Normal] -> 接受数据 : EE,41,03,00,00,28,5A,FF, 
 [2020/8/22 11:29:51 , Normal] -> 接受数据 : EE,41,03,00,00,28,5A,FF, 
 [2020/8/22 11:29:51 , Normal] -> 接受数据 : EE,01,01,00,F0,FF, 
 [2020/8/22 11:29:51 , Normal] -> 接受数据 : EE,41,03,00,00,32,64,FF, 
 [2020/8/22 11:29:52 , Normal] -> 接受数据 : EE,41,03,00,00,32,64,FF, 
 [2020/8/22 11:29:52 , Normal] -> 接受数据 : EE,01,01,00,F0,FF, 
 [2020/8/22 11:29:52 , Normal] -> 接受数据 : EE,41,03,00,00,3C,6E,FF, 
 [2020/8/22 11:29:52 , Normal] -> 接受数据 : EE,41,03,00,00,3C,6E,FF, 
 [2020/8/22 11:29:52 , Normal] -> 接受数据 : EE,01,01,00,F0,FF, 
 [2020/8/22 11:29:52 , Normal] -> 接受数据 : EE,41,03,00,00,46,78,FF, 
 [2020/8/22 11:29:53 , Normal] -> 接受数据 : EE,41,03,00,00,46,78,FF, 
 [2020/8/22 11:29:53 , Normal] -> 接受数据 : EE,01,01,00,F0,FF, 
 [2020/8/22 11:29:53 , Normal] -> 接受数据 : EE,41,03,00,00,50,82,FF, 
 [2020/8/22 11:29:53 , Normal] -> 接受数据 : EE,41,03,00,00,50,82,FF, 
 [2020/8/22 11:29:53 , Normal] -> 接受数据 : EE,01,01,00,F0,FF, 
 [2020/8/22 11:29:53 , Normal] -> 接受数据 : EE,41,03,00,00,5A,8C,FF, 
 [2020/8/22 11:29:54 , Normal] -> 接受数据 : EE,41,03,00,00,5A,8C,FF, 
 [2020/8/22 11:29:54 , Normal] -> 接受数据 : EE,01,01,00,F0,FF, 
 [2020/8/22 11:29:54 , Normal] -> 接受数据 : EE,41,03,00,00,64,96,FF, 
 [2020/8/22 11:29:56 , Normal] -> 接受数据 : EE,41,03,00,00,64,96,FF, 
 [2020/8/22 11:29:56 , Normal] -> 接受数据 : EE,01,01,00,F0,FF, 
 [2020/8/22 11:29:56 , Normal] -> 接受数据 : EE,41,03,00,00,5A,8C,FF, 
 [2020/8/22 11:29:57 , Normal] -> 接受数据 : EE,41,03,00,00,5A,8C,FF, 
 [2020/8/22 11:29:57 , Normal] -> 接受数据 : EE,01,01,00,F0,FF, 
 [2020/8/22 11:29:57 , Normal] -> 接受数据 : EE,41,03,00,00,50,82,FF, 
 [2020/8/22 11:29:58 , Normal] -> 接受数据 : EE,41,03,00,00,50,82,FF, 
 [2020/8/22 11:29:58 , Normal] -> 接受数据 : EE,01,01,00,F0,FF, 
 [2020/8/22 11:29:58 , Normal] -> 接受数据 : EE,41,03,00,00,46,78,FF, 
 [2020/8/22 11:29:59 , Normal] -> 接受数据 : EE,41,03,00,00,46,78,FF, 
 [2020/8/22 11:29:59 , Normal] -> 接受数据 : EE,01,01,00,F0,FF, 
 [2020/8/22 11:29:59 , Normal] -> 接受数据 : EE,41,03,00,00,3C,6E,FF, 
 [2020/8/22 11:30:01 , Normal] -> 接受数据 : EE,51,01,00,40,FF, 
 [2020/8/22 11:30:01 , Normal] -> 接受数据 : EE,41,03,00,00,00,32,FF, 
 [2020/8/22 11:30:06 , Normal] -> 接受数据 : EE,43,03,00,00,00,34,FF, 
 [2020/8/22 11:30:06 , Normal] -> 接受数据 : EE,03,01,00,F2,FF, 
 [2020/8/22 11:30:06 , Normal] -> 接受数据 : EE,43,03,00,00,0A,3E,FF, 
 [2020/8/22 11:30:07 , Normal] -> 接受数据 : EE,43,03,00,00,0A,3E,FF, 
 [2020/8/22 11:30:07 , Normal] -> 接受数据 : EE,03,01,00,F2,FF, 
 [2020/8/22 11:30:07 , Normal] -> 接受数据 : EE,43,03,00,00,14,48,FF, 
 [2020/8/22 11:30:07 , Normal] -> 接受数据 : EE,43,03,00,00,14,48,FF, 
 [2020/8/22 11:30:07 , Normal] -> 接受数据 : EE,03,01,00,F2,FF, 
 [2020/8/22 11:30:07 , Normal] -> 接受数据 : EE,43,03,00,00,1E,52,FF, 
 [2020/8/22 11:30:08 , Normal] -> 接受数据 : EE,43,03,00,00,1E,52,FF, 
 [2020/8/22 11:30:08 , Normal] -> 接受数据 : EE,03,01,00,F2,FF, 
 [2020/8/22 11:30:08 , Normal] -> 接受数据 : EE,43,03,00,00,28,5C,FF, 
 [2020/8/22 11:30:08 , Normal] -> 接受数据 : EE,43,03,00,00,28,5C,FF, 
 [2020/8/22 11:30:08 , Normal] -> 接受数据 : EE,03,01,00,F2,FF, 
 [2020/8/22 11:30:08 , Normal] -> 接受数据 : EE,43,03,00,00,32,66,FF, 
 [2020/8/22 11:30:08 , Normal] -> 接受数据 : EE,43,03,00,00,32,66,FF, 
 [2020/8/22 11:30:08 , Normal] -> 接受数据 : EE,03,01,00,F2,FF, 
 [2020/8/22 11:30:08 , Normal] -> 接受数据 : EE,43,03,00,00,3C,70,FF, 
 [2020/8/22 11:30:08 , Normal] -> 接受数据 : EE,43,03,00,00,3C,70,FF, 
 [2020/8/22 11:30:08 , Normal] -> 接受数据 : EE,03,01,00,F2,FF, 
 [2020/8/22 11:30:08 , Normal] -> 接受数据 : EE,43,03,00,00,46,7A,FF, 
 [2020/8/22 11:30:08 , Normal] -> 接受数据 : EE,43,03,00,00,46,7A,FF, 
 [2020/8/22 11:30:09 , Normal] -> 接受数据 : EE,03,01,00,F2,FF, 
 [2020/8/22 11:30:09 , Normal] -> 接受数据 : EE,43,03,00,00,50,84,FF, 
 [2020/8/22 11:30:09 , Normal] -> 接受数据 : EE,43,03,00,00,50,84,FF, 
 [2020/8/22 11:30:09 , Normal] -> 接受数据 : EE,03,01,00,F2,FF, 
 [2020/8/22 11:30:09 , Normal] -> 接受数据 : EE,43,03,00,00,5A,8E,FF, 
 [2020/8/22 11:30:09 , Normal] -> 接受数据 : EE,43,03,00,00,5A,8E,FF, 
 [2020/8/22 11:30:09 , Normal] -> 接受数据 : EE,03,01,00,F2,FF, 
 [2020/8/22 11:30:09 , Normal] -> 接受数据 : EE,43,03,00,00,64,98,FF, 
 [2020/8/22 11:30:09 , Normal] -> 接受数据 : EE,43,03,00,00,64,98,FF, 
 [2020/8/22 11:30:09 , Normal] -> 接受数据 : EE,03,01,00,F2,FF, 
 [2020/8/22 11:30:09 , Normal] -> 接受数据 : EE,43,03,00,00,6E,A2,FF, 
 [2020/8/22 11:30:09 , Normal] -> 接受数据 : EE,43,03,00,00,6E,A2,FF, 
 [2020/8/22 11:30:10 , Normal] -> 接受数据 : EE,03,01,00,F2,FF, 
 [2020/8/22 11:30:10 , Normal] -> 接受数据 : EE,43,03,00,00,78,AC,FF, 
 [2020/8/22 11:30:10 , Normal] -> 接受数据 : EE,43,03,00,00,78,AC,FF, 
 [2020/8/22 11:30:11 , Normal] -> 接受数据 : EE,03,01,00,F2,FF, 
 [2020/8/22 11:30:11 , Normal] -> 接受数据 : EE,43,03,00,00,6E,A2,FF, 
 [2020/8/22 11:30:11 , Normal] -> 接受数据 : EE,43,03,00,00,6E,A2,FF, 
 [2020/8/22 11:30:11 , Normal] -> 接受数据 : EE,03,01,00,F2,FF, 
 [2020/8/22 11:30:11 , Normal] -> 接受数据 : EE,43,03,00,00,64,98,FF, 
 [2020/8/22 11:30:13 , Normal] -> 接受数据 : EE,53,01,00,42,FF, 
 [2020/8/22 11:30:13 , Normal] -> 接受数据 : EE,43,03,00,00,00,34,FF, 
 [2020/8/22 11:30:17 , Normal] -> 接受数据 : EE,45,03,00,00,00,36,FF, 
 [2020/8/22 11:30:18 , Normal] -> 接受数据 : EE,05,01,00,F4,FF, 
 [2020/8/22 11:30:18 , Normal] -> 接受数据 : EE,45,03,00,00,0A,40,FF, 
 [2020/8/22 11:30:18 , Normal] -> 接受数据 : EE,45,03,00,00,0A,40,FF, 
 [2020/8/22 11:30:18 , Normal] -> 接受数据 : EE,05,01,00,F4,FF, 
 [2020/8/22 11:30:18 , Normal] -> 接受数据 : EE,45,03,00,00,14,4A,FF, 
 [2020/8/22 11:30:18 , Normal] -> 接受数据 : EE,45,03,00,00,14,4A,FF, 
 [2020/8/22 11:30:18 , Normal] -> 接受数据 : EE,05,01,00,F4,FF, 
 [2020/8/22 11:30:18 , Normal] -> 接受数据 : EE,45,03,00,00,1E,54,FF, 
 [2020/8/22 11:30:18 , Normal] -> 接受数据 : EE,45,03,00,00,1E,54,FF, 
 [2020/8/22 11:30:18 , Normal] -> 接受数据 : EE,05,01,00,F4,FF, 
 [2020/8/22 11:30:18 , Normal] -> 接受数据 : EE,45,03,00,00,28,5E,FF, 
 [2020/8/22 11:30:19 , Normal] -> 接受数据 : EE,45,03,00,00,28,5E,FF, 
 [2020/8/22 11:30:19 , Normal] -> 接受数据 : EE,05,01,00,F4,FF, 
 [2020/8/22 11:30:19 , Normal] -> 接受数据 : EE,45,03,00,00,32,68,FF, 
 [2020/8/22 11:30:21 , Normal] -> 接受数据 : EE,45,03,00,00,32,68,FF, 
 [2020/8/22 11:30:21 , Normal] -> 接受数据 : EE,05,01,00,F4,FF, 
 [2020/8/22 11:30:21 , Normal] -> 接受数据 : EE,45,03,00,00,64,9A,FF, 
 [2020/8/22 11:30:22 , Normal] -> 接受数据 : EE,45,03,00,00,64,9A,FF, 
 [2020/8/22 11:30:23 , Normal] -> 接受数据 : EE,05,01,00,F4,FF, 
 [2020/8/22 11:30:23 , Normal] -> 接受数据 : EE,45,03,00,00,96,CC,FF, 
 [2020/8/22 11:30:24 , Normal] -> 接受数据 : EE,45,03,00,00,96,CC,FF, 
 [2020/8/22 11:30:24 , Normal] -> 接受数据 : EE,05,01,00,F4,FF, 
 [2020/8/22 11:30:24 , Normal] -> 接受数据 : EE,45,03,00,00,A0,D6,FF, 
 [2020/8/22 11:30:25 , Normal] -> 接受数据 : EE,45,03,00,00,A0,D6,FF, 
 [2020/8/22 11:30:25 , Normal] -> 接受数据 : EE,05,01,00,F4,FF, 
 [2020/8/22 11:30:25 , Normal] -> 接受数据 : EE,45,03,00,00,AA,E0,FF, 
 [2020/8/22 11:30:29 , Normal] -> 接受数据 : EE,45,03,00,00,AA,E0,FF, 
 [2020/8/22 11:30:30 , Normal] -> 接受数据 : EE,05,01,00,F4,FF, 
 [2020/8/22 11:30:30 , Normal] -> 接受数据 : EE,45,03,00,00,B4,EA,FF, 
 [2020/8/22 11:30:37 , Normal] -> 接受数据 : EE,55,01,00,44,FF, 
 [2020/8/22 11:30:37 , Normal] -> 接受数据 : EE,45,03,00,00,00,36,FF, 
 [2020/8/22 11:30:39 , Normal] -> 接受数据 : EE,44,03,00,00,0A,3F,FF, 
 [2020/8/22 11:30:39 , Normal] -> 接受数据 : EE,04,01,00,F3,FF, 
 [2020/8/22 11:30:39 , Normal] -> 接受数据 : EE,44,03,00,00,14,49,FF, 
 [2020/8/22 11:30:40 , Normal] -> 接受数据 : EE,44,03,00,00,14,49,FF, 
 [2020/8/22 11:30:40 , Normal] -> 接受数据 : EE,04,01,00,F3,FF, 
 [2020/8/22 11:30:40 , Normal] -> 接受数据 : EE,44,03,00,00,1E,53,FF, 
 [2020/8/22 11:30:40 , Normal] -> 接受数据 : EE,44,03,00,00,1E,53,FF, 
 [2020/8/22 11:30:40 , Normal] -> 接受数据 : EE,04,01,00,F3,FF, 
 [2020/8/22 11:30:40 , Normal] -> 接受数据 : EE,44,03,00,00,28,5D,FF, 
 [2020/8/22 11:30:41 , Normal] -> 接受数据 : EE,44,03,00,00,28,5D,FF, 
 [2020/8/22 11:30:41 , Normal] -> 接受数据 : EE,04,01,00,F3,FF, 
 [2020/8/22 11:30:41 , Normal] -> 接受数据 : EE,44,03,00,00,32,67,FF, 
 [2020/8/22 11:30:41 , Normal] -> 接受数据 : EE,44,03,00,00,32,67,FF, 
 [2020/8/22 11:30:41 , Normal] -> 接受数据 : EE,04,01,00,F3,FF, 
 [2020/8/22 11:30:41 , Normal] -> 接受数据 : EE,44,03,00,00,3C,71,FF, 
 [2020/8/22 11:30:42 , Normal] -> 接受数据 : EE,44,03,00,00,3C,71,FF, 
 [2020/8/22 11:30:42 , Normal] -> 接受数据 : EE,04,01,00,F3,FF, 
 [2020/8/22 11:30:42 , Normal] -> 接受数据 : EE,44,03,00,00,46,7B,FF, 
 [2020/8/22 11:30:44 , Normal] -> 接受数据 : EE,44,03,00,00,46,7B,FF, 
 [2020/8/22 11:30:44 , Normal] -> 接受数据 : EE,04,01,00,F3,FF, 
 [2020/8/22 11:30:44 , Normal] -> 接受数据 : EE,44,03,00,00,78,AD,FF, 
 [2020/8/22 11:30:48 , Normal] -> 接受数据 : EE,54,01,00,43,FF, 
 [2020/8/22 11:30:48 , Normal] -> 接受数据 : EE,44,03,00,00,00,35,FF, 
 [2020/8/22 11:37:09 , Normal] -> 接受数据 : EE,45,03,00,00,00,36,FF, 
 [2020/8/22 11:37:09 , Normal] -> 接受数据 : EE,05,01,00,F4,FF, 
 [2020/8/22 11:37:09 , Normal] -> 接受数据 : EE,45,03,00,00,0A,40,FF, 
 [2020/8/22 11:37:10 , Normal] -> 接受数据 : EE,45,03,00,00,0A,40,FF, 
 [2020/8/22 11:37:10 , Normal] -> 接受数据 : EE,05,01,00,F4,FF, 
 [2020/8/22 11:37:10 , Normal] -> 接受数据 : EE,45,03,00,00,14,4A,FF, 
 [2020/8/22 11:37:10 , Normal] -> 接受数据 : EE,45,03,00,00,14,4A,FF, 
 [2020/8/22 11:37:10 , Normal] -> 接受数据 : EE,05,01,00,F4,FF, 
 [2020/8/22 11:37:10 , Normal] -> 接受数据 : EE,45,03,00,00,1E,54,FF, 
 [2020/8/22 11:37:10 , Normal] -> 接受数据 : EE,45,03,00,00,1E,54,FF, 
 [2020/8/22 11:37:11 , Normal] -> 接受数据 : EE,05,01,00,F4,FF, 
 [2020/8/22 11:37:11 , Normal] -> 接受数据 : EE,45,03,00,00,28,5E,FF, 
 [2020/8/22 11:37:11 , Normal] -> 接受数据 : EE,45,03,00,00,28,5E,FF, 
 [2020/8/22 11:37:11 , Normal] -> 接受数据 : EE,05,01,00,F4,FF, 
 [2020/8/22 11:37:11 , Normal] -> 接受数据 : EE,45,03,00,00,32,68,FF, 
 [2020/8/22 11:37:12 , Normal] -> 接受数据 : EE,45,03,00,00,32,68,FF, 
 [2020/8/22 11:37:12 , Normal] -> 接受数据 : EE,05,01,00,F4,FF, 
 [2020/8/22 11:37:12 , Normal] -> 接受数据 : EE,45,03,00,00,28,5E,FF, 
 [2020/8/22 11:37:12 , Normal] -> 接受数据 : EE,45,03,00,00,28,5E,FF, 
 [2020/8/22 11:37:12 , Normal] -> 接受数据 : EE,05,01,00,F4,FF, 
 [2020/8/22 11:37:12 , Normal] -> 接受数据 : EE,45,03,00,00,1E,54,FF, 
 [2020/8/22 11:37:12 , Normal] -> 接受数据 : EE,45,03,00,00,1E,54,FF, 
 [2020/8/22 11:37:12 , Normal] -> 接受数据 : EE,05,01,00,F4,FF, 
 [2020/8/22 11:37:12 , Normal] -> 接受数据 : EE,45,03,00,00,14,4A,FF, 
 [2020/8/22 11:37:12 , Normal] -> 接受数据 : EE,45,03,00,00,14,4A,FF, 
 [2020/8/22 11:37:12 , Normal] -> 接受数据 : EE,05,01,00,F4,FF, 
 [2020/8/22 11:37:12 , Normal] -> 接受数据 : EE,45,03,00,00,0A,40,FF, 
 [2020/8/22 11:37:14 , Normal] -> 接受数据 : EE,55,01,00,44,FF, 
 [2020/8/22 11:37:14 , Normal] -> 接受数据 : EE,45,03,00,00,00,36,FF, 
 [2020/8/22 11:37:15 , Normal] -> 接受数据 : EE,44,03,00,00,00,35,FF, 
 [2020/8/22 11:37:15 , Normal] -> 接受数据 : EE,04,01,00,F3,FF, 
 [2020/8/22 11:37:15 , Normal] -> 接受数据 : EE,44,03,00,00,0A,3F,FF, 
 [2020/8/22 11:37:16 , Normal] -> 接受数据 : EE,44,03,00,00,0A,3F,FF, 
 [2020/8/22 11:37:16 , Normal] -> 接受数据 : EE,04,01,00,F3,FF, 
 [2020/8/22 11:37:16 , Normal] -> 接受数据 : EE,44,03,00,00,14,49,FF, 
 [2020/8/22 11:37:16 , Normal] -> 接受数据 : EE,44,03,00,00,14,49,FF, 
 [2020/8/22 11:37:16 , Normal] -> 接受数据 : EE,04,01,00,F3,FF, 
 [2020/8/22 11:37:16 , Normal] -> 接受数据 : EE,44,03,00,00,1E,53,FF, 
 [2020/8/22 11:37:16 , Normal] -> 接受数据 : EE,44,03,00,00,1E,53,FF, 
 [2020/8/22 11:37:16 , Normal] -> 接受数据 : EE,04,01,00,F3,FF, 
 [2020/8/22 11:37:16 , Normal] -> 接受数据 : EE,44,03,00,00,28,5D,FF, 
 [2020/8/22 11:37:16 , Normal] -> 接受数据 : EE,44,03,00,00,28,5D,FF, 
 [2020/8/22 11:37:16 , Normal] -> 接受数据 : EE,04,01,00,F3,FF, 
 [2020/8/22 11:37:16 , Normal] -> 接受数据 : EE,44,03,00,00,32,67,FF, 
 [2020/8/22 11:37:16 , Normal] -> 接受数据 : EE,44,03,00,00,32,67,FF, 
 [2020/8/22 11:37:17 , Normal] -> 接受数据 : EE,04,01,00,F3,FF, 
 [2020/8/22 11:37:17 , Normal] -> 接受数据 : EE,44,03,00,00,3C,71,FF, 
 [2020/8/22 11:37:17 , Normal] -> 接受数据 : EE,44,03,00,00,3C,71,FF, 
 [2020/8/22 11:37:17 , Normal] -> 接受数据 : EE,04,01,00,F3,FF, 
 [2020/8/22 11:37:17 , Normal] -> 接受数据 : EE,44,03,00,00,46,7B,FF, 
 [2020/8/22 11:37:17 , Normal] -> 接受数据 : EE,44,03,00,00,46,7B,FF, 
 [2020/8/22 11:37:17 , Normal] -> 接受数据 : EE,04,01,00,F3,FF, 
 [2020/8/22 11:37:17 , Normal] -> 接受数据 : EE,44,03,00,00,50,85,FF, 
 [2020/8/22 11:37:17 , Normal] -> 接受数据 : EE,44,03,00,00,50,85,FF, 
 [2020/8/22 11:37:17 , Normal] -> 接受数据 : EE,04,01,00,F3,FF, 
 [2020/8/22 11:37:17 , Normal] -> 接受数据 : EE,44,03,00,00,5A,8F,FF, 
 [2020/8/22 11:37:19 , Normal] -> 接受数据 : EE,44,03,00,00,5A,8F,FF, 
 [2020/8/22 11:37:20 , Normal] -> 接受数据 : EE,04,01,00,F3,FF, 
 [2020/8/22 11:37:20 , Normal] -> 接受数据 : EE,44,03,00,00,8C,C1,FF, 
 [2020/8/22 11:37:20 , Normal] -> 接受数据 : EE,44,03,00,00,8C,C1,FF, 
 [2020/8/22 11:37:21 , Normal] -> 接受数据 : EE,04,01,00,F3,FF, 
 [2020/8/22 11:37:21 , Normal] -> 接受数据 : EE,44,03,00,00,BE,F3,FF, 
 [2020/8/22 11:37:21 , Normal] -> 接受数据 : EE,44,03,00,00,BE,F3,FF, 
 [2020/8/22 11:37:21 , Normal] -> 接受数据 : EE,04,01,00,F3,FF, 
 [2020/8/22 11:37:21 , Normal] -> 接受数据 : EE,44,03,00,00,F0,25,FF, 
 [2020/8/22 11:37:21 , Normal] -> 接受数据 : EE,44,03,00,00,F0,25,FF, 
 [2020/8/22 11:37:22 , Normal] -> 接受数据 : EE,04,01,00,F3,FF, 
 [2020/8/22 11:37:22 , Normal] -> 接受数据 : EE,44,03,00,01,22,58,FF, 
 [2020/8/22 11:37:26 , Normal] -> 接受数据 : EE,54,01,00,43,FF, 
 [2020/8/22 11:37:26 , Normal] -> 接受数据 : EE,44,03,00,00,00,35,FF, 
 [2020/8/22 11:37:29 , Normal] -> 接受数据 : EE,42,03,00,00,00,33,FF, 
 [2020/8/22 11:37:29 , Normal] -> 接受数据 : EE,02,01,00,F1,FF, 
 [2020/8/22 11:37:29 , Normal] -> 接受数据 : EE,42,03,00,00,0A,3D,FF, 
 [2020/8/22 11:37:29 , Normal] -> 接受数据 : EE,42,03,00,00,0A,3D,FF, 
 [2020/8/22 11:37:29 , Normal] -> 接受数据 : EE,02,01,00,F1,FF, 
 [2020/8/22 11:37:29 , Normal] -> 接受数据 : EE,42,03,00,00,14,47,FF, 
 [2020/8/22 11:37:29 , Normal] -> 接受数据 : EE,42,03,00,00,14,47,FF, 
 [2020/8/22 11:37:29 , Normal] -> 接受数据 : EE,02,01,00,F1,FF, 
 [2020/8/22 11:37:29 , Normal] -> 接受数据 : EE,42,03,00,00,1E,51,FF, 
 [2020/8/22 11:37:29 , Normal] -> 接受数据 : EE,42,03,00,00,1E,51,FF, 
 [2020/8/22 11:37:29 , Normal] -> 接受数据 : EE,02,01,00,F1,FF, 
 [2020/8/22 11:37:29 , Normal] -> 接受数据 : EE,42,03,00,00,28,5B,FF, 
 [2020/8/22 11:37:29 , Normal] -> 接受数据 : EE,42,03,00,00,28,5B,FF, 
 [2020/8/22 11:37:30 , Normal] -> 接受数据 : EE,02,01,00,F1,FF, 
 [2020/8/22 11:37:30 , Normal] -> 接受数据 : EE,42,03,00,00,32,65,FF, 
 [2020/8/22 11:37:30 , Normal] -> 接受数据 : EE,42,03,00,00,32,65,FF, 
 [2020/8/22 11:37:30 , Normal] -> 接受数据 : EE,02,01,00,F1,FF, 
 [2020/8/22 11:37:30 , Normal] -> 接受数据 : EE,42,03,00,00,3C,6F,FF, 
 [2020/8/22 11:37:30 , Normal] -> 接受数据 : EE,42,03,00,00,3C,6F,FF, 
 [2020/8/22 11:37:30 , Normal] -> 接受数据 : EE,02,01,00,F1,FF, 
 [2020/8/22 11:37:30 , Normal] -> 接受数据 : EE,42,03,00,00,46,79,FF, 
 [2020/8/22 11:37:30 , Normal] -> 接受数据 : EE,42,03,00,00,46,79,FF, 
 [2020/8/22 11:37:30 , Normal] -> 接受数据 : EE,02,01,00,F1,FF, 
 [2020/8/22 11:37:30 , Normal] -> 接受数据 : EE,42,03,00,00,50,83,FF, 
 [2020/8/22 11:37:30 , Normal] -> 接受数据 : EE,42,03,00,00,50,83,FF, 
 [2020/8/22 11:37:30 , Normal] -> 接受数据 : EE,02,01,00,F1,FF, 
 [2020/8/22 11:37:30 , Normal] -> 接受数据 : EE,42,03,00,00,5A,8D,FF, 
 [2020/8/22 11:37:31 , Normal] -> 接受数据 : EE,42,03,00,00,5A,8D,FF, 
 [2020/8/22 11:37:31 , Normal] -> 接受数据 : EE,02,01,00,F1,FF, 
 [2020/8/22 11:37:31 , Normal] -> 接受数据 : EE,42,03,00,00,50,83,FF, 
 [2020/8/22 11:37:32 , Normal] -> 接受数据 : EE,42,03,00,00,50,83,FF, 
 [2020/8/22 11:37:32 , Normal] -> 接受数据 : EE,02,01,00,F1,FF, 
 [2020/8/22 11:37:32 , Normal] -> 接受数据 : EE,42,03,00,00,46,79,FF, 
 [2020/8/22 11:37:32 , Normal] -> 接受数据 : EE,42,03,00,00,46,79,FF, 
 [2020/8/22 11:37:32 , Normal] -> 接受数据 : EE,02,01,00,F1,FF, 
 [2020/8/22 11:37:32 , Normal] -> 接受数据 : EE,42,03,00,00,3C,6F,FF, 
 [2020/8/22 11:37:32 , Normal] -> 接受数据 : EE,42,03,00,00,3C,6F,FF, 
 [2020/8/22 11:37:32 , Normal] -> 接受数据 : EE,02,01,00,F1,FF, 
 [2020/8/22 11:37:32 , Normal] -> 接受数据 : EE,42,03,00,00,32,65,FF, 
 [2020/8/22 11:37:32 , Normal] -> 接受数据 : EE,42,03,00,00,32,65,FF, 
 [2020/8/22 11:37:32 , Normal] -> 接受数据 : EE,02,01,00,F1,FF, 
 [2020/8/22 11:37:32 , Normal] -> 接受数据 : EE,42,03,00,00,28,5B,FF, 
 [2020/8/22 11:37:36 , Normal] -> 接受数据 : EE,52,01,00,41,FF, 
 [2020/8/22 11:37:36 , Normal] -> 接受数据 : EE,42,03,00,00,00,33,FF, 
 [2020/8/22 11:37:41 , Normal] -> 接受数据 : EE,41,03,00,00,00,32,FF, 
 [2020/8/22 11:37:41 , Normal] -> 接受数据 : EE,01,01,00,F0,FF, 
 [2020/8/22 11:37:41 , Normal] -> 接受数据 : EE,41,03,00,00,0A,3C,FF, 
 [2020/8/22 11:37:41 , Normal] -> 接受数据 : EE,41,03,00,00,0A,3C,FF, 
 [2020/8/22 11:37:41 , Normal] -> 接受数据 : EE,01,01,00,F0,FF, 
 [2020/8/22 11:37:41 , Normal] -> 接受数据 : EE,41,03,00,00,14,46,FF, 
 [2020/8/22 11:37:44 , Normal] -> 接受数据 : EE,41,03,00,00,14,46,FF, 
 [2020/8/22 11:37:44 , Normal] -> 接受数据 : EE,01,01,00,F0,FF, 
 [2020/8/22 11:37:44 , Normal] -> 接受数据 : EE,41,03,00,00,1E,50,FF, 
 [2020/8/22 11:37:45 , Normal] -> 接受数据 : EE,41,03,00,00,1E,50,FF, 
 [2020/8/22 11:37:45 , Normal] -> 接受数据 : EE,01,01,00,F0,FF, 
 [2020/8/22 11:37:45 , Normal] -> 接受数据 : EE,41,03,00,00,28,5A,FF, 
 [2020/8/22 11:37:45 , Normal] -> 接受数据 : EE,41,03,00,00,28,5A,FF, 
 [2020/8/22 11:37:45 , Normal] -> 接受数据 : EE,01,01,00,F0,FF, 
 [2020/8/22 11:37:45 , Normal] -> 接受数据 : EE,41,03,00,00,32,64,FF, 
 [2020/8/22 11:37:46 , Normal] -> 接受数据 : EE,41,03,00,00,32,64,FF, 
 [2020/8/22 11:37:46 , Normal] -> 接受数据 : EE,01,01,00,F0,FF, 
 [2020/8/22 11:37:46 , Normal] -> 接受数据 : EE,41,03,00,00,28,5A,FF, 
 [2020/8/22 11:37:46 , Normal] -> 接受数据 : EE,41,03,00,00,28,5A,FF, 
 [2020/8/22 11:37:47 , Normal] -> 接受数据 : EE,01,01,00,F0,FF, 
 [2020/8/22 11:37:47 , Normal] -> 接受数据 : EE,41,03,00,00,1E,50,FF, 
 [2020/8/22 11:37:47 , Normal] -> 接受数据 : EE,41,03,00,00,1E,50,FF, 
 [2020/8/22 11:37:47 , Normal] -> 接受数据 : EE,01,01,00,F0,FF, 
 [2020/8/22 11:37:47 , Normal] -> 接受数据 : EE,41,03,00,00,14,46,FF, 
 [2020/8/22 11:37:49 , Normal] -> 接受数据 : EE,41,03,00,00,14,46,FF, 
 [2020/8/22 11:37:49 , Normal] -> 接受数据 : EE,01,01,00,F0,FF, 
 [2020/8/22 11:37:49 , Normal] -> 接受数据 : EE,41,03,00,00,0A,3C,FF, 
 [2020/8/22 11:37:49 , Normal] -> 接受数据 : EE,41,03,00,00,0A,3C,FF, 
 [2020/8/22 11:37:49 , Normal] -> 接受数据 : EE,01,01,00,F0,FF, 
 [2020/8/22 11:37:49 , Normal] -> 接受数据 : EE,41,03,00,00,00,32,FF, 
 [2020/8/22 11:37:51 , Normal] -> 接受数据 : EE,43,03,00,00,00,34,FF, 
 [2020/8/22 11:37:51 , Normal] -> 接受数据 : EE,03,01,00,F2,FF, 
 [2020/8/22 11:37:51 , Normal] -> 接受数据 : EE,43,03,00,00,0A,3E,FF, 
 [2020/8/22 11:37:52 , Normal] -> 接受数据 : EE,43,03,00,00,0A,3E,FF, 
 [2020/8/22 11:37:52 , Normal] -> 接受数据 : EE,03,01,00,F2,FF, 
 [2020/8/22 11:37:52 , Normal] -> 接受数据 : EE,43,03,00,00,14,48,FF, 
 [2020/8/22 11:37:52 , Normal] -> 接受数据 : EE,43,03,00,00,14,48,FF, 
 [2020/8/22 11:37:52 , Normal] -> 接受数据 : EE,03,01,00,F2,FF, 
 [2020/8/22 11:37:52 , Normal] -> 接受数据 : EE,43,03,00,00,1E,52,FF, 
 [2020/8/22 11:37:53 , Normal] -> 接受数据 : EE,43,03,00,00,1E,52,FF, 
 [2020/8/22 11:37:53 , Normal] -> 接受数据 : EE,03,01,00,F2,FF, 
 [2020/8/22 11:37:53 , Normal] -> 接受数据 : EE,43,03,00,00,28,5C,FF, 
 [2020/8/22 11:37:53 , Normal] -> 接受数据 : EE,43,03,00,00,28,5C,FF, 
 [2020/8/22 11:37:53 , Normal] -> 接受数据 : EE,03,01,00,F2,FF, 
 [2020/8/22 11:37:53 , Normal] -> 接受数据 : EE,43,03,00,00,32,66,FF, 
 [2020/8/22 11:37:53 , Normal] -> 接受数据 : EE,43,03,00,00,32,66,FF, 
 [2020/8/22 11:37:54 , Normal] -> 接受数据 : EE,03,01,00,F2,FF, 
 [2020/8/22 11:37:54 , Normal] -> 接受数据 : EE,43,03,00,00,28,5C,FF, 
 [2020/8/22 11:37:54 , Normal] -> 接受数据 : EE,43,03,00,00,28,5C,FF, 
 [2020/8/22 11:37:54 , Normal] -> 接受数据 : EE,03,01,00,F2,FF, 
 [2020/8/22 11:37:54 , Normal] -> 接受数据 : EE,43,03,00,00,1E,52,FF, 
 [2020/8/22 11:37:54 , Normal] -> 接受数据 : EE,43,03,00,00,1E,52,FF, 
 [2020/8/22 11:37:54 , Normal] -> 接受数据 : EE,03,01,00,F2,FF, 
 [2020/8/22 11:37:54 , Normal] -> 接受数据 : EE,43,03,00,00,14,48,FF, 
 [2020/8/22 11:39:25 , Normal] -> 接受数据 : EE,44,03,00,00,00,35,FF, 
 [2020/8/22 11:39:25 , Normal] -> 接受数据 : EE,04,01,00,F3,FF, 
 [2020/8/22 11:39:25 , Normal] -> 接受数据 : EE,44,03,00,00,0A,3F,FF, 
 [2020/8/22 11:39:27 , Normal] -> 接受数据 : EE,44,03,00,00,0A,3F,FF, 
 [2020/8/22 11:39:27 , Normal] -> 接受数据 : EE,04,01,00,F3,FF, 
 [2020/8/22 11:39:27 , Normal] -> 接受数据 : EE,44,03,00,00,00,35,FF, 
 [2020/8/22 11:39:27 , Normal] -> 接受数据 : EE,44,03,00,00,00,35,FF, 
 [2020/8/22 11:39:27 , Normal] -> 接受数据 : EE,04,01,00,F3,FF, 
 [2020/8/22 11:39:27 , Normal] -> 接受数据 : EE,44,03,00,00,00,35,FF, 
 [2020/8/22 11:39:29 , Normal] -> 接受数据 : EE,45,03,00,00,00,36,FF, 
 [2020/8/22 11:39:30 , Normal] -> 接受数据 : EE,05,01,00,F4,FF, 
 [2020/8/22 11:39:30 , Normal] -> 接受数据 : EE,45,03,00,00,0A,40,FF, 
 [2020/8/22 11:39:30 , Normal] -> 接受数据 : EE,45,03,00,00,0A,40,FF, 
 [2020/8/22 11:39:30 , Normal] -> 接受数据 : EE,05,01,00,F4,FF, 
 [2020/8/22 11:39:30 , Normal] -> 接受数据 : EE,45,03,00,00,14,4A,FF, 
 [2020/8/22 11:39:30 , Normal] -> 接受数据 : EE,45,03,00,00,14,4A,FF, 
 [2020/8/22 11:39:31 , Normal] -> 接受数据 : EE,05,01,00,F4,FF, 
 [2020/8/22 11:39:31 , Normal] -> 接受数据 : EE,45,03,00,00,1E,54,FF, 
 [2020/8/22 11:39:33 , Normal] -> 接受数据 : EE,45,03,00,00,1E,54,FF, 
 [2020/8/22 11:39:34 , Normal] -> 接受数据 : EE,05,01,00,F4,FF, 
 [2020/8/22 11:39:34 , Normal] -> 接受数据 : EE,45,03,00,00,50,86,FF, 
 [2020/8/22 11:39:34 , Normal] -> 接受数据 : EE,45,03,00,00,50,86,FF, 
 [2020/8/22 11:39:35 , Normal] -> 接受数据 : EE,05,01,00,F4,FF, 
 [2020/8/22 11:39:35 , Normal] -> 接受数据 : EE,45,03,00,00,82,B8,FF, 
 [2020/8/22 11:39:35 , Normal] -> 接受数据 : EE,45,03,00,00,82,B8,FF, 
 [2020/8/22 11:39:36 , Normal] -> 接受数据 : EE,05,01,00,F4,FF, 
 [2020/8/22 11:39:36 , Normal] -> 接受数据 : EE,45,03,00,00,B4,EA,FF, 
 [2020/8/22 11:39:37 , Normal] -> 接受数据 : EE,45,03,00,00,B4,EA,FF, 
 [2020/8/22 11:39:37 , Normal] -> 接受数据 : EE,05,01,00,F4,FF, 
 [2020/8/22 11:39:37 , Normal] -> 接受数据 : EE,45,03,00,00,E6,1C,FF, 
 [2020/8/22 11:39:41 , Normal] -> 接受数据 : EE,55,01,00,44,FF, 
 [2020/8/22 11:39:41 , Normal] -> 接受数据 : EE,45,03,00,00,00,36,FF, 
 [2020/8/22 11:39:46 , Normal] -> 接受数据 : EE,53,01,00,42,FF, 
 [2020/8/22 11:39:46 , Normal] -> 接受数据 : EE,43,03,00,00,00,34,FF, 
 [2020/8/22 11:57:12 , Normal] -> 添加路由! 
 [2020/8/22 11:57:12 , Normal] -> 服务器启动成功 
 [2020/8/22 11:57:12 , Normal] -> 连接控制成功 
 [2020/8/22 11:57:12 , Normal] -> 接受数据 : EE,30,01,00,1F,FF, 
 [2020/8/22 11:57:36 , Normal] -> 接受数据 : EE,10,01,00,FF,FF, 
 [2020/8/22 11:57:59 , Normal] -> 接受数据 : EE,10,01,00,FF,FF, 
 [2020/8/22 11:58:04 , Normal] -> 接受数据 : EE,10,01,00,FF,FF, 
 [2020/8/22 11:58:05 , Normal] -> 接受数据 : EE,10,01,00,FF,FF, 
 [2020/8/22 11:58:05 , Normal] -> 接受数据 : EE,10,01,00,FF,FF, 
 [2020/8/22 11:58:06 , Normal] -> 接受数据 : EE,10,01,00,FF,FF, 
 [2020/8/22 11:58:06 , Normal] -> 接受数据 : EE,10,01,00,FF,FF, 
 [2020/8/22 11:58:09 , Normal] -> 接受数据 : EE,10,01,00,FF,FF, 
 [2020/8/22 11:58:09 , Normal] -> 接受数据 : EE,10,01,00,FF,FF, 
 [2020/8/22 11:58:10 , Normal] -> 接受数据 : EE,10,01,00,FF,FF, 
 [2020/8/22 11:58:10 , Normal] -> 接受数据 : EE,10,01,00,FF,FF, 
 [2020/8/22 11:58:10 , Normal] -> 接受数据 : EE,10,01,00,FF,FF, 
 [2020/8/22 12:20:48 , Normal] -> 添加路由! 
 [2020/8/22 12:20:48 , Normal] -> 服务器启动成功 
 [2020/8/22 12:20:48 , Normal] -> 连接控制成功 
 [2020/8/22 12:20:48 , Normal] -> 接受数据 : EE,30,01,00,1F,FF, 
 [2020/8/22 12:21:33 , Normal] -> 接受数据 : EE,21,01,00,10,FF, 
 [2020/8/22 12:21:44 , Normal] -> 接受数据 : EE,20,01,00,0F,FF, 
 [2020/8/22 12:21:58 , Normal] -> 接受数据 : EE,21,01,00,10,FF, 
 [2020/8/22 12:22:04 , Normal] -> 接受数据 : EE,20,01,00,0F,FF, 
 [2020/8/22 12:22:08 , Normal] -> 接受数据 : EE,21,01,00,10,FF, 
 [2020/8/22 12:22:10 , Normal] -> 接受数据 : EE,20,01,00,0F,FF, 
 [2020/8/22 12:22:11 , Normal] -> 接受数据 : EE,21,01,00,10,FF, 
 [2020/8/22 12:22:12 , Normal] -> 接受数据 : EE,20,01,00,0F,FF, 
 [2020/8/22 12:22:19 , Normal] -> 接受数据 : EE,21,01,00,10,FF, 
 [2020/8/22 12:22:21 , Normal] -> 接受数据 : EE,21,01,00,10,FF, 
 [2020/8/22 12:46:18 , Normal] -> 接受数据 : EE,05,01,00,F4,FF, 
 [2020/8/22 12:47:39 , Normal] -> 接受数据 : EE,04,01,00,F3,FF, 
 [2020/8/22 12:48:08 , Normal] -> 接受数据 : EE,03,01,00,F2,FF, 
 [2020/8/22 12:49:04 , Normal] -> 接受数据 : EE,55,01,00,44,FF, 
 [2020/8/22 12:50:15 , Normal] -> 接受数据 : EE,01,01,00,F0,FF, 
 [2020/8/22 12:51:00 , Normal] -> 接受数据 : EE,02,01,00,F1,FF, 
 [2020/8/22 12:51:53 , Normal] -> 接受数据 : EE,21,01,00,10,FF, 
 [2020/8/22 12:52:15 , Normal] -> 接受数据 : EE,20,01,00,0F,FF, 
 